Log file open, 11/20/21 21:58:09
LogWindows: Failed to load 'aqProf.dll' (GetLastError=126)
LogWindows: File 'aqProf.dll' does not exist
LogWindows: Failed to load 'VtuneApi.dll' (GetLastError=126)
LogWindows: File 'VtuneApi.dll' does not exist
LogWindows: Failed to load 'VtuneApi32e.dll' (GetLastError=126)
LogWindows: File 'VtuneApi32e.dll' does not exist
LogConsoleResponse: Display: Failed to find resolution value strings in scalability ini. Falling back to default.
LogConsoleResponse: Display: Failed to find resolution value strings in scalability ini. Falling back to default.
LogInit: Display: Running engine for game: FamilyReunionDinner2
LogPlatformFile: Not using cached read wrapper
LogTaskGraph: Started task graph with 5 named threads and 35 total threads with 3 sets of task threads.
LogStats: Stats thread started at 0.782655
LogICUInternationalization: ICU TimeZone Detection - Raw Offset: -5:00, Platform Override: ''
LogInit: Display: Loading text-based GConfig....
LogPluginManager: Mounting plugin MeshPainting
LogPluginManager: Mounting plugin XGEController
LogPluginManager: Mounting plugin Paper2D
LogPluginManager: Mounting plugin AISupport
LogPluginManager: Mounting plugin EnvironmentQueryEditor
LogPluginManager: Mounting plugin CameraShakePreviewer
LogPluginManager: Mounting plugin LightPropagationVolume
LogPluginManager: Mounting plugin GameplayCameras
LogPluginManager: Mounting plugin LiveLink
LogPluginManager: Mounting plugin OodleNetwork
LogPluginManager: Mounting plugin OodleData
LogPluginManager: Mounting plugin AssetManagerEditor
LogPluginManager: Mounting plugin CryptoKeys
LogPluginManager: Mounting plugin CurveEditorTools
LogPluginManager: Mounting plugin DataValidation
LogPluginManager: Mounting plugin GameplayTagsEditor
LogPluginManager: Mounting plugin GeometryMode
LogPluginManager: Mounting plugin FacialAnimation
LogPluginManager: Mounting plugin MacGraphicsSwitching
LogPluginManager: Mounting plugin MaterialAnalyzer
LogPluginManager: Mounting plugin MobileLauncherProfileWizard
LogPluginManager: Mounting plugin PluginBrowser
LogPluginManager: Mounting plugin SpeedTreeImporter
LogPluginManager: Mounting plugin AlembicImporter
LogPluginManager: Mounting plugin AutomationUtils
LogPluginManager: Mounting plugin BackChannel
LogPluginManager: Mounting plugin ChaosCloth
LogPluginManager: Mounting plugin ChaosClothEditor
LogPluginManager: Mounting plugin ChaosEditor
LogPluginManager: Mounting plugin ChaosNiagara
LogPluginManager: Mounting plugin ChaosSolverPlugin
LogPluginManager: Mounting plugin CharacterAI
LogPluginManager: Mounting plugin GeometryCache
LogPluginManager: Mounting plugin GeometryProcessing
LogPluginManager: Mounting plugin GeometryCollectionPlugin
LogPluginManager: Mounting plugin MotoSynth
LogPluginManager: Mounting plugin OpenImageDenoise
LogPluginManager: Mounting plugin PlanarCut
LogPluginManager: Mounting plugin PlatformCrypto
LogPluginManager: Mounting plugin PythonScriptPlugin
LogPluginManager: Mounting plugin ProxyLODPlugin
LogPluginManager: Mounting plugin SkeletalReduction
LogPluginManager: Mounting plugin Niagara
LogPluginManager: Mounting plugin DatasmithContent
LogPluginManager: Mounting plugin LuminPlatformFeatures
LogPluginManager: Mounting plugin MagicLeap
LogPluginManager: Mounting plugin VariantManagerContent
LogPluginManager: Mounting plugin MagicLeapMedia
LogPluginManager: Mounting plugin MagicLeapLightEstimation
LogPluginManager: Mounting plugin MagicLeapPassableWorld
LogPluginManager: Mounting plugin MLSDK
LogPluginManager: Mounting plugin AndroidMedia
LogPluginManager: Mounting plugin AvfMedia
LogPluginManager: Mounting plugin ImgMedia
LogPluginManager: Mounting plugin MediaCompositing
LogPluginManager: Mounting plugin MediaPlayerEditor
LogPluginManager: Mounting plugin WmfMedia
LogPluginManager: Mounting plugin WebMMedia
LogPluginManager: Mounting plugin ActorSequence
LogPluginManager: Mounting plugin TcpMessaging
LogPluginManager: Mounting plugin UdpMessaging
LogPluginManager: Mounting plugin LevelSequenceEditor
LogPluginManager: Mounting plugin MatineeToLevelSequence
LogPluginManager: Mounting plugin TemplateSequence
LogPluginManager: Mounting plugin OnlineSubsystem
LogPluginManager: Mounting plugin OnlineSubsystemNull
LogPluginManager: Mounting plugin LauncherChunkInstaller
LogPluginManager: Mounting plugin OnlineSubsystemUtils
LogPluginManager: Mounting plugin ActorLayerUtilities
LogPluginManager: Mounting plugin AndroidDeviceProfileSelector
LogPluginManager: Mounting plugin AndroidMoviePlayer
LogPluginManager: Mounting plugin AndroidPermission
LogPluginManager: Mounting plugin AppleImageUtils
LogPluginManager: Mounting plugin AppleMoviePlayer
LogPluginManager: Mounting plugin ArchVisCharacter
LogPluginManager: Mounting plugin AssetTags
LogPluginManager: Mounting plugin AudioCapture
LogPluginManager: Mounting plugin AudioSynesthesia
LogPluginManager: Mounting plugin CableComponent
LogPluginManager: Mounting plugin ChunkDownloader
LogPluginManager: Mounting plugin CustomMeshComponent
LogPluginManager: Mounting plugin EditableMesh
LogPluginManager: Mounting plugin ExampleDeviceProfileSelector
LogPluginManager: Mounting plugin GooglePAD
LogPluginManager: Mounting plugin GoogleCloudMessaging
LogPluginManager: Mounting plugin IOSDeviceProfileSelector
LogPluginManager: Mounting plugin LinuxDeviceProfileSelector
LogPluginManager: Mounting plugin LocationServicesBPLibrary
LogPluginManager: Mounting plugin MobilePatchingUtils
LogPluginManager: Mounting plugin OpenXREyeTracker
LogPluginManager: Mounting plugin OpenXR
LogPluginManager: Mounting plugin OpenXRHandTracking
LogPluginManager: Mounting plugin PhysXVehicles
LogPluginManager: Mounting plugin PostSplashScreen
LogPluginManager: Mounting plugin ProceduralMeshComponent
LogPluginManager: Mounting plugin PropertyAccessEditor
LogPluginManager: Mounting plugin SignificanceManager
LogPluginManager: Mounting plugin RuntimePhysXCooking
LogPluginManager: Mounting plugin SoundFields
LogPluginManager: Mounting plugin Synthesis
LogPluginManager: Mounting plugin WebMMoviePlayer
LogPluginManager: Mounting plugin WindowsMoviePlayer
LogPluginManager: Mounting plugin ScreenshotTools
LogPluginManager: Mounting plugin AnimationSharing
LogPluginManager: Mounting plugin CLionSourceCodeAccess
LogPluginManager: Mounting plugin Takes
LogPluginManager: Mounting plugin CodeLiteSourceCodeAccess
LogPluginManager: Mounting plugin GitSourceControl
LogPluginManager: Mounting plugin NullSourceCodeAccess
LogPluginManager: Mounting plugin PerforceSourceControl
LogPluginManager: Mounting plugin PixWinPlugin
LogPluginManager: Mounting plugin PlasticSourceControl
LogPluginManager: Mounting plugin PluginUtils
LogPluginManager: Mounting plugin KDevelopSourceCodeAccess
LogPluginManager: Mounting plugin PropertyAccessNode
LogPluginManager: Mounting plugin RiderSourceCodeAccess
LogPluginManager: Mounting plugin SubversionSourceControl
LogPluginManager: Mounting plugin TextureFormatOodle
LogPluginManager: Mounting plugin VisualStudioCodeSourceCodeAccess
LogPluginManager: Mounting plugin UObjectPlugin
LogPluginManager: Mounting plugin VisualStudioSourceCodeAccess
LogPluginManager: Mounting plugin XCodeSourceCodeAccess
LogPluginManager: Mounting plugin ContentBrowserClassDataSource
LogPluginManager: Mounting plugin ContentBrowserAssetDataSource
LogPluginManager: Mounting plugin ContentBrowserFileDataSource
LogPluginManager: Mounting plugin OnlineSubsystemIOS
LogPluginManager: Mounting plugin OnlineSubsystemGooglePlay
LogPluginManager: Mounting plugin OculusVR
LogPluginManager: Mounting plugin SteamVR
LogInit: Using libcurl 7.55.1-DEV
LogInit:  - built for x86_64-pc-win32
LogInit:  - supports SSL with OpenSSL/1.1.1
LogInit:  - supports HTTP deflate (compression) using libz 1.2.8
LogInit:  - other features:
LogInit:      CURL_VERSION_SSL
LogInit:      CURL_VERSION_LIBZ
LogInit:      CURL_VERSION_IPV6
LogInit:      CURL_VERSION_ASYNCHDNS
LogInit:      CURL_VERSION_LARGEFILE
LogInit:      CURL_VERSION_IDN
LogInit:  CurlRequestOptions (configurable via config and command line):
LogInit:  - bVerifyPeer = true  - Libcurl will verify peer certificate
LogInit:  - bUseHttpProxy = false  - Libcurl will NOT use HTTP proxy
LogInit:  - bDontReuseConnections = false  - Libcurl will reuse connections
LogInit:  - MaxHostConnections = 16  - Libcurl will limit the number of connections to a host
LogInit:  - LocalHostAddr = Default
LogInit:  - BufferSize = 65536
LogOnline: OSS: Creating online subsystem instance for: NULL
LogInit: WinSock: version 1.1 (2.2), MaxSocks=32767, MaxUdp=65467
LogOnline: OSS: TryLoadSubsystemAndSetDefault: Loaded subsystem for module [NULL]
PixWinPlugin: PIX capture plugin failed to initialize! Check that the process is launched from PIX.
LogOculusPluginWrapper: OculusPlugin initialized successfully
LogHMD: Failed initializing OVRPlugin 1.59.0
LogInit: Build: ++UE4+Release-4.27-CL-0
LogInit: Engine Version: 4.27.1-0+++UE4+Release-4.27
LogInit: Compatible Engine Version: 4.27.0-0+++UE4+Release-4.27
LogInit: Net CL: 0
LogInit: OS: Windows 10 (Release 2004) (), CPU: Intel(R) Core(TM) i7-9750H CPU @ 2.60GHz, GPU: Intel(R) UHD Graphics 630
LogInit: Compiled (64-bit): Oct 15 2021 16:09:25
LogInit: Compiled with Visual C++: 19.16.27045.00
LogInit: Build Configuration: Development
LogInit: Branch Name: ++UE4+Release-4.27
LogInit: Command Line: 
LogInit: Base Directory: D:/G/User/Tools/UnrealEngine-release2/Engine/Binaries/Win64/
LogInit: Allocator: TBB
LogInit: Installed Engine Build: 0
LogDevObjectVersion: Number of dev versions registered: 29
LogDevObjectVersion:   Dev-Blueprints (B0D832E4-1F89-4F0D-ACCF-7EB736FD4AA2): 10
LogDevObjectVersion:   Dev-Build (E1C64328-A22C-4D53-A36C-8E866417BD8C): 0
LogDevObjectVersion:   Dev-Core (375EC13C-06E4-48FB-B500-84F0262A717E): 4
LogDevObjectVersion:   Dev-Editor (E4B068ED-F494-42E9-A231-DA0B2E46BB41): 40
LogDevObjectVersion:   Dev-Framework (CFFC743F-43B0-4480-9391-14DF171D2073): 37
LogDevObjectVersion:   Dev-Mobile (B02B49B5-BB20-44E9-A304-32B752E40360): 3
LogDevObjectVersion:   Dev-Networking (A4E4105C-59A1-49B5-A7C5-40C4547EDFEE): 0
LogDevObjectVersion:   Dev-Online (39C831C9-5AE6-47DC-9A44-9C173E1C8E7C): 0
LogDevObjectVersion:   Dev-Physics (78F01B33-EBEA-4F98-B9B4-84EACCB95AA2): 14
LogDevObjectVersion:   Dev-Platform (6631380F-2D4D-43E0-8009-CF276956A95A): 0
LogDevObjectVersion:   Dev-Rendering (12F88B9F-8875-4AFC-A67C-D90C383ABD29): 45
LogDevObjectVersion:   Dev-Sequencer (7B5AE74C-D270-4C10-A958-57980B212A5A): 13
LogDevObjectVersion:   Dev-VR (D7296918-1DD6-4BDD-9DE2-64A83CC13884): 3
LogDevObjectVersion:   Dev-LoadTimes (C2A15278-BFE7-4AFE-6C17-90FF531DF755): 1
LogDevObjectVersion:   Private-Geometry (6EACA3D4-40EC-4CC1-B786-8BED09428FC5): 3
LogDevObjectVersion:   Dev-AnimPhys (29E575DD-E0A3-4627-9D10-D276232CDCEA): 17
LogDevObjectVersion:   Dev-Anim (AF43A65D-7FD3-4947-9873-3E8ED9C1BB05): 15
LogDevObjectVersion:   Dev-ReflectionCapture (6B266CEC-1EC7-4B8F-A30B-E4D90942FC07): 1
LogDevObjectVersion:   Dev-Automation (0DF73D61-A23F-47EA-B727-89E90C41499A): 1
LogDevObjectVersion:   FortniteMain (601D1886-AC64-4F84-AA16-D3DE0DEAC7D6): 47
LogDevObjectVersion:   FortniteRelease (E7086368-6B23-4C58-8439-1B7016265E91): 1
LogDevObjectVersion:   Dev-Enterprise (9DFFBCD6-494F-0158-E221-12823C92A888): 10
LogDevObjectVersion:   Dev-Niagara (F2AED0AC-9AFE-416F-8664-AA7FFA26D6FC): 1
LogDevObjectVersion:   Dev-Destruction (174F1F0B-B4C6-45A5-B13F-2EE8D0FB917D): 10
LogDevObjectVersion:   Dev-Physics-Ext (35F94A83-E258-406C-A318-09F59610247C): 41
LogDevObjectVersion:   Dev-PhysicsMaterial-Chaos (B68FC16E-8B1B-42E2-B453-215C058844FE): 1
LogDevObjectVersion:   Dev-CineCamera (B2E18506-4273-CFC2-A54E-F4BB758BBA07): 1
LogDevObjectVersion:   Dev-VirtualProduction (64F58936-FD1B-42BA-BA96-7289D5D0FA4E): 1
LogDevObjectVersion:   Dev-MediaFramework (6F0ED827-A609-4895-9C91-998D90180EA4): 2
LogInit: Presizing for max 25165824 objects, including 0 objects not considered by GC, pre-allocating 0 bytes for permanent pool.
LogConfig: Applying CVar settings from Section [/Script/Engine.StreamingSettings] File [D:/I/Sousaku/FamilyReunionDinner/FamilyReunionDinner2/Saved/Config/Windows/Engine.ini]
LogConfig: Setting CVar [[s.MinBulkDataSizeForAsyncLoading:131072]]
LogConfig: Setting CVar [[s.AsyncLoadingThreadEnabled:0]]
LogConfig: Setting CVar [[s.EventDrivenLoaderEnabled:1]]
LogConfig: Setting CVar [[s.WarnIfTimeLimitExceeded:0]]
LogConfig: Setting CVar [[s.TimeLimitExceededMultiplier:1.5]]
LogConfig: Setting CVar [[s.TimeLimitExceededMinTime:0.005]]
LogConfig: Setting CVar [[s.UseBackgroundLevelStreaming:1]]
LogConfig: Setting CVar [[s.PriorityAsyncLoadingExtraTime:15.0]]
LogConfig: Setting CVar [[s.LevelStreamingActorsUpdateTimeLimit:5.0]]
LogConfig: Setting CVar [[s.PriorityLevelStreamingActorsUpdateExtraTime:5.0]]
LogConfig: Setting CVar [[s.LevelStreamingComponentsRegistrationGranularity:10]]
LogConfig: Setting CVar [[s.UnregisterComponentsTimeLimit:1.0]]
LogConfig: Setting CVar [[s.LevelStreamingComponentsUnregistrationGranularity:5]]
LogConfig: Setting CVar [[s.FlushStreamingOnExit:1]]
LogInit: Object subsystem initialized
LogConfig: Setting CVar [[con.DebugEarlyDefault:1]]
LogConfig: Setting CVar [[r.setres:1280x720]]
[2021.11.21-02.58.12:414][  0]LogConfig: Setting CVar [[r.VSync:0]]
[2021.11.21-02.58.12:414][  0]LogConfig: Setting CVar [[r.RHICmdBypass:0]]
[2021.11.21-02.58.12:415][  0]LogConfig: Applying CVar settings from Section [/Script/Engine.RendererSettings] File [D:/I/Sousaku/FamilyReunionDinner/FamilyReunionDinner2/Saved/Config/Windows/Engine.ini]
[2021.11.21-02.58.12:415][  0]LogConfig: Setting CVar [[r.GPUCrashDebugging:0]]
[2021.11.21-02.58.12:415][  0]LogConfig: Setting CVar [[r.Mobile.DisableVertexFog:1]]
[2021.11.21-02.58.12:415][  0]LogConfig: Setting CVar [[r.Shadow.CSM.MaxMobileCascades:2]]
[2021.11.21-02.58.12:415][  0]LogConfig: Setting CVar [[r.MobileMSAA:1]]
[2021.11.21-02.58.12:415][  0]LogConfig: Setting CVar [[r.Mobile.AllowDitheredLODTransition:0]]
[2021.11.21-02.58.12:415][  0]LogConfig: Setting CVar [[r.Mobile.AllowSoftwareOcclusion:0]]
[2021.11.21-02.58.12:415][  0]LogConfig: Setting CVar [[r.Mobile.VirtualTextures:0]]
[2021.11.21-02.58.12:415][  0]LogConfig: Setting CVar [[r.DiscardUnusedQuality:0]]
[2021.11.21-02.58.12:415][  0]LogConfig: Setting CVar [[r.AllowOcclusionQueries:1]]
[2021.11.21-02.58.12:415][  0]LogConfig: Setting CVar [[r.MinScreenRadiusForLights:0.030000]]
[2021.11.21-02.58.12:415][  0]LogConfig: Setting CVar [[r.MinScreenRadiusForDepthPrepass:0.030000]]
[2021.11.21-02.58.12:415][  0]LogConfig: Setting CVar [[r.MinScreenRadiusForCSMDepth:0.010000]]
[2021.11.21-02.58.12:415][  0]LogConfig: Setting CVar [[r.PrecomputedVisibilityWarning:0]]
[2021.11.21-02.58.12:415][  0]LogConfig: Setting CVar [[r.TextureStreaming:1]]
[2021.11.21-02.58.12:415][  0]LogConfig: Setting CVar [[Compat.UseDXT5NormalMaps:0]]
[2021.11.21-02.58.12:415][  0]LogConfig: Setting CVar [[r.VirtualTextures:0]]
[2021.11.21-02.58.12:415][  0]LogConfig: Setting CVar [[r.VT.EnableAutoImport:1]]
[2021.11.21-02.58.12:415][  0]LogConfig: Setting CVar [[r.VirtualTexturedLightmaps:0]]
[2021.11.21-02.58.12:415][  0]LogConfig: Setting CVar [[r.VT.TileSize:128]]
[2021.11.21-02.58.12:415][  0]LogConfig: Setting CVar [[r.VT.TileBorderSize:4]]
[2021.11.21-02.58.12:415][  0]LogConfig: Setting CVar [[r.vt.FeedbackFactor:16]]
[2021.11.21-02.58.12:415][  0]LogConfig: Setting CVar [[r.VT.EnableCompressZlib:1]]
[2021.11.21-02.58.12:415][  0]LogConfig: Setting CVar [[r.VT.EnableCompressCrunch:0]]
[2021.11.21-02.58.12:415][  0]LogConfig: Setting CVar [[r.ClearCoatNormal:0]]
[2021.11.21-02.58.12:415][  0]LogConfig: Setting CVar [[r.ReflectionCaptureResolution:128]]
[2021.11.21-02.58.12:415][  0]LogConfig: Setting CVar [[r.Mobile.ReflectionCaptureCompression:0]]
[2021.11.21-02.58.12:415][  0]LogConfig: Setting CVar [[r.ReflectionEnvironmentLightmapMixBasedOnRoughness:1]]
[2021.11.21-02.58.12:415][  0]LogConfig: Setting CVar [[r.ForwardShading:0]]
[2021.11.21-02.58.12:415][  0]LogConfig: Setting CVar [[r.VertexFoggingForOpaque:1]]
[2021.11.21-02.58.12:415][  0]LogConfig: Setting CVar [[r.AllowStaticLighting:1]]
[2021.11.21-02.58.12:415][  0]LogConfig: Setting CVar [[r.NormalMapsForStaticLighting:0]]
[2021.11.21-02.58.12:415][  0]LogConfig: Setting CVar [[r.GenerateMeshDistanceFields:0]]
[2021.11.21-02.58.12:415][  0]LogConfig: Setting CVar [[r.DistanceFieldBuild.EightBit:0]]
[2021.11.21-02.58.12:415][  0]LogConfig: Setting CVar [[r.GenerateLandscapeGIData:0]]
[2021.11.21-02.58.12:415][  0]LogConfig: Setting CVar [[r.DistanceFieldBuild.Compress:0]]
[2021.11.21-02.58.12:415][  0]LogConfig: Setting CVar [[r.TessellationAdaptivePixelsPerTriangle:48.000000]]
[2021.11.21-02.58.12:415][  0]LogConfig: Setting CVar [[r.SeparateTranslucency:0]]
[2021.11.21-02.58.12:415][  0]LogConfig: Setting CVar [[r.TranslucentSortPolicy:0]]
[2021.11.21-02.58.12:415][  0]LogConfig: Setting CVar [[vr.VRS.HMDFixedFoveationLevel:0]]
[2021.11.21-02.58.12:415][  0]LogConfig: Setting CVar [[r.CustomDepth:1]]
[2021.11.21-02.58.12:415][  0]LogConfig: Setting CVar [[r.CustomDepthTemporalAAJitter:1]]
[2021.11.21-02.58.12:415][  0]LogConfig: Setting CVar [[r.PostProcessing.PropagateAlpha:0]]
[2021.11.21-02.58.12:415][  0]LogConfig: Setting CVar [[r.DefaultFeature.Bloom:1]]
[2021.11.21-02.58.12:415][  0]LogConfig: Setting CVar [[r.DefaultFeature.AmbientOcclusion:0]]
[2021.11.21-02.58.12:415][  0]LogConfig: Setting CVar [[r.DefaultFeature.AmbientOcclusionStaticFraction:1]]
[2021.11.21-02.58.12:415][  0]LogConfig: Setting CVar [[r.DefaultFeature.AutoExposure:0]]
[2021.11.21-02.58.12:416][  0]LogConfig: Setting CVar [[r.DefaultFeature.AutoExposure.Method:0]]
[2021.11.21-02.58.12:416][  0]LogConfig: Setting CVar [[r.DefaultFeature.AutoExposure.Bias:1.000000]]
[2021.11.21-02.58.12:416][  0]LogConfig: Setting CVar [[r.DefaultFeature.AutoExposure.ExtendDefaultLuminanceRange:0]]
[2021.11.21-02.58.12:416][  0]LogConfig: Setting CVar [[r.UsePreExposure:1]]
[2021.11.21-02.58.12:416][  0]LogConfig: Setting CVar [[r.EyeAdaptation.EditorOnly:0]]
[2021.11.21-02.58.12:416][  0]LogConfig: Setting CVar [[r.DefaultFeature.MotionBlur:0]]
[2021.11.21-02.58.12:416][  0]LogConfig: Setting CVar [[r.DefaultFeature.LensFlare:0]]
[2021.11.21-02.58.12:416][  0]LogConfig: Setting CVar [[r.TemporalAA.Upsampling:0]]
[2021.11.21-02.58.12:416][  0]LogConfig: Setting CVar [[r.SSGI.Enable:0]]
[2021.11.21-02.58.12:416][  0]LogConfig: Setting CVar [[r.DefaultFeature.AntiAliasing:0]]
[2021.11.21-02.58.12:416][  0]LogConfig: Setting CVar [[r.DefaultFeature.LightUnits:1]]
[2021.11.21-02.58.12:416][  0]LogConfig: Setting CVar [[r.DefaultBackBufferPixelFormat:4]]
[2021.11.21-02.58.12:416][  0]LogConfig: Setting CVar [[r.Shadow.UnbuiltPreviewInGame:1]]
[2021.11.21-02.58.12:416][  0]LogConfig: Setting CVar [[r.StencilForLODDither:0]]
[2021.11.21-02.58.12:416][  0]LogConfig: Setting CVar [[r.EarlyZPass:3]]
[2021.11.21-02.58.12:417][  0]LogConfig: Setting CVar [[r.EarlyZPassOnlyMaterialMasking:0]]
[2021.11.21-02.58.12:417][  0]LogConfig: Setting CVar [[r.DBuffer:1]]
[2021.11.21-02.58.12:417][  0]LogConfig: Setting CVar [[r.ClearSceneMethod:1]]
[2021.11.21-02.58.12:417][  0]LogConfig: Setting CVar [[r.BasePassOutputsVelocity:0]]
[2021.11.21-02.58.12:417][  0]LogConfig: Setting CVar [[r.VertexDeformationOutputsVelocity:0]]
[2021.11.21-02.58.12:417][  0]LogConfig: Setting CVar [[r.SelectiveBasePassOutputs:0]]
[2021.11.21-02.58.12:417][  0]LogConfig: Setting CVar [[fx.GPUSimulationTextureSizeX:1024]]
[2021.11.21-02.58.12:417][  0]LogConfig: Setting CVar [[fx.GPUSimulationTextureSizeY:1024]]
[2021.11.21-02.58.12:417][  0]LogConfig: Setting CVar [[r.AllowGlobalClipPlane:0]]
[2021.11.21-02.58.12:417][  0]LogConfig: Setting CVar [[r.GBufferFormat:1]]
[2021.11.21-02.58.12:417][  0]LogConfig: Setting CVar [[r.MorphTarget.Mode:1]]
[2021.11.21-02.58.12:417][  0]LogConfig: Setting CVar [[vr.InstancedStereo:0]]
[2021.11.21-02.58.12:417][  0]LogConfig: Setting CVar [[r.MobileHDR:1]]
[2021.11.21-02.58.12:417][  0]LogConfig: Setting CVar [[vr.MobileMultiView:0]]
[2021.11.21-02.58.12:417][  0]LogConfig: Setting CVar [[r.Mobile.UseHWsRGBEncoding:0]]
[2021.11.21-02.58.12:417][  0]LogConfig: Setting CVar [[vr.RoundRobinOcclusion:0]]
[2021.11.21-02.58.12:417][  0]LogConfig: Setting CVar [[vr.ODSCapture:0]]
[2021.11.21-02.58.12:417][  0]LogConfig: Setting CVar [[r.MeshStreaming:0]]
[2021.11.21-02.58.12:417][  0]LogConfig: Setting CVar [[r.WireframeCullThreshold:5.000000]]
[2021.11.21-02.58.12:417][  0]LogConfig: Setting CVar [[r.RayTracing:0]]
[2021.11.21-02.58.12:417][  0]LogConfig: Setting CVar [[r.RayTracing.UseTextureLod:0]]
[2021.11.21-02.58.12:417][  0]LogConfig: Setting CVar [[r.SupportStationarySkylight:1]]
[2021.11.21-02.58.12:417][  0]LogConfig: Setting CVar [[r.SupportLowQualityLightmaps:1]]
[2021.11.21-02.58.12:417][  0]LogConfig: Setting CVar [[r.SupportPointLightWholeSceneShadows:1]]
[2021.11.21-02.58.12:417][  0]LogConfig: Setting CVar [[r.SupportAtmosphericFog:1]]
[2021.11.21-02.58.12:417][  0]LogConfig: Setting CVar [[r.SupportSkyAtmosphere:1]]
[2021.11.21-02.58.12:417][  0]LogConfig: Setting CVar [[r.SupportSkyAtmosphereAffectsHeightFog:0]]
[2021.11.21-02.58.12:417][  0]LogConfig: Setting CVar [[r.SkinCache.CompileShaders:0]]
[2021.11.21-02.58.12:417][  0]LogConfig: Setting CVar [[r.SkinCache.DefaultBehavior:1]]
[2021.11.21-02.58.12:417][  0]LogConfig: Setting CVar [[r.SkinCache.SceneMemoryLimitInMB:128.000000]]
[2021.11.21-02.58.12:417][  0]LogConfig: Setting CVar [[r.Mobile.EnableStaticAndCSMShadowReceivers:1]]
[2021.11.21-02.58.12:417][  0]LogConfig: Setting CVar [[r.Mobile.EnableMovableLightCSMShaderCulling:1]]
[2021.11.21-02.58.12:417][  0]LogConfig: Setting CVar [[r.Mobile.AllowDistanceFieldShadows:1]]
[2021.11.21-02.58.12:417][  0]LogConfig: Setting CVar [[r.Mobile.AllowMovableDirectionalLights:1]]
[2021.11.21-02.58.12:417][  0]LogConfig: Setting CVar [[r.MobileNumDynamicPointLights:4]]
[2021.11.21-02.58.12:417][  0]LogConfig: Setting CVar [[r.MobileDynamicPointLightsUseStaticBranch:1]]
[2021.11.21-02.58.12:417][  0]LogConfig: Setting CVar [[r.Mobile.EnableMovableSpotlights:0]]
[2021.11.21-02.58.12:417][  0]LogConfig: Setting CVar [[r.Mobile.EnableMovableSpotlightsShadow:0]]
[2021.11.21-02.58.12:417][  0]LogConfig: Setting CVar [[r.GPUSkin.Support16BitBoneIndex:0]]
[2021.11.21-02.58.12:417][  0]LogConfig: Setting CVar [[r.GPUSkin.Limit2BoneInfluences:0]]
[2021.11.21-02.58.12:417][  0]LogConfig: Setting CVar [[r.SupportDepthOnlyIndexBuffers:1]]
[2021.11.21-02.58.12:417][  0]LogConfig: Setting CVar [[r.SupportReversedIndexBuffers:1]]
[2021.11.21-02.58.12:417][  0]LogConfig: Setting CVar [[r.LightPropagationVolume:0]]
[2021.11.21-02.58.12:417][  0]LogConfig: Setting CVar [[r.Mobile.AmbientOcclusion:0]]
[2021.11.21-02.58.12:417][  0]LogConfig: Setting CVar [[r.GPUSkin.UnlimitedBoneInfluences:0]]
[2021.11.21-02.58.12:418][  0]LogConfig: Setting CVar [[r.GPUSkin.UnlimitedBoneInfluencesThreshold:8]]
[2021.11.21-02.58.12:418][  0]LogConfig: Setting CVar [[r.Mobile.PlanarReflectionMode:0]]
[2021.11.21-02.58.12:418][  0]LogConfig: Setting CVar [[r.Mobile.SupportsGen4TAA:0]]
[2021.11.21-02.58.12:418][  0]LogConfig: Applying CVar settings from Section [/Script/Engine.RendererOverrideSettings] File [D:/I/Sousaku/FamilyReunionDinner/FamilyReunionDinner2/Saved/Config/Windows/Engine.ini]
[2021.11.21-02.58.12:418][  0]LogConfig: Applying CVar settings from Section [/Script/Engine.StreamingSettings] File [D:/I/Sousaku/FamilyReunionDinner/FamilyReunionDinner2/Saved/Config/Windows/Engine.ini]
[2021.11.21-02.58.12:418][  0]LogConfig: Setting CVar [[s.MinBulkDataSizeForAsyncLoading:131072]]
[2021.11.21-02.58.12:418][  0]LogConfig: Setting CVar [[s.AsyncLoadingThreadEnabled:0]]
[2021.11.21-02.58.12:418][  0]LogConfig: Setting CVar [[s.EventDrivenLoaderEnabled:1]]
[2021.11.21-02.58.12:418][  0]LogConfig: Setting CVar [[s.WarnIfTimeLimitExceeded:0]]
[2021.11.21-02.58.12:418][  0]LogConfig: Setting CVar [[s.TimeLimitExceededMultiplier:1.5]]
[2021.11.21-02.58.12:418][  0]LogConfig: Setting CVar [[s.TimeLimitExceededMinTime:0.005]]
[2021.11.21-02.58.12:418][  0]LogConfig: Setting CVar [[s.UseBackgroundLevelStreaming:1]]
[2021.11.21-02.58.12:418][  0]LogConfig: Setting CVar [[s.PriorityAsyncLoadingExtraTime:15.0]]
[2021.11.21-02.58.12:418][  0]LogConfig: Setting CVar [[s.LevelStreamingActorsUpdateTimeLimit:5.0]]
[2021.11.21-02.58.12:418][  0]LogConfig: Setting CVar [[s.PriorityLevelStreamingActorsUpdateExtraTime:5.0]]
[2021.11.21-02.58.12:418][  0]LogConfig: Setting CVar [[s.LevelStreamingComponentsRegistrationGranularity:10]]
[2021.11.21-02.58.12:418][  0]LogConfig: Setting CVar [[s.UnregisterComponentsTimeLimit:1.0]]
[2021.11.21-02.58.12:418][  0]LogConfig: Setting CVar [[s.LevelStreamingComponentsUnregistrationGranularity:5]]
[2021.11.21-02.58.12:418][  0]LogConfig: Setting CVar [[s.FlushStreamingOnExit:1]]
[2021.11.21-02.58.12:418][  0]LogConfig: Applying CVar settings from Section [/Script/Engine.GarbageCollectionSettings] File [D:/I/Sousaku/FamilyReunionDinner/FamilyReunionDinner2/Saved/Config/Windows/Engine.ini]
[2021.11.21-02.58.12:418][  0]LogConfig: Setting CVar [[gc.MaxObjectsNotConsideredByGC:1]]
[2021.11.21-02.58.12:418][  0]LogConfig: Setting CVar [[gc.SizeOfPermanentObjectPool:0]]
[2021.11.21-02.58.12:418][  0]LogConfig: Setting CVar [[gc.FlushStreamingOnGC:0]]
[2021.11.21-02.58.12:418][  0]LogConfig: Setting CVar [[gc.NumRetriesBeforeForcingGC:10]]
[2021.11.21-02.58.12:418][  0]LogConfig: Setting CVar [[gc.AllowParallelGC:1]]
[2021.11.21-02.58.12:418][  0]LogConfig: Setting CVar [[gc.TimeBetweenPurgingPendingKillObjects:61.1]]
[2021.11.21-02.58.12:418][  0]LogConfig: Setting CVar [[gc.MaxObjectsInEditor:25165824]]
[2021.11.21-02.58.12:418][  0]LogConfig: Setting CVar [[gc.IncrementalBeginDestroyEnabled:1]]
[2021.11.21-02.58.12:418][  0]LogConfig: Setting CVar [[gc.CreateGCClusters:1]]
[2021.11.21-02.58.12:418][  0]LogConfig: Setting CVar [[gc.MinGCClusterSize:5]]
[2021.11.21-02.58.12:418][  0]LogConfig: Setting CVar [[gc.ActorClusteringEnabled:0]]
[2021.11.21-02.58.12:418][  0]LogConfig: Setting CVar [[gc.BlueprintClusteringEnabled:0]]
[2021.11.21-02.58.12:418][  0]LogConfig: Setting CVar [[gc.UseDisregardForGCOnDedicatedServers:0]]
[2021.11.21-02.58.12:418][  0]LogConfig: Setting CVar [[gc.MultithreadedDestructionEnabled:1]]
[2021.11.21-02.58.12:418][  0]LogConfig: Applying CVar settings from Section [/Script/Engine.NetworkSettings] File [D:/I/Sousaku/FamilyReunionDinner/FamilyReunionDinner2/Saved/Config/Windows/Engine.ini]
[2021.11.21-02.58.12:418][  0]LogConfig: Applying CVar settings from Section [/Script/UnrealEd.CookerSettings] File [D:/I/Sousaku/FamilyReunionDinner/FamilyReunionDinner2/Saved/Config/Windows/Engine.ini]
[2021.11.21-02.58.12:442][  0]LogConfig: Applying CVar settings from Section [ViewDistanceQuality@3] File [D:/I/Sousaku/FamilyReunionDinner/FamilyReunionDinner2/Saved/Config/Windows/Scalability.ini]
[2021.11.21-02.58.12:442][  0]LogConfig: Setting CVar [[r.SkeletalMeshLODBias:0]]
[2021.11.21-02.58.12:442][  0]LogConfig: Setting CVar [[r.ViewDistanceScale:1.0]]
[2021.11.21-02.58.12:442][  0]LogConfig: Applying CVar settings from Section [AntiAliasingQuality@3] File [D:/I/Sousaku/FamilyReunionDinner/FamilyReunionDinner2/Saved/Config/Windows/Scalability.ini]
[2021.11.21-02.58.12:442][  0]LogConfig: Setting CVar [[r.PostProcessAAQuality:4]]
[2021.11.21-02.58.12:442][  0]LogConfig: Applying CVar settings from Section [ShadowQuality@3] File [D:/I/Sousaku/FamilyReunionDinner/FamilyReunionDinner2/Saved/Config/Windows/Scalability.ini]
[2021.11.21-02.58.12:442][  0]LogConfig: Setting CVar [[r.LightFunctionQuality:1]]
[2021.11.21-02.58.12:442][  0]LogConfig: Setting CVar [[r.ShadowQuality:5]]
[2021.11.21-02.58.12:442][  0]LogConfig: Setting CVar [[r.Shadow.CSM.MaxCascades:10]]
[2021.11.21-02.58.12:442][  0]LogConfig: Setting CVar [[r.Shadow.MaxResolution:2048]]
[2021.11.21-02.58.12:442][  0]LogConfig: Setting CVar [[r.Shadow.MaxCSMResolution:2048]]
[2021.11.21-02.58.12:442][  0]LogConfig: Setting CVar [[r.Shadow.RadiusThreshold:0.01]]
[2021.11.21-02.58.12:443][  0]LogConfig: Setting CVar [[r.Shadow.DistanceScale:1.0]]
[2021.11.21-02.58.12:443][  0]LogConfig: Setting CVar [[r.Shadow.CSM.TransitionScale:1.0]]
[2021.11.21-02.58.12:443][  0]LogConfig: Setting CVar [[r.Shadow.PreShadowResolutionFactor:1.0]]
[2021.11.21-02.58.12:443][  0]LogConfig: Setting CVar [[r.DistanceFieldShadowing:1]]
[2021.11.21-02.58.12:443][  0]LogConfig: Setting CVar [[r.DistanceFieldAO:1]]
[2021.11.21-02.58.12:443][  0]LogConfig: Setting CVar [[r.AOQuality:2]]
[2021.11.21-02.58.12:443][  0]LogConfig: Setting CVar [[r.VolumetricFog:1]]
[2021.11.21-02.58.12:443][  0]LogConfig: Setting CVar [[r.VolumetricFog.GridPixelSize:8]]
[2021.11.21-02.58.12:443][  0]LogConfig: Setting CVar [[r.VolumetricFog.GridSizeZ:128]]
[2021.11.21-02.58.12:443][  0]LogConfig: Setting CVar [[r.VolumetricFog.HistoryMissSupersampleCount:4]]
[2021.11.21-02.58.12:443][  0]LogConfig: Setting CVar [[r.LightMaxDrawDistanceScale:1]]
[2021.11.21-02.58.12:443][  0]LogConfig: Setting CVar [[r.CapsuleShadows:1]]
[2021.11.21-02.58.12:443][  0]LogConfig: Applying CVar settings from Section [PostProcessQuality@3] File [D:/I/Sousaku/FamilyReunionDinner/FamilyReunionDinner2/Saved/Config/Windows/Scalability.ini]
[2021.11.21-02.58.12:443][  0]LogConfig: Setting CVar [[r.MotionBlurQuality:4]]
[2021.11.21-02.58.12:443][  0]LogConfig: Setting CVar [[r.AmbientOcclusionMipLevelFactor:0.4]]
[2021.11.21-02.58.12:443][  0]LogConfig: Setting CVar [[r.AmbientOcclusionMaxQuality:100]]
[2021.11.21-02.58.12:443][  0]LogConfig: Setting CVar [[r.AmbientOcclusionLevels:-1]]
[2021.11.21-02.58.12:443][  0]LogConfig: Setting CVar [[r.AmbientOcclusionRadiusScale:1.0]]
[2021.11.21-02.58.12:443][  0]LogConfig: Setting CVar [[r.DepthOfFieldQuality:2]]
[2021.11.21-02.58.12:443][  0]LogConfig: Setting CVar [[r.RenderTargetPoolMin:400]]
[2021.11.21-02.58.12:443][  0]LogConfig: Setting CVar [[r.LensFlareQuality:2]]
[2021.11.21-02.58.12:443][  0]LogConfig: Setting CVar [[r.SceneColorFringeQuality:1]]
[2021.11.21-02.58.12:443][  0]LogConfig: Setting CVar [[r.EyeAdaptationQuality:2]]
[2021.11.21-02.58.12:443][  0]LogConfig: Setting CVar [[r.BloomQuality:5]]
[2021.11.21-02.58.12:443][  0]LogConfig: Setting CVar [[r.FastBlurThreshold:100]]
[2021.11.21-02.58.12:443][  0]LogConfig: Setting CVar [[r.Upscale.Quality:3]]
[2021.11.21-02.58.12:443][  0]LogConfig: Setting CVar [[r.Tonemapper.GrainQuantization:1]]
[2021.11.21-02.58.12:443][  0]LogConfig: Setting CVar [[r.LightShaftQuality:1]]
[2021.11.21-02.58.12:443][  0]LogConfig: Setting CVar [[r.Filter.SizeScale:1]]
[2021.11.21-02.58.12:443][  0]LogConfig: Setting CVar [[r.Tonemapper.Quality:5]]
[2021.11.21-02.58.12:443][  0]LogConfig: Setting CVar [[r.DOF.Gather.AccumulatorQuality:1        ; higher gathering accumulator quality]]
[2021.11.21-02.58.12:443][  0]LogConfig: Setting CVar [[r.DOF.Gather.PostfilterMethod:1          ; Median3x3 postfilering method]]
[2021.11.21-02.58.12:443][  0]LogConfig: Setting CVar [[r.DOF.Gather.EnableBokehSettings:0       ; no bokeh simulation when gathering]]
[2021.11.21-02.58.12:443][  0]LogConfig: Setting CVar [[r.DOF.Gather.RingCount:4                 ; medium number of samples when gathering]]
[2021.11.21-02.58.12:443][  0]LogConfig: Setting CVar [[r.DOF.Scatter.ForegroundCompositing:1    ; additive foreground scattering]]
[2021.11.21-02.58.12:443][  0]LogConfig: Setting CVar [[r.DOF.Scatter.BackgroundCompositing:2    ; additive background scattering]]
[2021.11.21-02.58.12:443][  0]LogConfig: Setting CVar [[r.DOF.Scatter.EnableBokehSettings:1      ; bokeh simulation when scattering]]
[2021.11.21-02.58.12:443][  0]LogConfig: Setting CVar [[r.DOF.Scatter.MaxSpriteRatio:0.1         ; only a maximum of 10% of scattered bokeh]]
[2021.11.21-02.58.12:443][  0]LogConfig: Setting CVar [[r.DOF.Recombine.Quality:1                ; cheap slight out of focus]]
[2021.11.21-02.58.12:443][  0]LogConfig: Setting CVar [[r.DOF.Recombine.EnableBokehSettings:0    ; no bokeh simulation on slight out of focus]]
[2021.11.21-02.58.12:443][  0]LogConfig: Setting CVar [[r.DOF.TemporalAAQuality:1                ; more stable temporal accumulation]]
[2021.11.21-02.58.12:443][  0]LogConfig: Setting CVar [[r.DOF.Kernel.MaxForegroundRadius:0.025]]
[2021.11.21-02.58.12:443][  0]LogConfig: Setting CVar [[r.DOF.Kernel.MaxBackgroundRadius:0.025]]
[2021.11.21-02.58.12:443][  0]LogConfig: Applying CVar settings from Section [TextureQuality@3] File [D:/I/Sousaku/FamilyReunionDinner/FamilyReunionDinner2/Saved/Config/Windows/Scalability.ini]
[2021.11.21-02.58.12:443][  0]LogConfig: Setting CVar [[r.Streaming.MipBias:0]]
[2021.11.21-02.58.12:443][  0]LogConfig: Setting CVar [[r.Streaming.AmortizeCPUToGPUCopy:0]]
[2021.11.21-02.58.12:443][  0]LogConfig: Setting CVar [[r.Streaming.MaxNumTexturesToStreamPerFrame:0]]
[2021.11.21-02.58.12:443][  0]LogConfig: Setting CVar [[r.Streaming.Boost:1]]
[2021.11.21-02.58.12:443][  0]LogConfig: Setting CVar [[r.MaxAnisotropy:8]]
[2021.11.21-02.58.12:443][  0]LogConfig: Setting CVar [[r.VT.MaxAnisotropy:8]]
[2021.11.21-02.58.12:443][  0]LogConfig: Setting CVar [[r.Streaming.LimitPoolSizeToVRAM:0]]
[2021.11.21-02.58.12:443][  0]LogConfig: Setting CVar [[r.Streaming.PoolSize:1000]]
[2021.11.21-02.58.12:444][  0]LogConfig: Setting CVar [[r.Streaming.MaxEffectiveScreenSize:0]]
[2021.11.21-02.58.12:444][  0]LogConfig: Applying CVar settings from Section [EffectsQuality@3] File [D:/I/Sousaku/FamilyReunionDinner/FamilyReunionDinner2/Saved/Config/Windows/Scalability.ini]
[2021.11.21-02.58.12:444][  0]LogConfig: Setting CVar [[r.TranslucencyLightingVolumeDim:64]]
[2021.11.21-02.58.12:444][  0]LogConfig: Setting CVar [[r.RefractionQuality:2]]
[2021.11.21-02.58.12:444][  0]LogConfig: Setting CVar [[r.SSR.Quality:3]]
[2021.11.21-02.58.12:444][  0]LogConfig: Setting CVar [[r.SSR.HalfResSceneColor:0]]
[2021.11.21-02.58.12:444][  0]LogConfig: Setting CVar [[r.SceneColorFormat:4]]
[2021.11.21-02.58.12:444][  0]LogConfig: Setting CVar [[r.DetailMode:2]]
[2021.11.21-02.58.12:444][  0]LogConfig: Setting CVar [[r.TranslucencyVolumeBlur:1]]
[2021.11.21-02.58.12:444][  0]LogConfig: Setting CVar [[r.MaterialQualityLevel:1 ; High quality]]
[2021.11.21-02.58.12:444][  0]LogConfig: Setting CVar [[r.AnisotropicMaterials:1]]
[2021.11.21-02.58.12:444][  0]LogConfig: Setting CVar [[r.SSS.Scale:1]]
[2021.11.21-02.58.12:444][  0]LogConfig: Setting CVar [[r.SSS.SampleSet:2]]
[2021.11.21-02.58.12:444][  0]LogConfig: Setting CVar [[r.SSS.Quality:1]]
[2021.11.21-02.58.12:444][  0]LogConfig: Setting CVar [[r.SSS.HalfRes:0]]
[2021.11.21-02.58.12:444][  0]LogConfig: Setting CVar [[r.SSGI.Quality:3]]
[2021.11.21-02.58.12:444][  0]LogConfig: Setting CVar [[r.EmitterSpawnRateScale:1.0]]
[2021.11.21-02.58.12:444][  0]LogConfig: Setting CVar [[r.ParticleLightQuality:2]]
[2021.11.21-02.58.12:444][  0]LogConfig: Setting CVar [[r.SkyAtmosphere.AerialPerspectiveLUT.FastApplyOnOpaque:1 ; Always have FastSkyLUT 1 in this case to avoid wrong sky]]
[2021.11.21-02.58.12:444][  0]LogConfig: Setting CVar [[r.SkyAtmosphere.AerialPerspectiveLUT.SampleCountMaxPerSlice:4]]
[2021.11.21-02.58.12:444][  0]LogConfig: Setting CVar [[r.SkyAtmosphere.AerialPerspectiveLUT.DepthResolution:16.0]]
[2021.11.21-02.58.12:444][  0]LogConfig: Setting CVar [[r.SkyAtmosphere.FastSkyLUT:1]]
[2021.11.21-02.58.12:444][  0]LogConfig: Setting CVar [[r.SkyAtmosphere.FastSkyLUT.SampleCountMin:4.0]]
[2021.11.21-02.58.12:444][  0]LogConfig: Setting CVar [[r.SkyAtmosphere.FastSkyLUT.SampleCountMax:128.0]]
[2021.11.21-02.58.12:444][  0]LogConfig: Setting CVar [[r.SkyAtmosphere.SampleCountMin:4.0]]
[2021.11.21-02.58.12:444][  0]LogConfig: Setting CVar [[r.SkyAtmosphere.SampleCountMax:128.0]]
[2021.11.21-02.58.12:444][  0]LogConfig: Setting CVar [[r.SkyAtmosphere.TransmittanceLUT.UseSmallFormat:0]]
[2021.11.21-02.58.12:444][  0]LogConfig: Setting CVar [[r.SkyAtmosphere.TransmittanceLUT.SampleCount:10.0]]
[2021.11.21-02.58.12:444][  0]LogConfig: Setting CVar [[r.SkyAtmosphere.MultiScatteringLUT.SampleCount:15.0]]
[2021.11.21-02.58.12:444][  0]LogConfig: Setting CVar [[r.SkyLight.RealTimeReflectionCapture:1]]
[2021.11.21-02.58.12:444][  0]LogConfig: Applying CVar settings from Section [FoliageQuality@3] File [D:/I/Sousaku/FamilyReunionDinner/FamilyReunionDinner2/Saved/Config/Windows/Scalability.ini]
[2021.11.21-02.58.12:444][  0]LogConfig: Setting CVar [[foliage.DensityScale:1.0]]
[2021.11.21-02.58.12:444][  0]LogConfig: Setting CVar [[grass.DensityScale:1.0]]
[2021.11.21-02.58.12:444][  0]LogConfig: Applying CVar settings from Section [ShadingQuality@3] File [D:/I/Sousaku/FamilyReunionDinner/FamilyReunionDinner2/Saved/Config/Windows/Scalability.ini]
[2021.11.21-02.58.12:444][  0]LogConfig: Setting CVar [[r.HairStrands.SkyLighting.IntegrationType:2]]
[2021.11.21-02.58.12:444][  0]LogConfig: Setting CVar [[r.HairStrands.SkyAO.SampleCount:4]]
[2021.11.21-02.58.12:444][  0]LogConfig: Setting CVar [[r.HairStrands.Visibility.MSAA.SamplePerPixel:4]]
[2021.11.21-02.58.12:445][  0]LogInit: Selected Device Profile: [Windows]
[2021.11.21-02.58.12:445][  0]LogInit: Applying CVar settings loaded from the selected device profile: [Windows]
[2021.11.21-02.58.12:446][  0]LogHAL: Display: Platform has ~ 32 GB [34145370112 / 34359738368 / 32], which maps to Largest [LargestMinGB=32, LargerMinGB=12, DefaultMinGB=8, SmallerMinGB=6, SmallestMinGB=0)
[2021.11.21-02.58.12:446][  0]LogInit: Going up to parent DeviceProfile []
[2021.11.21-02.58.12:447][  0]LogConfig: Applying CVar settings from Section [ViewDistanceQuality@3] File [D:/I/Sousaku/FamilyReunionDinner/FamilyReunionDinner2/Saved/Config/Windows/Scalability.ini]
[2021.11.21-02.58.12:447][  0]LogConfig: Setting CVar [[r.SkeletalMeshLODBias:0]]
[2021.11.21-02.58.12:447][  0]LogConfig: Setting CVar [[r.ViewDistanceScale:1.0]]
[2021.11.21-02.58.12:447][  0]LogConfig: Applying CVar settings from Section [AntiAliasingQuality@3] File [D:/I/Sousaku/FamilyReunionDinner/FamilyReunionDinner2/Saved/Config/Windows/Scalability.ini]
[2021.11.21-02.58.12:447][  0]LogConfig: Setting CVar [[r.PostProcessAAQuality:4]]
[2021.11.21-02.58.12:447][  0]LogConfig: Applying CVar settings from Section [ShadowQuality@3] File [D:/I/Sousaku/FamilyReunionDinner/FamilyReunionDinner2/Saved/Config/Windows/Scalability.ini]
[2021.11.21-02.58.12:447][  0]LogConfig: Setting CVar [[r.LightFunctionQuality:1]]
[2021.11.21-02.58.12:447][  0]LogConfig: Setting CVar [[r.ShadowQuality:5]]
[2021.11.21-02.58.12:447][  0]LogConfig: Setting CVar [[r.Shadow.CSM.MaxCascades:10]]
[2021.11.21-02.58.12:447][  0]LogConfig: Setting CVar [[r.Shadow.MaxResolution:2048]]
[2021.11.21-02.58.12:447][  0]LogConfig: Setting CVar [[r.Shadow.MaxCSMResolution:2048]]
[2021.11.21-02.58.12:447][  0]LogConfig: Setting CVar [[r.Shadow.RadiusThreshold:0.01]]
[2021.11.21-02.58.12:447][  0]LogConfig: Setting CVar [[r.Shadow.DistanceScale:1.0]]
[2021.11.21-02.58.12:447][  0]LogConfig: Setting CVar [[r.Shadow.CSM.TransitionScale:1.0]]
[2021.11.21-02.58.12:447][  0]LogConfig: Setting CVar [[r.Shadow.PreShadowResolutionFactor:1.0]]
[2021.11.21-02.58.12:447][  0]LogConfig: Setting CVar [[r.DistanceFieldShadowing:1]]
[2021.11.21-02.58.12:447][  0]LogConfig: Setting CVar [[r.DistanceFieldAO:1]]
[2021.11.21-02.58.12:447][  0]LogConfig: Setting CVar [[r.AOQuality:2]]
[2021.11.21-02.58.12:447][  0]LogConfig: Setting CVar [[r.VolumetricFog:1]]
[2021.11.21-02.58.12:447][  0]LogConfig: Setting CVar [[r.VolumetricFog.GridPixelSize:8]]
[2021.11.21-02.58.12:447][  0]LogConfig: Setting CVar [[r.VolumetricFog.GridSizeZ:128]]
[2021.11.21-02.58.12:447][  0]LogConfig: Setting CVar [[r.VolumetricFog.HistoryMissSupersampleCount:4]]
[2021.11.21-02.58.12:447][  0]LogConfig: Setting CVar [[r.LightMaxDrawDistanceScale:1]]
[2021.11.21-02.58.12:447][  0]LogConfig: Setting CVar [[r.CapsuleShadows:1]]
[2021.11.21-02.58.12:447][  0]LogConfig: Applying CVar settings from Section [PostProcessQuality@3] File [D:/I/Sousaku/FamilyReunionDinner/FamilyReunionDinner2/Saved/Config/Windows/Scalability.ini]
[2021.11.21-02.58.12:447][  0]LogConfig: Setting CVar [[r.MotionBlurQuality:4]]
[2021.11.21-02.58.12:447][  0]LogConfig: Setting CVar [[r.AmbientOcclusionMipLevelFactor:0.4]]
[2021.11.21-02.58.12:447][  0]LogConfig: Setting CVar [[r.AmbientOcclusionMaxQuality:100]]
[2021.11.21-02.58.12:447][  0]LogConfig: Setting CVar [[r.AmbientOcclusionLevels:-1]]
[2021.11.21-02.58.12:447][  0]LogConfig: Setting CVar [[r.AmbientOcclusionRadiusScale:1.0]]
[2021.11.21-02.58.12:447][  0]LogConfig: Setting CVar [[r.DepthOfFieldQuality:2]]
[2021.11.21-02.58.12:447][  0]LogConfig: Setting CVar [[r.RenderTargetPoolMin:400]]
[2021.11.21-02.58.12:447][  0]LogConfig: Setting CVar [[r.LensFlareQuality:2]]
[2021.11.21-02.58.12:447][  0]LogConfig: Setting CVar [[r.SceneColorFringeQuality:1]]
[2021.11.21-02.58.12:447][  0]LogConfig: Setting CVar [[r.EyeAdaptationQuality:2]]
[2021.11.21-02.58.12:447][  0]LogConfig: Setting CVar [[r.BloomQuality:5]]
[2021.11.21-02.58.12:447][  0]LogConfig: Setting CVar [[r.FastBlurThreshold:100]]
[2021.11.21-02.58.12:447][  0]LogConfig: Setting CVar [[r.Upscale.Quality:3]]
[2021.11.21-02.58.12:447][  0]LogConfig: Setting CVar [[r.Tonemapper.GrainQuantization:1]]
[2021.11.21-02.58.12:447][  0]LogConfig: Setting CVar [[r.LightShaftQuality:1]]
[2021.11.21-02.58.12:447][  0]LogConfig: Setting CVar [[r.Filter.SizeScale:1]]
[2021.11.21-02.58.12:447][  0]LogConfig: Setting CVar [[r.Tonemapper.Quality:5]]
[2021.11.21-02.58.12:447][  0]LogConfig: Setting CVar [[r.DOF.Gather.AccumulatorQuality:1        ; higher gathering accumulator quality]]
[2021.11.21-02.58.12:447][  0]LogConfig: Setting CVar [[r.DOF.Gather.PostfilterMethod:1          ; Median3x3 postfilering method]]
[2021.11.21-02.58.12:447][  0]LogConfig: Setting CVar [[r.DOF.Gather.EnableBokehSettings:0       ; no bokeh simulation when gathering]]
[2021.11.21-02.58.12:447][  0]LogConfig: Setting CVar [[r.DOF.Gather.RingCount:4                 ; medium number of samples when gathering]]
[2021.11.21-02.58.12:447][  0]LogConfig: Setting CVar [[r.DOF.Scatter.ForegroundCompositing:1    ; additive foreground scattering]]
[2021.11.21-02.58.12:447][  0]LogConfig: Setting CVar [[r.DOF.Scatter.BackgroundCompositing:2    ; additive background scattering]]
[2021.11.21-02.58.12:447][  0]LogConfig: Setting CVar [[r.DOF.Scatter.EnableBokehSettings:1      ; bokeh simulation when scattering]]
[2021.11.21-02.58.12:447][  0]LogConfig: Setting CVar [[r.DOF.Scatter.MaxSpriteRatio:0.1         ; only a maximum of 10% of scattered bokeh]]
[2021.11.21-02.58.12:447][  0]LogConfig: Setting CVar [[r.DOF.Recombine.Quality:1                ; cheap slight out of focus]]
[2021.11.21-02.58.12:447][  0]LogConfig: Setting CVar [[r.DOF.Recombine.EnableBokehSettings:0    ; no bokeh simulation on slight out of focus]]
[2021.11.21-02.58.12:447][  0]LogConfig: Setting CVar [[r.DOF.TemporalAAQuality:1                ; more stable temporal accumulation]]
[2021.11.21-02.58.12:447][  0]LogConfig: Setting CVar [[r.DOF.Kernel.MaxForegroundRadius:0.025]]
[2021.11.21-02.58.12:447][  0]LogConfig: Setting CVar [[r.DOF.Kernel.MaxBackgroundRadius:0.025]]
[2021.11.21-02.58.12:447][  0]LogConfig: Applying CVar settings from Section [TextureQuality@3] File [D:/I/Sousaku/FamilyReunionDinner/FamilyReunionDinner2/Saved/Config/Windows/Scalability.ini]
[2021.11.21-02.58.12:447][  0]LogConfig: Setting CVar [[r.Streaming.MipBias:0]]
[2021.11.21-02.58.12:447][  0]LogConfig: Setting CVar [[r.Streaming.AmortizeCPUToGPUCopy:0]]
[2021.11.21-02.58.12:447][  0]LogConfig: Setting CVar [[r.Streaming.MaxNumTexturesToStreamPerFrame:0]]
[2021.11.21-02.58.12:447][  0]LogConfig: Setting CVar [[r.Streaming.Boost:1]]
[2021.11.21-02.58.12:447][  0]LogConfig: Setting CVar [[r.MaxAnisotropy:8]]
[2021.11.21-02.58.12:447][  0]LogConfig: Setting CVar [[r.VT.MaxAnisotropy:8]]
[2021.11.21-02.58.12:447][  0]LogConfig: Setting CVar [[r.Streaming.LimitPoolSizeToVRAM:0]]
[2021.11.21-02.58.12:447][  0]LogConfig: Setting CVar [[r.Streaming.PoolSize:1000]]
[2021.11.21-02.58.12:447][  0]LogConfig: Setting CVar [[r.Streaming.MaxEffectiveScreenSize:0]]
[2021.11.21-02.58.12:447][  0]LogConfig: Applying CVar settings from Section [EffectsQuality@3] File [D:/I/Sousaku/FamilyReunionDinner/FamilyReunionDinner2/Saved/Config/Windows/Scalability.ini]
[2021.11.21-02.58.12:447][  0]LogConfig: Setting CVar [[r.TranslucencyLightingVolumeDim:64]]
[2021.11.21-02.58.12:447][  0]LogConfig: Setting CVar [[r.RefractionQuality:2]]
[2021.11.21-02.58.12:447][  0]LogConfig: Setting CVar [[r.SSR.Quality:3]]
[2021.11.21-02.58.12:448][  0]LogConfig: Setting CVar [[r.SSR.HalfResSceneColor:0]]
[2021.11.21-02.58.12:448][  0]LogConfig: Setting CVar [[r.SceneColorFormat:4]]
[2021.11.21-02.58.12:448][  0]LogConfig: Setting CVar [[r.DetailMode:2]]
[2021.11.21-02.58.12:448][  0]LogConfig: Setting CVar [[r.TranslucencyVolumeBlur:1]]
[2021.11.21-02.58.12:448][  0]LogConfig: Setting CVar [[r.MaterialQualityLevel:1 ; High quality]]
[2021.11.21-02.58.12:448][  0]LogConfig: Setting CVar [[r.AnisotropicMaterials:1]]
[2021.11.21-02.58.12:448][  0]LogConfig: Setting CVar [[r.SSS.Scale:1]]
[2021.11.21-02.58.12:448][  0]LogConfig: Setting CVar [[r.SSS.SampleSet:2]]
[2021.11.21-02.58.12:448][  0]LogConfig: Setting CVar [[r.SSS.Quality:1]]
[2021.11.21-02.58.12:448][  0]LogConfig: Setting CVar [[r.SSS.HalfRes:0]]
[2021.11.21-02.58.12:448][  0]LogConfig: Setting CVar [[r.SSGI.Quality:3]]
[2021.11.21-02.58.12:448][  0]LogConfig: Setting CVar [[r.EmitterSpawnRateScale:1.0]]
[2021.11.21-02.58.12:448][  0]LogConfig: Setting CVar [[r.ParticleLightQuality:2]]
[2021.11.21-02.58.12:448][  0]LogConfig: Setting CVar [[r.SkyAtmosphere.AerialPerspectiveLUT.FastApplyOnOpaque:1 ; Always have FastSkyLUT 1 in this case to avoid wrong sky]]
[2021.11.21-02.58.12:448][  0]LogConfig: Setting CVar [[r.SkyAtmosphere.AerialPerspectiveLUT.SampleCountMaxPerSlice:4]]
[2021.11.21-02.58.12:448][  0]LogConfig: Setting CVar [[r.SkyAtmosphere.AerialPerspectiveLUT.DepthResolution:16.0]]
[2021.11.21-02.58.12:448][  0]LogConfig: Setting CVar [[r.SkyAtmosphere.FastSkyLUT:1]]
[2021.11.21-02.58.12:448][  0]LogConfig: Setting CVar [[r.SkyAtmosphere.FastSkyLUT.SampleCountMin:4.0]]
[2021.11.21-02.58.12:448][  0]LogConfig: Setting CVar [[r.SkyAtmosphere.FastSkyLUT.SampleCountMax:128.0]]
[2021.11.21-02.58.12:448][  0]LogConfig: Setting CVar [[r.SkyAtmosphere.SampleCountMin:4.0]]
[2021.11.21-02.58.12:448][  0]LogConfig: Setting CVar [[r.SkyAtmosphere.SampleCountMax:128.0]]
[2021.11.21-02.58.12:448][  0]LogConfig: Setting CVar [[r.SkyAtmosphere.TransmittanceLUT.UseSmallFormat:0]]
[2021.11.21-02.58.12:448][  0]LogConfig: Setting CVar [[r.SkyAtmosphere.TransmittanceLUT.SampleCount:10.0]]
[2021.11.21-02.58.12:448][  0]LogConfig: Setting CVar [[r.SkyAtmosphere.MultiScatteringLUT.SampleCount:15.0]]
[2021.11.21-02.58.12:448][  0]LogConfig: Setting CVar [[r.SkyLight.RealTimeReflectionCapture:1]]
[2021.11.21-02.58.12:448][  0]LogConfig: Applying CVar settings from Section [FoliageQuality@3] File [D:/I/Sousaku/FamilyReunionDinner/FamilyReunionDinner2/Saved/Config/Windows/Scalability.ini]
[2021.11.21-02.58.12:448][  0]LogConfig: Setting CVar [[foliage.DensityScale:1.0]]
[2021.11.21-02.58.12:448][  0]LogConfig: Setting CVar [[grass.DensityScale:1.0]]
[2021.11.21-02.58.12:448][  0]LogConfig: Applying CVar settings from Section [ShadingQuality@3] File [D:/I/Sousaku/FamilyReunionDinner/FamilyReunionDinner2/Saved/Config/Windows/Scalability.ini]
[2021.11.21-02.58.12:448][  0]LogConfig: Setting CVar [[r.HairStrands.SkyLighting.IntegrationType:2]]
[2021.11.21-02.58.12:448][  0]LogConfig: Setting CVar [[r.HairStrands.SkyAO.SampleCount:4]]
[2021.11.21-02.58.12:448][  0]LogConfig: Setting CVar [[r.HairStrands.Visibility.MSAA.SamplePerPixel:4]]
[2021.11.21-02.58.12:448][  0]LogConfig: Applying CVar settings from Section [Startup] File [../../../Engine/Config/ConsoleVariables.ini]
[2021.11.21-02.58.12:453][  0]LogConfig: Setting CVar [[net.UseAdaptiveNetUpdateFrequency:0]]
[2021.11.21-02.58.12:453][  0]LogConfig: Setting CVar [[p.chaos.AllowCreatePhysxBodies:1]]
[2021.11.21-02.58.12:453][  0]LogConfig: Setting CVar [[fx.SkipVectorVMBackendOptimizations:1]]
[2021.11.21-02.58.12:453][  0]LogConfig: Applying CVar settings from Section [ConsoleVariables] File [D:/I/Sousaku/FamilyReunionDinner/FamilyReunionDinner2/Saved/Config/Windows/Engine.ini]
[2021.11.21-02.58.12:453][  0]LogConfig: Applying CVar settings from Section [ConsoleVariables] File [D:/I/Sousaku/FamilyReunionDinner/FamilyReunionDinner2/Saved/Config/Windows/Editor.ini]
[2021.11.21-02.58.12:454][  0]LogInit: Computer: DESKTOP-EEV8MES
[2021.11.21-02.58.12:454][  0]LogInit: User: sion9
[2021.11.21-02.58.12:454][  0]LogInit: CPU Page size=4096, Cores=6
[2021.11.21-02.58.12:454][  0]LogInit: High frequency timer resolution =10.000000 MHz
[2021.11.21-02.58.12:454][  0]LogMemory: Memory total: Physical=31.8GB (32GB approx)
[2021.11.21-02.58.12:454][  0]LogMemory: Platform Memory Stats for Windows
[2021.11.21-02.58.12:454][  0]LogMemory: Process Physical Memory: 135.61 MB used, 135.62 MB peak
[2021.11.21-02.58.12:454][  0]LogMemory: Process Virtual Memory: 108.31 MB used, 108.31 MB peak
[2021.11.21-02.58.12:454][  0]LogMemory: Physical Memory: 17896.68 MB used,  14666.88 MB free, 32563.56 MB total
[2021.11.21-02.58.12:454][  0]LogMemory: Virtual Memory: 134207616.00 MB used,  10108.28 MB free, 134217728.00 MB total
[2021.11.21-02.58.12:725][  0]LogWindows: WindowsPlatformFeatures enabled
[2021.11.21-02.58.13:023][  0]LogInit: Physics initialised using underlying interface: PhysX
[2021.11.21-02.58.13:027][  0]LogInit: Using OS detected language (en-US).
[2021.11.21-02.58.13:027][  0]LogInit: Using OS detected locale (en-US).
[2021.11.21-02.58.13:036][  0]LogTextLocalizationManager: No specific localization for 'en-US' exists, so the 'en' localization will be used.
[2021.11.21-02.58.13:413][  0]LogInit: Setting process to per monitor DPI aware
[2021.11.21-02.58.13:446][  0]LogWindowsTextInputMethodSystem: Display: IME system deactivated.
[2021.11.21-02.58.13:512][  0]LogSlate: New Slate User Created.  User Index 0, Is Virtual User: 0
[2021.11.21-02.58.13:512][  0]LogSlate: Slate User Registered.  User Index 0, Is Virtual User: 0
[2021.11.21-02.58.16:403][  0]LogD3D11RHI: Loaded GFSDK_Aftermath_Lib.x64.dll
[2021.11.21-02.58.16:513][  0]LogHMD: Failed to initialize OpenVR with code 110
[2021.11.21-02.58.16:513][  0]LogD3D11RHI: D3D11 min allowed feature level: 11_0
[2021.11.21-02.58.16:513][  0]LogD3D11RHI: D3D11 max allowed feature level: 11_0
[2021.11.21-02.58.16:513][  0]LogD3D11RHI: D3D11 adapters:
[2021.11.21-02.58.17:394][  0]LogD3D11RHI:    0. 'NVIDIA GeForce RTX 2070 with Max-Q Design' (Feature Level 11_0)
[2021.11.21-02.58.17:394][  0]LogD3D11RHI:       8031/0/16281 MB DedicatedVideo/DedicatedSystem/SharedSystem, Outputs:1, VendorId:0x10de
[2021.11.21-02.58.17:438][  0]LogD3D11RHI:    1. 'Intel(R) UHD Graphics 630' (Feature Level 11_0)
[2021.11.21-02.58.17:438][  0]LogD3D11RHI:       128/0/16281 MB DedicatedVideo/DedicatedSystem/SharedSystem, Outputs:0, VendorId:0x8086
[2021.11.21-02.58.17:442][  0]LogD3D11RHI:    2. 'Microsoft Basic Render Driver' (Feature Level 11_0)
[2021.11.21-02.58.17:442][  0]LogD3D11RHI:       0/0/16281 MB DedicatedVideo/DedicatedSystem/SharedSystem, Outputs:0, VendorId:0x1414
[2021.11.21-02.58.17:442][  0]LogD3D11RHI: Chosen D3D11 Adapter:
[2021.11.21-02.58.17:442][  0]LogD3D11RHI:     Description : NVIDIA GeForce RTX 2070 with Max-Q Design
[2021.11.21-02.58.17:442][  0]LogD3D11RHI:     VendorId    : 10de
[2021.11.21-02.58.17:442][  0]LogD3D11RHI:     DeviceId    : 1f10
[2021.11.21-02.58.17:442][  0]LogD3D11RHI:     SubSysId    : 8a11028
[2021.11.21-02.58.17:442][  0]LogD3D11RHI:     Revision    : 00a1
[2021.11.21-02.58.17:442][  0]LogD3D11RHI:     DedicatedVideoMemory : 8421113856 bytes
[2021.11.21-02.58.17:442][  0]LogD3D11RHI:     DedicatedSystemMemory : 0 bytes
[2021.11.21-02.58.17:442][  0]LogD3D11RHI:     SharedSystemMemory : 17072685056 bytes
[2021.11.21-02.58.17:442][  0]LogD3D11RHI:     AdapterLuid : 0 82298
[2021.11.21-02.58.17:453][  0]LogD3D11RHI: Creating new Direct3DDevice
[2021.11.21-02.58.17:453][  0]LogD3D11RHI:     GPU DeviceId: 0x1f10 (for the marketing name, search the web for "GPU Device Id")
[2021.11.21-02.58.17:453][  0]LogWindows: EnumDisplayDevices:
[2021.11.21-02.58.17:453][  0]LogWindows:    0. 'Intel(R) UHD Graphics 630' (P:1 D:1)
[2021.11.21-02.58.17:454][  0]LogWindows:    1. 'Intel(R) UHD Graphics 630' (P:0 D:0)
[2021.11.21-02.58.17:454][  0]LogWindows:    2. 'Intel(R) UHD Graphics 630' (P:0 D:0)
[2021.11.21-02.58.17:455][  0]LogWindows:    3. 'NVIDIA GeForce RTX 2070 with Max-Q Design' (P:0 D:0)
[2021.11.21-02.58.17:455][  0]LogWindows:    4. 'NVIDIA GeForce RTX 2070 with Max-Q Design' (P:0 D:0)
[2021.11.21-02.58.17:456][  0]LogWindows:    5. 'NVIDIA GeForce RTX 2070 with Max-Q Design' (P:0 D:0)
[2021.11.21-02.58.17:457][  0]LogWindows:    6. 'NVIDIA GeForce RTX 2070 with Max-Q Design' (P:0 D:0)
[2021.11.21-02.58.17:457][  0]LogWindows: DebugString: PrimaryIsNotTheChoosenAdapter PrimaryIsNotTheChoosenAdapter PrimaryIsNotTheChoosenAdapter FoundDriverCount:4 
[2021.11.21-02.58.17:457][  0]LogD3D11RHI:     Adapter Name: NVIDIA GeForce RTX 2070 with Max-Q Design
[2021.11.21-02.58.17:457][  0]LogD3D11RHI:   Driver Version: 466.18 (internal:27.21.14.6618, unified:466.18)
[2021.11.21-02.58.17:457][  0]LogD3D11RHI:      Driver Date: 4-18-2021
[2021.11.21-02.58.17:457][  0]LogRHI: Texture pool is 5621 MB (70% of 8031 MB)
[2021.11.21-02.58.17:458][  0]LogD3D11RHI: Creating D3DDevice using adapter:
[2021.11.21-02.58.17:458][  0]LogD3D11RHI:     Description : NVIDIA GeForce RTX 2070 with Max-Q Design
[2021.11.21-02.58.17:458][  0]LogD3D11RHI:     VendorId    : 10de
[2021.11.21-02.58.17:458][  0]LogD3D11RHI:     DeviceId    : 1f10
[2021.11.21-02.58.17:458][  0]LogD3D11RHI:     SubSysId    : 8a11028
[2021.11.21-02.58.17:458][  0]LogD3D11RHI:     Revision    : 00a1
[2021.11.21-02.58.17:458][  0]LogD3D11RHI:     DedicatedVideoMemory : 8421113856 bytes
[2021.11.21-02.58.17:458][  0]LogD3D11RHI:     DedicatedSystemMemory : 0 bytes
[2021.11.21-02.58.17:458][  0]LogD3D11RHI:     SharedSystemMemory : 17072685056 bytes
[2021.11.21-02.58.17:458][  0]LogD3D11RHI:     AdapterLuid : 0 82298
[2021.11.21-02.58.17:614][  0]LogD3D11RHI: RHI has support for 64 bit atomics
[2021.11.21-02.58.17:617][  0]LogD3D11RHI: Async texture creation enabled
[2021.11.21-02.58.17:617][  0]LogD3D11RHI: Array index from any shader is supported
[2021.11.21-02.58.17:693][  0]LogD3D11RHI: GPU Timing Frequency: 1000.000000 (Debug: 2 2)
[2021.11.21-02.58.17:839][  0]LogRHI: GeForceNow SDK initialized: 1
[2021.11.21-02.58.18:837][  0]LogTargetPlatformManager: Display: Loaded TargetPlatform 'AllDesktop'
[2021.11.21-02.58.18:882][  0]LogTargetPlatformManager: Display: Loaded TargetPlatform 'Android'
[2021.11.21-02.58.18:882][  0]LogTargetPlatformManager: Display: Loaded TargetPlatform 'Android_ASTC'
[2021.11.21-02.58.18:882][  0]LogTargetPlatformManager: Display: Loaded TargetPlatform 'Android_DXT'
[2021.11.21-02.58.18:882][  0]LogTargetPlatformManager: Display: Loaded TargetPlatform 'Android_ETC2'
[2021.11.21-02.58.18:882][  0]LogTargetPlatformManager: Display: Loaded TargetPlatform 'AndroidClient'
[2021.11.21-02.58.18:882][  0]LogTargetPlatformManager: Display: Loaded TargetPlatform 'Android_ASTCClient'
[2021.11.21-02.58.18:882][  0]LogTargetPlatformManager: Display: Loaded TargetPlatform 'Android_DXTClient'
[2021.11.21-02.58.18:882][  0]LogTargetPlatformManager: Display: Loaded TargetPlatform 'Android_ETC2Client'
[2021.11.21-02.58.18:882][  0]LogTargetPlatformManager: Display: Loaded TargetPlatform 'Android_Multi'
[2021.11.21-02.58.18:882][  0]LogTargetPlatformManager: Display: Loaded TargetPlatform 'Android_MultiClient'
[2021.11.21-02.58.18:954][  0]LogTargetPlatformManager: Display: Loaded TargetPlatform 'IOSClient'
[2021.11.21-02.58.18:954][  0]LogTargetPlatformManager: Display: Loaded TargetPlatform 'IOS'
[2021.11.21-02.58.19:006][  0]LogTargetPlatformManager: Display: Loaded TargetPlatform 'Lumin'
[2021.11.21-02.58.19:006][  0]LogTargetPlatformManager: Display: Loaded TargetPlatform 'LuminClient'
[2021.11.21-02.58.19:039][  0]LogTargetPlatformManager: Display: Loaded TargetPlatform 'MacNoEditor'
[2021.11.21-02.58.19:060][  0]LogTargetPlatformManager: Display: Loaded TargetPlatform 'Mac'
[2021.11.21-02.58.19:079][  0]LogTargetPlatformManager: Display: Loaded TargetPlatform 'MacClient'
[2021.11.21-02.58.19:098][  0]LogTargetPlatformManager: Display: Loaded TargetPlatform 'MacServer'
[2021.11.21-02.58.19:121][  0]LogTargetPlatformManager: Display: Loaded TargetPlatform 'TVOSClient'
[2021.11.21-02.58.19:121][  0]LogTargetPlatformManager: Display: Loaded TargetPlatform 'TVOS'
[2021.11.21-02.58.19:145][  0]LogTargetPlatformManager: Display: Loaded TargetPlatform 'WindowsNoEditor'
[2021.11.21-02.58.19:163][  0]LogTargetPlatformManager: Display: Loaded TargetPlatform 'Windows'
[2021.11.21-02.58.19:185][  0]LogTargetPlatformManager: Display: Loaded TargetPlatform 'WindowsClient'
[2021.11.21-02.58.19:205][  0]LogTargetPlatformManager: Display: Loaded TargetPlatform 'WindowsServer'
[2021.11.21-02.58.19:205][  0]LogTargetPlatformManager: Display: Building Assets For Windows
[2021.11.21-02.58.19:276][  0]LogAudioDebug: Display: Lib vorbis DLL was dynamically loaded.
[2021.11.21-02.58.19:452][  0]LogTextureFormatOodle: Display: Oodle Texture 2.9.0 init RDO Off
[2021.11.21-02.58.19:710][  0]LogRendererCore: Ray tracing is disabled. Reason: r.RayTracing=0.
[2021.11.21-02.58.19:711][  0]LogShaderCompilers: Guid format shader working directory is -26 characters bigger than the processId version (../../../../../../../I/Sousaku/FamilyReunionDinner/FamilyReunionDinner2/Intermediate/Shaders/WorkingDirectory/23480/).
[2021.11.21-02.58.19:712][  0]LogShaderCompilers: Cleaned the shader compiler working directory 'C:/Users/sion9/AppData/Local/Temp/UnrealShaderWorkingDir/D06EBC8643EE6A74F36403B6F56C0150/'.
[2021.11.21-02.58.19:713][  0]LogXGEController: Cannot use XGE Controller as Incredibuild is not installed on this machine.
[2021.11.21-02.58.19:713][  0]LogShaderCompilers: Cannot use XGE Shader Compiler as Incredibuild is not installed on this machine.
[2021.11.21-02.58.19:713][  0]LogShaderCompilers: Display: Using Local Shader Compiler.
[2021.11.21-02.58.23:148][  0]LogDerivedDataCache: Display: Max Cache Size: 512 MB
[2021.11.21-02.58.23:244][  0]LogDerivedDataCache: Loaded boot cache 0.10s 94MB ../../../../../../../I/Sousaku/FamilyReunionDinner/FamilyReunionDinner2/DerivedDataCache/Boot.ddc.
[2021.11.21-02.58.23:244][  0]LogDerivedDataCache: Display: Loaded Boot cache: ../../../../../../../I/Sousaku/FamilyReunionDinner/FamilyReunionDinner2/DerivedDataCache/Boot.ddc
[2021.11.21-02.58.23:244][  0]LogDerivedDataCache: FDerivedDataBackendGraph:  Pak pak cache file ../../../../../../../I/Sousaku/FamilyReunionDinner/FamilyReunionDinner2/DerivedDataCache/DDC.ddp not found, will not use a pak cache.
[2021.11.21-02.58.23:244][  0]LogDerivedDataCache: Unable to find inner node Pak for hierarchical cache Hierarchy.
[2021.11.21-02.58.23:244][  0]LogDerivedDataCache: FDerivedDataBackendGraph:  EnginePak pak cache file ../../../Engine/DerivedDataCache/DDC.ddp not found, will not use a pak cache.
[2021.11.21-02.58.23:244][  0]LogDerivedDataCache: Unable to find inner node EnginePak for hierarchical cache Hierarchy.
[2021.11.21-02.58.23:353][  0]LogDerivedDataCache: Speed tests for ../../../Engine/DerivedDataCache took 0.11 seconds
[2021.11.21-02.58.23:353][  0]LogDerivedDataCache: Display: Performance to ../../../Engine/DerivedDataCache: Latency=0.08ms. RandomReadSpeed=9.33MBs, RandomWriteSpeed=127.92MBs. Assigned SpeedClass 'Local'
[2021.11.21-02.58.23:354][  0]LogDerivedDataCache: Using Local data cache path ../../../Engine/DerivedDataCache: Writable
[2021.11.21-02.58.23:354][  0]LogDerivedDataCache: Shared data cache path not found in *engine.ini, will not use an Shared cache.
[2021.11.21-02.58.23:354][  0]LogDerivedDataCache: Unable to find inner node Shared for hierarchical cache Hierarchy.
[2021.11.21-02.58.23:446][  0]LogSlate: Using FreeType 2.10.0
[2021.11.21-02.58.23:474][  0]LogSlate: SlateFontServices - WITH_FREETYPE: 1, WITH_HARFBUZZ: 1
[2021.11.21-02.58.23:673][  0]LogAssetRegistry: FAssetRegistry took 0.0054 seconds to start up
[2021.11.21-02.58.24:140][  0]LogInit: Selected Device Profile: [Windows]
[2021.11.21-02.58.24:140][  0]LogInit: Active device profile: [00000282F1790D00][00000282F06A6500 49] Windows
[2021.11.21-02.58.24:140][  0]LogInit: Profiles: [00000282F1790D00][00000282F06A6500 49] Windows, [00000282F1746300][00000282EF53A640 49] WindowsNoEditor, [00000282F1791C00][00000282F06B6780 49] WindowsServer, [00000282F1747100][00000282F06B28C0 49] WindowsClient, [00000282F1792900][00000282F06AAA40 49] IOS, [00000282F1745A00][00000282F097ABC0 49] iPadAir, [00000282F1793E00][00000282EE06ED40 49] iPadAir2, [00000282F16F5100][00000282F0977000 49] IPadPro, [00000282F16F5200][00000282F0973040 49] iPadAir3, [00000282F1744C00][00000282EF5571C0 49] iPadAir4, [00000282F16F5E00][00000282EF52B340 49] iPadMini2, [00000282F1747300][00000282F1D6B4C0 49] iPadMini3, [00000282F16F7900][00000282ED691640 49] iPadMini4, [00000282F1745000][00000282ED6957C0 49] iPadMini5, [00000282F1730A00][00000282F063DA80 49] iPhone6, [00000282F1730B00][00000282ED699AC0 49] iPodTouch6, [00000282F1792D00][00000282F0644200 49] iPhone7, [00000282F1792E00][00000282F0640240 49] iPodTouch7, [00000282F16F7E00][00000282F06483C0 49] iPhone5S, [00000282F1790E00][00000282F064C540 49] iPhone6Plus, [00000282F1730100][00000282F06506C0 49] iPhone6S, [00000282F16F4300][00000282F06AE800 49] iPhone6SPlus, [00000282F1732900][00000282F0654940 49] iPhone7Plus, [00000282F16F6200][00000282F0658A80 49] iPhoneSE, [00000282F1732700][00000282F065CBC0 49] iPhone8, [00000282F16F4700][00000282F0664D40 49] iPhone8Plus, [00000282F1733200][00000282F0668EC0 49] iPhoneX, [00000282F1791500][00000282F066D040 49] iPhoneXS, [00000282F1732C00][00000282F06711C0 49] iPhoneXSMax, [00000282F1791A00][00000282F0675340 49] iPhoneXR, [00000282F1730600][00000282F06794C0 49] iPhone11, [00000282F1790F00][00000282F067D640 49] iPhone11Pro, [00000282F1731B00][00000282F06817C0 49] iPhone11ProMax, [00000282F1793300][00000282F0685940 49] iPhoneSE2, [00000282F1733B00][00000282F0689AC0 49] iPhone12Mini, [00000282F1792300][00000282F068C0C0 49] iPhone12, [00000282F1731000][00000282F0690240 49] iPhone12Pro, [00000282F1793F00][00000282F06943C0 49] iPhone12ProMax, [00000282F1731600][00000282F0698540 49] iPadPro105, [00000282F1790900][00000282F069C6C0 49] iPadPro129, [00000282F1733E00][00000282F06A0840 49] iPadPro97, [00000282F1793700][00000282F0660980 49] iPadPro2_129, [00000282F1730D00][00000282ED796AC0 49] iPad5, [00000282F1791F00][00000282ED79AC00 49] iPad6, [00000282F1731200][00000282ED79ED40 49] iPad7, [00000282F1791100][00000282ED7A6EC0 49] iPad8, [00000282F1732400][00000282ED7AB040 49] iPadPro11, [00000282F1793200][00000282ED7AF1C0 49] iPadPro2_11, [00000282F1733F00][00000282ED7B3340 49] iPadPro3_129, [00000282F1791D00][00000282ED7B74C0 49] iPadPro4_129, [00000282F1732A00][00000282ED7BB640 49] AppleTV, [00000282F1792200][00000282ED7BF7C0 49] AppleTV4K, [00000282F1730F00][00000282ED7C3940 49] TVOS, [00000282F1793B00][00000282ED7C7AC0 49] Mac, [00000282F1731400][00000282ED7CA0C0 49] MacClient, [00000282F1792400][00000282ED7CE240 49] MacNoEditor, [00000282F1730800][00000282ED7D23C0 49] MacServer, [00000282F1791000][00000282ED7D6540 49] Linux, [00000282F1731F00][00000282ED7DA6C0 49] LinuxAArch64, [00000282F1790700][00000282ED7DE840 49] LinuxNoEditor, [00000282F1731100][00000282ED7E29C0 49] LinuxAArch64NoEditor, [00000282F1791B00][00000282ED7E6B40 49] LinuxClient, [00000282F1732800][00000282ED7A2C80 49] LinuxAArch64Client, [00000282F1790600][00000282ED7EADC0 49] LinuxServer, [00000282F1732500][00000282ED7EEF00 49] LinuxAArch64Server, [00000282F1791300][00000282ED7F7080 49] Android, [00000282F1731500][00000282ED7FB200 49] Android_Low, [00000282F1793400][00000282ED7FF380 49] Android_Mid, [00000282F1731800][00000282ED803500 49] Android_High, [00000282F1793100][00000282F08E7680 49] Android_Default, [00000282F1732000][00000282F08EB800 49] Android_Adreno4xx, [00000282F1791600][00000282F08EF980 49] Android_Adreno5xx_Low, [00000282F1733D00][00000282F08F3B00 49] Android_Adreno5xx, [00000282F1793A00][00000282F08F6100 49] Android_Adreno6xx, [00000282F1744500][00000282F08FA280 49] Android_Adreno6xx_Vulkan, [00000282F16F5300][00000282F08FE400 49] Android_Mali_T6xx, [00000282F1747200][00000282F0902580 49] Android_Mali_T7xx, [00000282F16F7200][00000282F0906700 49] Android_Mali_T8xx, [00000282F1744600][00000282F090A880 49] Android_Mali_G71, [00000282F16F5D00][00000282F090EA00 49] Android_Mali_G72, [00000282F1747900][00000282F0912B80 49] Android_Mali_G72_Vulkan, [00000282F16F4E00][00000282F0916D00 49] Android_Mali_G76, [00000282F1745500][00000282ED7F2E40 49] Android_Mali_G76_Vulkan, [00000282F16F4D00][00000282F091AF80 49] Android_Mali_G77, [00000282F1747B00][00000282F091F0C0 49] Android_Mali_G77_Vulkan, [00000282F16F7D00][00000282F0927240 49] Android_Mali_G78, [00000282F1746700][00000282F092B3C0 49] Android_Mali_G78_Vulkan, [00000282F16F4900][00000282F092F540 49] Android_Mali_G710, [00000282F1746000][00000282F09336C0 49] Android_Mali_G710_Vulkan, [00000282F16F6B00][00000282F0937840 49] Android_Vulkan_SM5, [00000282F1744800][00000282F093B9C0 49] Android_PowerVR_G6xxx, [00000282F16F6700][00000282F093FB40 49] Android_PowerVR_GT7xxx, [00000282F1746900][00000282F0942140 49] Android_PowerVR_GE8xxx, [00000282F16F4200][00000282F09462C0 49] Android_PowerVR_GM9xxx, [00000282F1744100][00000282F094A440 49] Android_PowerVR_GM9xxx_Vulkan, [00000282F16F4400][00000282F094E5C0 49] Android_TegraK1, [00000282F1747500][00000282F0952740 49] Android_Unknown_Vulkan, [00000282F16F5000][00000282F09568C0 49] Lumin, [00000282F1747A00][00000282F095AA40 49] Lumin_Desktop, [00000282F16F5F00][00000282F095EBC0 49] HoloLens, 
[2021.11.21-02.58.24:613][  0]LogMeshReduction: Using QuadricMeshReduction for automatic static mesh reduction
[2021.11.21-02.58.24:613][  0]LogMeshReduction: Using SimplygonMeshReduction for automatic skeletal mesh reduction
[2021.11.21-02.58.24:613][  0]LogMeshReduction: Using ProxyLODMeshReduction for automatic mesh merging
[2021.11.21-02.58.24:613][  0]LogMeshReduction: No distributed automatic mesh merging module available
[2021.11.21-02.58.24:614][  0]LogMeshMerging: No distributed automatic mesh merging module available
[2021.11.21-02.58.24:702][  0]LogNetVersion: FamilyReunionDinner2 1.0.0, NetCL: 0, EngineNetVer: 17, GameNetVer: 0 (Checksum: 2045832996)
[2021.11.21-02.58.27:963][  0]LogTexture: Default maximum texture size for cubemaps generated from long-lat sources has been changed from 512 to unlimited. In order to preserve old behaiour for '/Engine/MapTemplates/Sky/DaylightAmbientCubemap.DaylightAmbientCubemap', its maximum texture size has been explicitly set to 512.
[2021.11.21-02.58.28:174][  0]LogHMD: PokeAHoleMaterial loaded successfully
[2021.11.21-02.58.28:189][  0]LogUObjectArray: 17164 objects as part of root set at end of initial load.
[2021.11.21-02.58.28:189][  0]LogUObjectAllocator: 4298336 out of 0 bytes used by permanent object pool.
[2021.11.21-02.58.28:189][  0]LogUObjectArray: CloseDisregardForGC: 0/0 objects in disregard for GC pool
[2021.11.21-02.58.30:066][  0]LogPython: Using Python 3.7.7
[2021.11.21-02.58.31:537][  0]LogNiagaraDebuggerClient: Niagara Debugger Client Initialized | Session: 1D4EE9B94E82745DCDD784829752D097 | Instance: 7FB5E8984B8C929A0E5AD4A90A4D3999 (DESKTOP-EEV8MES-23480).
[2021.11.21-02.58.32:375][  0]LogImageWrapper: Warning: PNG Warning: Duplicate iCCP chunk
[2021.11.21-02.58.32:376][  0]LogImageWrapper: Warning: PNG Warning: Duplicate iCCP chunk
[2021.11.21-02.58.32:376][  0]LogTcpMessaging: Initializing TcpMessaging bridge
[2021.11.21-02.58.32:406][  0]LogUdpMessaging: Initializing bridge on interface 0.0.0.0:0 to multicast group 230.0.0.1:6666.
[2021.11.21-02.58.34:544][  0]LogOpenImageDenoise: OIDN starting up
[2021.11.21-02.58.34:857][  0]LogAndroidPermission: UAndroidPermissionCallbackProxy::GetInstance
[2021.11.21-02.58.34:957][  0]LogAudioCaptureCore: Display: No Audio Capture implementations found. Audio input will be silent.
[2021.11.21-02.58.34:957][  0]LogAudioCaptureCore: Display: No Audio Capture implementations found. Audio input will be silent.
[2021.11.21-02.58.35:535][  0]SourceControl: Source control is disabled
[2021.11.21-02.58.35:536][  0]SourceControl: Source control is disabled
[2021.11.21-02.58.35:559][  0]SourceControl: Source control is disabled
[2021.11.21-02.58.35:579][  0]SourceControl: Source control is disabled
[2021.11.21-02.58.35:619][  0]SourceControl: Source control is disabled
[2021.11.21-02.58.35:640][  0]LogUProjectInfo: Found projects:
[2021.11.21-02.58.35:725][  0]LogCollectionManager: Loaded 0 collections in 0.001338 seconds
[2021.11.21-02.58.35:818][  0]LogFileCache: Scanning file cache for directory 'D:/I/Sousaku/FamilyReunionDinner/FamilyReunionDinner2/Saved/Collections/' took 0.00s
[2021.11.21-02.58.35:818][  0]LogFileCache: Scanning file cache for directory 'D:/I/Sousaku/FamilyReunionDinner/FamilyReunionDinner2/Content/Developers/sion9/Collections/' took 0.00s
[2021.11.21-02.58.35:818][  0]LogFileCache: Scanning file cache for directory 'D:/I/Sousaku/FamilyReunionDinner/FamilyReunionDinner2/Content/Collections/' took 0.00s
[2021.11.21-02.58.35:818][  0]LogOcInput: OculusInput pre-init called
[2021.11.21-02.58.36:318][  0]LogImageWrapper: Warning: PNG Warning: Duplicate iCCP chunk
[2021.11.21-02.58.36:318][  0]LogImageWrapper: Warning: PNG Warning: Duplicate iCCP chunk
[2021.11.21-02.58.36:318][  0]LogClass: Display: IntProperty FRoomPlayerInfoStruct::ID is not initialized properly. Module:FamilyReunionDinner2 File:RoomPlayerInfoStruct.h
[2021.11.21-02.58.36:318][  0]LogClass: Display: IntProperty FServerListInfoStruct::ID is not initialized properly. Module:FamilyReunionDinner2 File:ServerListInfoStruct.h
[2021.11.21-02.58.36:318][  0]LogClass: Display: IntProperty FServerListInfoStruct::curPlayerNum is not initialized properly. Module:FamilyReunionDinner2 File:ServerListInfoStruct.h
[2021.11.21-02.58.36:318][  0]LogClass: Display: IntProperty FServerListInfoStruct::maxPlayerNum is not initialized properly. Module:FamilyReunionDinner2 File:ServerListInfoStruct.h
[2021.11.21-02.58.36:319][  0]LogClass: Display: 4 Uninitialized script struct members found including 0 object properties
[2021.11.21-02.58.36:321][  0]LogAutomationTest: Warning: PNG Warning: Duplicate iCCP chunk
[2021.11.21-02.58.36:321][  0]LogAutomationTest: Warning: PNG Warning: Duplicate iCCP chunk
[2021.11.21-02.58.36:323][  0]LogEngine: Initializing Engine...
[2021.11.21-02.58.36:364][  0]LogHMD: Failed to enumerate extensions. Please check that you have a valid OpenXR runtime installed.
[2021.11.21-02.58.36:365][  0]LogHMD: Failed to initialize OpenVR with code 110
[2021.11.21-02.58.36:365][  0]LogMagicLeap: Warning: VR disabled because ZI is not enabled.  To enable, in the editor, Edit -> Project Settings -> Plugins -> Magic Leap Plugin -> Enable Zero Iteration
[2021.11.21-02.58.36:370][  0]LogStats: UGameplayTagsManager::InitializeManager -  0.002 s
[2021.11.21-02.58.36:697][  0]LogInit: Initializing FReadOnlyCVARCache
[2021.11.21-02.58.36:748][  0]LogAIModule: Creating AISystem for world Untitled
[2021.11.21-02.58.36:754][  0]LogAudio: Display: Initializing Audio Device Manager...
[2021.11.21-02.58.36:771][  0]LogAudio: Display: Loading Default Audio Settings Objects...
[2021.11.21-02.58.36:777][  0]LogAudio: Display: No default SoundConcurrencyObject specified (or failed to load).
[2021.11.21-02.58.36:779][  0]LogAudio: Display: Audio Device Manager Initialized
[2021.11.21-02.58.36:779][  0]LogAudio: Display: Creating Audio Device:                 Id: 1, Scope: Shared, Realtime: True
[2021.11.21-02.58.36:780][  0]LogAudioMixer: Display: Audio Mixer Platform Settings:
[2021.11.21-02.58.36:780][  0]LogAudioMixer: Display: 	Sample Rate:						  48000
[2021.11.21-02.58.36:780][  0]LogAudioMixer: Display: 	Callback Buffer Frame Size Requested: 1024
[2021.11.21-02.58.36:780][  0]LogAudioMixer: Display: 	Callback Buffer Frame Size To Use:	  1024
[2021.11.21-02.58.36:780][  0]LogAudioMixer: Display: 	Number of buffers to queue:			  2
[2021.11.21-02.58.36:780][  0]LogAudioMixer: Display: 	Max Channels (voices):				  32
[2021.11.21-02.58.36:780][  0]LogAudioMixer: Display: 	Number of Async Source Workers:		  0
[2021.11.21-02.58.36:780][  0]LogAudio: Display: AudioDevice MaxSources: 32
[2021.11.21-02.58.36:782][  0]LogAudio: Display: Audio Spatialization Plugin: None (built-in).
[2021.11.21-02.58.36:782][  0]LogAudio: Display: Audio Reverb Plugin: None (built-in).
[2021.11.21-02.58.36:782][  0]LogAudio: Display: Audio Occlusion Plugin: None (built-in).
[2021.11.21-02.58.36:782][  0]LogAudioMixer: Display: Initializing audio mixer.
[2021.11.21-02.58.36:906][  0]LogAudioMixer: Display: 0: FrontLeft
[2021.11.21-02.58.36:906][  0]LogAudioMixer: Display: 1: FrontRight
[2021.11.21-02.58.36:906][  0]LogAudioMixer: Display: 2: FrontCenter
[2021.11.21-02.58.36:906][  0]LogAudioMixer: Display: 3: LowFrequency
[2021.11.21-02.58.36:906][  0]LogAudioMixer: Display: 4: BackLeft
[2021.11.21-02.58.36:906][  0]LogAudioMixer: Display: 5: BackRight
[2021.11.21-02.58.36:906][  0]LogAudioMixer: Display: 6: SideLeft
[2021.11.21-02.58.36:906][  0]LogAudioMixer: Display: 7: SideRight
[2021.11.21-02.58.37:100][  0]LogAudioMixer: Display: Using Audio Device 扬声器/听筒 (Realtek(R) Audio)
[2021.11.21-02.58.37:102][  0]LogAudioMixer: Display: Initializing Sound Submixes...
[2021.11.21-02.58.37:125][  0]LogAudioMixer: Display: Creating Master Submix 'MasterSubmixDefault'
[2021.11.21-02.58.37:125][  0]LogAudioMixer: Display: Creating Master Submix 'MasterReverbSubmixDefault'
[2021.11.21-02.58.37:127][  0]LogAudioMixer: Display: Creating Master Submix 'MasterEQSubmixDefault'
[2021.11.21-02.58.37:127][  0]LogAudioMixer: FMixerPlatformXAudio2::StartAudioStream() called
[2021.11.21-02.58.37:127][  0]LogAudioMixer: Display: Output buffers initialized: Frames=1024, Channels=8, Samples=8192
[2021.11.21-02.58.37:128][  0]LogAudioMixer: Display: Starting AudioMixerPlatformInterface::RunInternal()
[2021.11.21-02.58.37:128][  0]LogAudioMixer: Display: FMixerPlatformXAudio2::SubmitBuffer() called for the first time
[2021.11.21-02.58.37:128][  0]LogInit: FAudioDevice initialized.
[2021.11.21-02.58.37:129][  0]LogAudio: Display: Audio Device (ID: 1) registered with world 'Untitled'.
[2021.11.21-02.58.37:129][  0]LogNetVersion: Set ProjectVersion to 1.0.0.0. Version Checksum will be recalculated on next use.
[2021.11.21-02.58.37:172][  0]LogDerivedDataCache: Saved boot cache 0.04s 94MB ../../../../../../../I/Sousaku/FamilyReunionDinner/FamilyReunionDinner2/DerivedDataCache/Boot.ddc.
[2021.11.21-02.58.37:173][  0]LogInit: Texture streaming: Enabled
[2021.11.21-02.58.37:235][  0]LogAnalytics: Display: [UEEditor.UnrealEngine.Release] APIServer = https://datarouter.ol.epicgames.com/. AppVersion = 4.27.1-0+++UE4+Release-4.27
[2021.11.21-02.58.37:257][  0]LogEngineSessionManager: EngineSessionManager initialized
[2021.11.21-02.58.37:257][  0]LogEditorSessionSummary: Verbose: Initializing EditorSessionSummaryWriter for editor session tracking
[2021.11.21-02.58.37:262][  0]LogEditorSessionSummary: EditorSessionSummaryWriter initialized
[2021.11.21-02.58.37:327][  0]LogInit: Transaction tracking system initialized
[2021.11.21-02.58.37:453][  0]BlueprintLog: New page: Editor Load
[2021.11.21-02.58.37:769][  0]LocalizationService: Localization service is disabled
[2021.11.21-02.58.37:922][  0]TimingProfiler: Initialize
[2021.11.21-02.58.37:923][  0]TimingProfiler: OnSessionChanged
[2021.11.21-02.58.37:923][  0]LoadingProfiler: Initialize
[2021.11.21-02.58.37:923][  0]LoadingProfiler: OnSessionChanged
[2021.11.21-02.58.37:923][  0]NetworkingProfiler: Initialize
[2021.11.21-02.58.37:924][  0]NetworkingProfiler: OnSessionChanged
[2021.11.21-02.58.37:924][  0]MemoryProfiler: Initialize
[2021.11.21-02.58.37:924][  0]MemoryProfiler: OnSessionChanged
[2021.11.21-02.58.38:697][  0]LogCook: Display: CookSettings for Memory: MemoryMaxUsedVirtual 0MiB, MemoryMaxUsedPhysical 16384MiB, MemoryMinFreeVirtual 0MiB, MemoryMinFreePhysical 1024MiB
[2021.11.21-02.58.38:697][  0]LogCook: Display: Mobile HDR setting 1
[2021.11.21-02.58.39:409][  0]LogFileCache: Scanning file cache for directory 'D:/I/Sousaku/FamilyReunionDinner/FamilyReunionDinner2/Content/' took 0.01s
[2021.11.21-02.58.39:998][  0]LogImageWrapper: Warning: PNG Warning: Duplicate iCCP chunk
[2021.11.21-02.58.39:998][  0]LogImageWrapper: Warning: PNG Warning: Duplicate iCCP chunk
[2021.11.21-02.58.39:998][  0]LogModuleManager: Warning: ModuleManager: Unable to load module 'SequenceRecorderSections'  - 0 instances of that module name found.
[2021.11.21-02.58.39:998][  0]LogInit: Display: Engine is initialized. Leaving FEngineLoop::Init()
[2021.11.21-02.58.40:005][  0]SourceControl: Source control is disabled
[2021.11.21-02.58.40:006][  0]LogUnrealEdMisc: Loading editor; pre map load, took 32.252
[2021.11.21-02.58.40:006][  0]Cmd: MAP LOAD FILE="../../../../../../../I/Sousaku/FamilyReunionDinner/FamilyReunionDinner2/Content/FirstPersonCPP/Maps/GameMenuMap.umap" TEMPLATE=0 SHOWPROGRESS=1 FEATURELEVEL=3
[2021.11.21-02.58.40:012][  0]LightingResults: New page: Lighting Build
[2021.11.21-02.58.40:017][  0]LogWorld: UWorld::CleanupWorld for Untitled, bSessionEnded=true, bCleanupResources=true
[2021.11.21-02.58.40:018][  0]LogSlate: InvalidateAllWidgets triggered.  All widgets were invalidated
[2021.11.21-02.58.40:019][  0]MapCheck: New page: Map Check
[2021.11.21-02.58.40:019][  0]LightingResults: New page: Lighting Build
[2021.11.21-02.58.40:029][  0]LogAudio: Display: Audio Device unregistered from world 'None'.
[2021.11.21-02.58.40:035][  0]LogUObjectHash: Compacting FUObjectHashTables data took   1.01ms
[2021.11.21-02.58.40:289][  0]LogAudio: Display: Audio Device (ID: 1) registered with world 'GameMenuMap'.
[2021.11.21-02.58.40:290][  0]LogAIModule: Creating AISystem for world GameMenuMap
[2021.11.21-02.58.40:323][  0]LogEditorServer: Finished looking for orphan Actors (0.000 secs)
[2021.11.21-02.58.40:335][  0]LogUObjectHash: Compacting FUObjectHashTables data took   0.99ms
[2021.11.21-02.58.40:336][  0]Cmd: MAP CHECKDEP NOCLEARLOG
[2021.11.21-02.58.40:336][  0]MapCheck: Map check complete: 0 Error(s), 0 Warning(s), took 0.23ms to complete.
[2021.11.21-02.58.40:336][  0]LogFileHelpers: Loading map 'GameMenuMap' took 0.330
[2021.11.21-02.58.40:355][  0]LogUnrealEdMisc: Total Editor Startup Time, took 32.601
[2021.11.21-02.58.40:534][  0]LogSlate: Updating window title bar state: overlay mode, drag disabled, window buttons hidden, title bar hidden
[2021.11.21-02.58.40:540][  0]LogSlate: Updating window title bar state: overlay mode, drag disabled, window buttons hidden, title bar hidden
[2021.11.21-02.58.40:546][  0]LogSlate: Updating window title bar state: overlay mode, drag disabled, window buttons hidden, title bar hidden
[2021.11.21-02.58.40:552][  0]LogSlate: Updating window title bar state: overlay mode, drag disabled, window buttons hidden, title bar hidden
[2021.11.21-02.58.40:590][  0]LogNativeClassHierarchy: Verbose: Native class hierarchy populated in 0.0130 seconds. Added 3834 classes and 926 folders.
[2021.11.21-02.58.40:597][  0]LogNativeClassHierarchy: Verbose: Native class hierarchy updated for 'WidgetCarousel' in 0.0003 seconds. Added 0 classes and 0 folders.
[2021.11.21-02.58.40:643][  0]LogShaderLibrary: Display: ShaderCodeLibraryPakFileMountedCallback: PakFile 'D:/G/User/Tools/UnrealEngine-release2/FeaturePacks/FP_FirstPerson.upack' (chunk index -1, root 'root:/') mounted
[2021.11.21-02.58.40:643][  0]LogShaderLibrary: Display: ShaderCodeLibraryPakFileMountedCallback: pending pak file info (ChunkID:-1 Root:root:/ File:D:/G/User/Tools/UnrealEngine-release2/FeaturePacks/FP_FirstPerson.upack)
[2021.11.21-02.58.40:643][  0]LogPakFile: OnPakFileMounted2Time == 0.000305
[2021.11.21-02.58.40:662][  0]LogShaderLibrary: Display: ShaderCodeLibraryPakFileMountedCallback: PakFile 'D:/G/User/Tools/UnrealEngine-release2/FeaturePacks/FP_FirstPersonBP.upack' (chunk index -1, root 'root:/') mounted
[2021.11.21-02.58.40:662][  0]LogShaderLibrary: Display: ShaderCodeLibraryPakFileMountedCallback: pending pak file info (ChunkID:-1 Root:root:/ File:D:/G/User/Tools/UnrealEngine-release2/FeaturePacks/FP_FirstPersonBP.upack)
[2021.11.21-02.58.40:662][  0]LogPakFile: OnPakFileMounted2Time == 0.000086
[2021.11.21-02.58.40:668][  0]LogShaderLibrary: Display: ShaderCodeLibraryPakFileMountedCallback: PakFile 'D:/G/User/Tools/UnrealEngine-release2/FeaturePacks/MobileStarterContent.upack' (chunk index -1, root 'root:/') mounted
[2021.11.21-02.58.40:668][  0]LogShaderLibrary: Display: ShaderCodeLibraryPakFileMountedCallback: pending pak file info (ChunkID:-1 Root:root:/ File:D:/G/User/Tools/UnrealEngine-release2/FeaturePacks/MobileStarterContent.upack)
[2021.11.21-02.58.40:668][  0]LogPakFile: OnPakFileMounted2Time == 0.000082
[2021.11.21-02.58.40:673][  0]LogShaderLibrary: Display: ShaderCodeLibraryPakFileMountedCallback: PakFile 'D:/G/User/Tools/UnrealEngine-release2/FeaturePacks/StarterContent.upack' (chunk index -1, root 'root:/') mounted
[2021.11.21-02.58.40:674][  0]LogShaderLibrary: Display: ShaderCodeLibraryPakFileMountedCallback: pending pak file info (ChunkID:-1 Root:root:/ File:D:/G/User/Tools/UnrealEngine-release2/FeaturePacks/StarterContent.upack)
[2021.11.21-02.58.40:674][  0]LogPakFile: OnPakFileMounted2Time == 0.000115
[2021.11.21-02.58.40:680][  0]LogShaderLibrary: Display: ShaderCodeLibraryPakFileMountedCallback: PakFile 'D:/G/User/Tools/UnrealEngine-release2/FeaturePacks/TP_2DSideScroller.upack' (chunk index -1, root 'root:/') mounted
[2021.11.21-02.58.40:680][  0]LogShaderLibrary: Display: ShaderCodeLibraryPakFileMountedCallback: pending pak file info (ChunkID:-1 Root:root:/ File:D:/G/User/Tools/UnrealEngine-release2/FeaturePacks/TP_2DSideScroller.upack)
[2021.11.21-02.58.40:680][  0]LogPakFile: OnPakFileMounted2Time == 0.000078
[2021.11.21-02.58.40:685][  0]LogShaderLibrary: Display: ShaderCodeLibraryPakFileMountedCallback: PakFile 'D:/G/User/Tools/UnrealEngine-release2/FeaturePacks/TP_2DSideScrollerBP.upack' (chunk index -1, root 'root:/') mounted
[2021.11.21-02.58.40:685][  0]LogShaderLibrary: Display: ShaderCodeLibraryPakFileMountedCallback: pending pak file info (ChunkID:-1 Root:root:/ File:D:/G/User/Tools/UnrealEngine-release2/FeaturePacks/TP_2DSideScrollerBP.upack)
[2021.11.21-02.58.40:685][  0]LogPakFile: OnPakFileMounted2Time == 0.000117
[2021.11.21-02.58.40:692][  0]LogShaderLibrary: Display: ShaderCodeLibraryPakFileMountedCallback: PakFile 'D:/G/User/Tools/UnrealEngine-release2/FeaturePacks/TP_Flying.upack' (chunk index -1, root 'root:/') mounted
[2021.11.21-02.58.40:692][  0]LogShaderLibrary: Display: ShaderCodeLibraryPakFileMountedCallback: pending pak file info (ChunkID:-1 Root:root:/ File:D:/G/User/Tools/UnrealEngine-release2/FeaturePacks/TP_Flying.upack)
[2021.11.21-02.58.40:692][  0]LogPakFile: OnPakFileMounted2Time == 0.000078
[2021.11.21-02.58.40:698][  0]LogShaderLibrary: Display: ShaderCodeLibraryPakFileMountedCallback: PakFile 'D:/G/User/Tools/UnrealEngine-release2/FeaturePacks/TP_FlyingBP.upack' (chunk index -1, root 'root:/') mounted
[2021.11.21-02.58.40:698][  0]LogShaderLibrary: Display: ShaderCodeLibraryPakFileMountedCallback: pending pak file info (ChunkID:-1 Root:root:/ File:D:/G/User/Tools/UnrealEngine-release2/FeaturePacks/TP_FlyingBP.upack)
[2021.11.21-02.58.40:698][  0]LogPakFile: OnPakFileMounted2Time == 0.000079
[2021.11.21-02.58.40:705][  0]LogShaderLibrary: Display: ShaderCodeLibraryPakFileMountedCallback: PakFile 'D:/G/User/Tools/UnrealEngine-release2/FeaturePacks/TP_Puzzle.upack' (chunk index -1, root 'root:/') mounted
[2021.11.21-02.58.40:706][  0]LogShaderLibrary: Display: ShaderCodeLibraryPakFileMountedCallback: pending pak file info (ChunkID:-1 Root:root:/ File:D:/G/User/Tools/UnrealEngine-release2/FeaturePacks/TP_Puzzle.upack)
[2021.11.21-02.58.40:706][  0]LogPakFile: OnPakFileMounted2Time == 0.000140
[2021.11.21-02.58.40:713][  0]LogShaderLibrary: Display: ShaderCodeLibraryPakFileMountedCallback: PakFile 'D:/G/User/Tools/UnrealEngine-release2/FeaturePacks/TP_PuzzleBP.upack' (chunk index -1, root 'root:/') mounted
[2021.11.21-02.58.40:713][  0]LogShaderLibrary: Display: ShaderCodeLibraryPakFileMountedCallback: pending pak file info (ChunkID:-1 Root:root:/ File:D:/G/User/Tools/UnrealEngine-release2/FeaturePacks/TP_PuzzleBP.upack)
[2021.11.21-02.58.40:713][  0]LogPakFile: OnPakFileMounted2Time == 0.000123
[2021.11.21-02.58.40:722][  0]LogShaderLibrary: Display: ShaderCodeLibraryPakFileMountedCallback: PakFile 'D:/G/User/Tools/UnrealEngine-release2/FeaturePacks/TP_Rolling.upack' (chunk index -1, root 'root:/') mounted
[2021.11.21-02.58.40:722][  0]LogShaderLibrary: Display: ShaderCodeLibraryPakFileMountedCallback: pending pak file info (ChunkID:-1 Root:root:/ File:D:/G/User/Tools/UnrealEngine-release2/FeaturePacks/TP_Rolling.upack)
[2021.11.21-02.58.40:722][  0]LogPakFile: OnPakFileMounted2Time == 0.000134
[2021.11.21-02.58.40:732][  0]LogShaderLibrary: Display: ShaderCodeLibraryPakFileMountedCallback: PakFile 'D:/G/User/Tools/UnrealEngine-release2/FeaturePacks/TP_RollingBP.upack' (chunk index -1, root 'root:/') mounted
[2021.11.21-02.58.40:732][  0]LogShaderLibrary: Display: ShaderCodeLibraryPakFileMountedCallback: pending pak file info (ChunkID:-1 Root:root:/ File:D:/G/User/Tools/UnrealEngine-release2/FeaturePacks/TP_RollingBP.upack)
[2021.11.21-02.58.40:732][  0]LogPakFile: OnPakFileMounted2Time == 0.000136
[2021.11.21-02.58.40:740][  0]LogShaderLibrary: Display: ShaderCodeLibraryPakFileMountedCallback: PakFile 'D:/G/User/Tools/UnrealEngine-release2/FeaturePacks/TP_SideScroller.upack' (chunk index -1, root 'root:/') mounted
[2021.11.21-02.58.40:740][  0]LogShaderLibrary: Display: ShaderCodeLibraryPakFileMountedCallback: pending pak file info (ChunkID:-1 Root:root:/ File:D:/G/User/Tools/UnrealEngine-release2/FeaturePacks/TP_SideScroller.upack)
[2021.11.21-02.58.40:740][  0]LogPakFile: OnPakFileMounted2Time == 0.000092
[2021.11.21-02.58.40:749][  0]LogShaderLibrary: Display: ShaderCodeLibraryPakFileMountedCallback: PakFile 'D:/G/User/Tools/UnrealEngine-release2/FeaturePacks/TP_SideScrollerBP.upack' (chunk index -1, root 'root:/') mounted
[2021.11.21-02.58.40:749][  0]LogShaderLibrary: Display: ShaderCodeLibraryPakFileMountedCallback: pending pak file info (ChunkID:-1 Root:root:/ File:D:/G/User/Tools/UnrealEngine-release2/FeaturePacks/TP_SideScrollerBP.upack)
[2021.11.21-02.58.40:749][  0]LogPakFile: OnPakFileMounted2Time == 0.000181
[2021.11.21-02.58.40:760][  0]LogShaderLibrary: Display: ShaderCodeLibraryPakFileMountedCallback: PakFile 'D:/G/User/Tools/UnrealEngine-release2/FeaturePacks/TP_ThirdPerson.upack' (chunk index -1, root 'root:/') mounted
[2021.11.21-02.58.40:760][  0]LogShaderLibrary: Display: ShaderCodeLibraryPakFileMountedCallback: pending pak file info (ChunkID:-1 Root:root:/ File:D:/G/User/Tools/UnrealEngine-release2/FeaturePacks/TP_ThirdPerson.upack)
[2021.11.21-02.58.40:760][  0]LogPakFile: OnPakFileMounted2Time == 0.000133
[2021.11.21-02.58.40:769][  0]LogShaderLibrary: Display: ShaderCodeLibraryPakFileMountedCallback: PakFile 'D:/G/User/Tools/UnrealEngine-release2/FeaturePacks/TP_ThirdPersonBP.upack' (chunk index -1, root 'root:/') mounted
[2021.11.21-02.58.40:769][  0]LogShaderLibrary: Display: ShaderCodeLibraryPakFileMountedCallback: pending pak file info (ChunkID:-1 Root:root:/ File:D:/G/User/Tools/UnrealEngine-release2/FeaturePacks/TP_ThirdPersonBP.upack)
[2021.11.21-02.58.40:770][  0]LogPakFile: OnPakFileMounted2Time == 0.000118
[2021.11.21-02.58.40:778][  0]LogShaderLibrary: Display: ShaderCodeLibraryPakFileMountedCallback: PakFile 'D:/G/User/Tools/UnrealEngine-release2/FeaturePacks/TP_TopDown.upack' (chunk index -1, root 'root:/') mounted
[2021.11.21-02.58.40:778][  0]LogShaderLibrary: Display: ShaderCodeLibraryPakFileMountedCallback: pending pak file info (ChunkID:-1 Root:root:/ File:D:/G/User/Tools/UnrealEngine-release2/FeaturePacks/TP_TopDown.upack)
[2021.11.21-02.58.40:778][  0]LogPakFile: OnPakFileMounted2Time == 0.000143
[2021.11.21-02.58.40:788][  0]LogShaderLibrary: Display: ShaderCodeLibraryPakFileMountedCallback: PakFile 'D:/G/User/Tools/UnrealEngine-release2/FeaturePacks/TP_TopDownBP.upack' (chunk index -1, root 'root:/') mounted
[2021.11.21-02.58.40:788][  0]LogShaderLibrary: Display: ShaderCodeLibraryPakFileMountedCallback: pending pak file info (ChunkID:-1 Root:root:/ File:D:/G/User/Tools/UnrealEngine-release2/FeaturePacks/TP_TopDownBP.upack)
[2021.11.21-02.58.40:788][  0]LogPakFile: OnPakFileMounted2Time == 0.000101
[2021.11.21-02.58.40:795][  0]LogShaderLibrary: Display: ShaderCodeLibraryPakFileMountedCallback: PakFile 'D:/G/User/Tools/UnrealEngine-release2/FeaturePacks/TP_TwinStick.upack' (chunk index -1, root 'root:/') mounted
[2021.11.21-02.58.40:795][  0]LogShaderLibrary: Display: ShaderCodeLibraryPakFileMountedCallback: pending pak file info (ChunkID:-1 Root:root:/ File:D:/G/User/Tools/UnrealEngine-release2/FeaturePacks/TP_TwinStick.upack)
[2021.11.21-02.58.40:795][  0]LogPakFile: OnPakFileMounted2Time == 0.000099
[2021.11.21-02.58.40:802][  0]LogShaderLibrary: Display: ShaderCodeLibraryPakFileMountedCallback: PakFile 'D:/G/User/Tools/UnrealEngine-release2/FeaturePacks/TP_TwinStickBP.upack' (chunk index -1, root 'root:/') mounted
[2021.11.21-02.58.40:802][  0]LogShaderLibrary: Display: ShaderCodeLibraryPakFileMountedCallback: pending pak file info (ChunkID:-1 Root:root:/ File:D:/G/User/Tools/UnrealEngine-release2/FeaturePacks/TP_TwinStickBP.upack)
[2021.11.21-02.58.40:802][  0]LogPakFile: OnPakFileMounted2Time == 0.000090
[2021.11.21-02.58.40:809][  0]LogShaderLibrary: Display: ShaderCodeLibraryPakFileMountedCallback: PakFile 'D:/G/User/Tools/UnrealEngine-release2/FeaturePacks/TP_Vehicle.upack' (chunk index -1, root 'root:/') mounted
[2021.11.21-02.58.40:809][  0]LogShaderLibrary: Display: ShaderCodeLibraryPakFileMountedCallback: pending pak file info (ChunkID:-1 Root:root:/ File:D:/G/User/Tools/UnrealEngine-release2/FeaturePacks/TP_Vehicle.upack)
[2021.11.21-02.58.40:809][  0]LogPakFile: OnPakFileMounted2Time == 0.000107
[2021.11.21-02.58.40:817][  0]LogShaderLibrary: Display: ShaderCodeLibraryPakFileMountedCallback: PakFile 'D:/G/User/Tools/UnrealEngine-release2/FeaturePacks/TP_VehicleAdv.upack' (chunk index -1, root 'root:/') mounted
[2021.11.21-02.58.40:817][  0]LogShaderLibrary: Display: ShaderCodeLibraryPakFileMountedCallback: pending pak file info (ChunkID:-1 Root:root:/ File:D:/G/User/Tools/UnrealEngine-release2/FeaturePacks/TP_VehicleAdv.upack)
[2021.11.21-02.58.40:817][  0]LogPakFile: OnPakFileMounted2Time == 0.000091
[2021.11.21-02.58.40:823][  0]LogShaderLibrary: Display: ShaderCodeLibraryPakFileMountedCallback: PakFile 'D:/G/User/Tools/UnrealEngine-release2/FeaturePacks/TP_VehicleAdvBP.upack' (chunk index -1, root 'root:/') mounted
[2021.11.21-02.58.40:823][  0]LogShaderLibrary: Display: ShaderCodeLibraryPakFileMountedCallback: pending pak file info (ChunkID:-1 Root:root:/ File:D:/G/User/Tools/UnrealEngine-release2/FeaturePacks/TP_VehicleAdvBP.upack)
[2021.11.21-02.58.40:823][  0]LogPakFile: OnPakFileMounted2Time == 0.000089
[2021.11.21-02.58.40:831][  0]LogShaderLibrary: Display: ShaderCodeLibraryPakFileMountedCallback: PakFile 'D:/G/User/Tools/UnrealEngine-release2/FeaturePacks/TP_VehicleBP.upack' (chunk index -1, root 'root:/') mounted
[2021.11.21-02.58.40:831][  0]LogShaderLibrary: Display: ShaderCodeLibraryPakFileMountedCallback: pending pak file info (ChunkID:-1 Root:root:/ File:D:/G/User/Tools/UnrealEngine-release2/FeaturePacks/TP_VehicleBP.upack)
[2021.11.21-02.58.40:831][  0]LogPakFile: OnPakFileMounted2Time == 0.000091
[2021.11.21-02.58.40:837][  0]LogPakFile: PakFile PrimaryIndexSize=192
[2021.11.21-02.58.40:837][  0]LogPakFile: PakFile PathHashIndexSize=101
[2021.11.21-02.58.40:838][  0]LogPakFile: PakFile FullDirectoryIndexSize=158
[2021.11.21-02.58.40:838][  0]LogShaderLibrary: Display: ShaderCodeLibraryPakFileMountedCallback: PakFile 'D:/G/User/Tools/UnrealEngine-release2/FeaturePacks/TP_VirtualRealityBP.upack' (chunk index -1, root 'root:/') mounted
[2021.11.21-02.58.40:838][  0]LogShaderLibrary: Display: ShaderCodeLibraryPakFileMountedCallback: pending pak file info (ChunkID:-1 Root:root:/ File:D:/G/User/Tools/UnrealEngine-release2/FeaturePacks/TP_VirtualRealityBP.upack)
[2021.11.21-02.58.40:838][  0]LogPakFile: OnPakFileMounted2Time == 0.000052
[2021.11.21-02.58.41:364][  0]LogNativeClassHierarchy: Verbose: Native class hierarchy updated for 'AddContentDialog' in 0.0007 seconds. Added 0 classes and 0 folders.
[2021.11.21-02.58.41:373][  0]LogNativeClassHierarchy: Verbose: Native class hierarchy updated for 'SceneOutliner' in 0.0003 seconds. Added 2 classes and 0 folders.
[2021.11.21-02.58.41:553][  0]LogSlate: Took 0.005349 seconds to synchronously load lazily loaded font '../../../Engine/Content/Slate/Fonts/Roboto-Regular.ttf' (155K)
[2021.11.21-02.58.41:560][  0]LogSlate: Took 0.005860 seconds to synchronously load lazily loaded font '../../../Engine/Content/Editor/Slate/Fonts/FontAwesome.ttf' (139K)
[2021.11.21-02.58.41:567][  0]LogSlate: Took 0.005310 seconds to synchronously load lazily loaded font '../../../Engine/Content/Slate/Fonts/Roboto-Bold.ttf' (160K)
[2021.11.21-02.58.41:581][  0]LogSlate: Took 0.007695 seconds to synchronously load lazily loaded font '../../../Engine/Content/Slate/Fonts/DroidSansMono.ttf' (77K)
[2021.11.21-02.58.41:662][  0]LogSlate: Took 0.010987 seconds to synchronously load lazily loaded font '../../../Engine/Content/Slate/Fonts/DroidSansFallback.ttf' (3848K)
[2021.11.21-02.58.41:862][  0]LogRenderer: Reallocating scene render targets to support 744x420 Format 10 NumSamples 1 (Frame:1).
[2021.11.21-02.58.42:083][  0]LogNativeClassHierarchy: Verbose: Native class hierarchy updated for 'HierarchicalLODOutliner' in 0.0003 seconds. Added 0 classes and 0 folders.
[2021.11.21-02.58.42:083][  0]LogLoad: (Engine Initialization) Total time: 34.33 seconds
[2021.11.21-02.58.42:083][  0]LogLoad: (Engine Initialization) Total Blueprint compile time: 0.00 seconds
[2021.11.21-02.58.42:158][  0]LogAssetRegistry: Asset discovery search completed in 18.4858 seconds
[2021.11.21-02.58.42:204][  0]LogCollectionManager: Fixed up redirectors for 0 collections in 0.000013 seconds (updated 0 objects)
[2021.11.21-02.58.42:210][  0]LogContentStreaming: Texture pool size now 1000 MB
[2021.11.21-02.59.31:106][195]LogSlate: Took 0.005076 seconds to synchronously load lazily loaded font '../../../Engine/Content/Slate/Fonts/Roboto-Light.ttf' (167K)
