  Using 'git status' to determine working set for adaptive non-unity build (D:\I\Sousaku\FamilyReunionDinner).
  Parsing headers for FamilyReunionDinner2Editor
    Running UnrealHeaderTool "D:\I\Sousaku\FamilyReunionDinner\FamilyReunionDinner2\FamilyReunionDinner2.uproject" "D:\I\Sousaku\FamilyReunionDinner\FamilyReunionDinner2\Intermediate\Build\Win64\FamilyReunionDinner2Editor\Development\FamilyReunionDinner2Editor.uhtmanifest" -LogCmds="loginit warning, logexit warning, logdatabase error" -Unattended -WarningsAsErrors -abslog="C:\Users\sion9\AppData\Local\UnrealBuildTool\Log_UHT.txt" -installed
  LogInit: Display: Loading text-based GConfig....
LogCompile : error : Circular dependency detected for filename D:\I\Sousaku\FamilyReunionDinner\FamilyReunionDinner2\Source\FamilyReunionDinner2\APIClass.h!
LogCompile : error : Circular dependency detected for filename D:\I\Sousaku\FamilyReunionDinner\FamilyReunionDinner2\Source\FamilyReunionDinner2\RecipeCard.h!
LogCompile : error : Circular dependency detected for filename D:\I\Sousaku\FamilyReunionDinner\FamilyReunionDinner2\Source\FamilyReunionDinner2\APIClass.h!
LogCompile : error : Circular dependency detected for filename D:\I\Sousaku\FamilyReunionDinner\FamilyReunionDinner2\Source\FamilyReunionDinner2\APIClass.h!
  Reflection code generated for FamilyReunionDinner2Editor in 4.6616558 seconds
  Building FamilyReunionDinner2Editor...
  Using Visual Studio 2017 14.16.27045 toolchain (C:\Program Files (x86)\Microsoft Visual Studio\2017\Community\VC\Tools\MSVC\14.16.27023) and Windows 10.0.17763.0 SDK (C:\Program Files (x86)\Windows Kits\10).
  Building 21 actions with 12 processes...
    [1/21] RecipeCard.gen.cpp
D:\I\Sousaku\FamilyReunionDinner\FamilyReunionDinner2\Source\FamilyReunionDinner2/RecipeCard.h(30): error C3646: 'data': unknown override specifier
D:\I\Sousaku\FamilyReunionDinner\FamilyReunionDinner2\Source\FamilyReunionDinner2/RecipeCard.h(30): error C4430: missing type specifier - int assumed. Note: C++ does not support default-int
D:\I\Sousaku\FamilyReunionDinner\FamilyReunionDinner2\Intermediate\Build\Win64\UE4Editor\Inc\FamilyReunionDinner2\RecipeCard.gen.cpp(101): error C2039: 'data': is not a member of 'ARecipeCard'
    D:\I\Sousaku\FamilyReunionDinner\FamilyReunionDinner2\Source\FamilyReunionDinner2/RecipeCard.h(13): note: see declaration of 'ARecipeCard'
D:\I\Sousaku\FamilyReunionDinner\FamilyReunionDinner2\Intermediate\Build\Win64\UE4Editor\Inc\FamilyReunionDinner2\RecipeCard.gen.cpp(101): error C2618: illegal member designator in offsetof
    D:\I\Sousaku\FamilyReunionDinner\FamilyReunionDinner2\Intermediate\Build\Win64\UE4Editor\Inc\FamilyReunionDinner2\RecipeCard.gen.cpp(101): note: offsetof has a builtin meaning; use /Zc:offsetof- to revert to old, non-conforming definition
    [2/21] FamilyReunionDinner2HUD.gen.cpp
d:\i\sousaku\familyreuniondinner\familyreuniondinner2\source\familyreuniondinner2\RecipeCard.h(30): error C3646: 'data': unknown override specifier
d:\i\sousaku\familyreuniondinner\familyreuniondinner2\source\familyreuniondinner2\RecipeCard.h(30): error C4430: missing type specifier - int assumed. Note: C++ does not support default-int
    [3/21] FamilyReunionDinner2HUD.cpp
d:\i\sousaku\familyreuniondinner\familyreuniondinner2\source\familyreuniondinner2\RecipeCard.h(30): error C3646: 'data': unknown override specifier
d:\i\sousaku\familyreuniondinner\familyreuniondinner2\source\familyreuniondinner2\RecipeCard.h(30): error C4430: missing type specifier - int assumed. Note: C++ does not support default-int
    [4/21] FamilyReunionDinner2Character.cpp
d:\i\sousaku\familyreuniondinner\familyreuniondinner2\source\familyreuniondinner2\RecipeCard.h(30): error C3646: 'data': unknown override specifier
d:\i\sousaku\familyreuniondinner\familyreuniondinner2\source\familyreuniondinner2\RecipeCard.h(30): error C4430: missing type specifier - int assumed. Note: C++ does not support default-int
D:\I\Sousaku\FamilyReunionDinner\FamilyReunionDinner2\Source\FamilyReunionDinner2\FamilyReunionDinner2Character.cpp(90): error C2065: 'AMyGameStateBase': undeclared identifier
D:\I\Sousaku\FamilyReunionDinner\FamilyReunionDinner2\Source\FamilyReunionDinner2\FamilyReunionDinner2Character.cpp(90): error C2672: 'Cast': no matching overloaded function found
D:\I\Sousaku\FamilyReunionDinner\FamilyReunionDinner2\Source\FamilyReunionDinner2\FamilyReunionDinner2Character.cpp(90): error C2974: 'Cast': invalid template argument for 'T', type expected
    C:\Program Files\Epic Games\UE_4.27\Engine\Source\Runtime\Engine\Classes\Engine/World.h(107): note: see declaration of 'Cast'
D:\I\Sousaku\FamilyReunionDinner\FamilyReunionDinner2\Source\FamilyReunionDinner2\FamilyReunionDinner2Character.cpp(90): error C2974: 'Cast': invalid template argument for 'To', type expected
    C:\Program Files\Epic Games\UE_4.27\Engine\Source\Runtime\CoreUObject\Public\Templates/Casts.h(109): note: see declaration of 'Cast'
D:\I\Sousaku\FamilyReunionDinner\FamilyReunionDinner2\Source\FamilyReunionDinner2\FamilyReunionDinner2Character.cpp(133): error C2065: 'AMyGameStateBase': undeclared identifier
D:\I\Sousaku\FamilyReunionDinner\FamilyReunionDinner2\Source\FamilyReunionDinner2\FamilyReunionDinner2Character.cpp(133): error C2672: 'Cast': no matching overloaded function found
D:\I\Sousaku\FamilyReunionDinner\FamilyReunionDinner2\Source\FamilyReunionDinner2\FamilyReunionDinner2Character.cpp(133): error C2974: 'Cast': invalid template argument for 'T', type expected
    C:\Program Files\Epic Games\UE_4.27\Engine\Source\Runtime\Engine\Classes\Engine/World.h(107): note: see declaration of 'Cast'
D:\I\Sousaku\FamilyReunionDinner\FamilyReunionDinner2\Source\FamilyReunionDinner2\FamilyReunionDinner2Character.cpp(133): error C2974: 'Cast': invalid template argument for 'To', type expected
    C:\Program Files\Epic Games\UE_4.27\Engine\Source\Runtime\CoreUObject\Public\Templates/Casts.h(109): note: see declaration of 'Cast'
    [5/21] FamilyReunionDinner2Character.gen.cpp
d:\i\sousaku\familyreuniondinner\familyreuniondinner2\source\familyreuniondinner2\RecipeCard.h(30): error C3646: 'data': unknown override specifier
d:\i\sousaku\familyreuniondinner\familyreuniondinner2\source\familyreuniondinner2\RecipeCard.h(30): error C4430: missing type specifier - int assumed. Note: C++ does not support default-int
    [6/21] RecipeCard.cpp
d:\i\sousaku\familyreuniondinner\familyreuniondinner2\source\familyreuniondinner2\RecipeCard.h(30): error C3646: 'data': unknown override specifier
d:\i\sousaku\familyreuniondinner\familyreuniondinner2\source\familyreuniondinner2\RecipeCard.h(30): error C4430: missing type specifier - int assumed. Note: C++ does not support default-int
D:\I\Sousaku\FamilyReunionDinner\FamilyReunionDinner2\Source\FamilyReunionDinner2\RecipeCard.cpp(32): error C2039: 'data': is not a member of 'ARecipeCard'
    d:\i\sousaku\familyreuniondinner\familyreuniondinner2\source\familyreuniondinner2\RecipeCard.h(13): note: see declaration of 'ARecipeCard'
D:\I\Sousaku\FamilyReunionDinner\FamilyReunionDinner2\Source\FamilyReunionDinner2\RecipeCard.cpp(32): error C2672: 'UE4Asserts_Private::GetMemberNameCheckedJunk': no matching overloaded function found
D:\I\Sousaku\FamilyReunionDinner\FamilyReunionDinner2\Source\FamilyReunionDinner2\RecipeCard.cpp(32): error C2660: 'GetReplicatedProperty': function does not take 2 arguments
    C:\Program Files\Epic Games\UE_4.27\Engine\Source\Runtime\Engine\Public\Net/UnrealNetwork.h(185): note: see declaration of 'GetReplicatedProperty'
D:\I\Sousaku\FamilyReunionDinner\FamilyReunionDinner2\Source\FamilyReunionDinner2\RecipeCard.cpp(45): error C2065: 'data': undeclared identifier
D:\I\Sousaku\FamilyReunionDinner\FamilyReunionDinner2\Source\FamilyReunionDinner2\RecipeCard.cpp(50): error C2065: 'data': undeclared identifier
D:\I\Sousaku\FamilyReunionDinner\FamilyReunionDinner2\Source\FamilyReunionDinner2\RecipeCard.cpp(56): error C2065: 'data': undeclared identifier
D:\I\Sousaku\FamilyReunionDinner\FamilyReunionDinner2\Source\FamilyReunionDinner2\RecipeCard.cpp(56): error C2672: 'FString::Append': no matching overloaded function found
D:\I\Sousaku\FamilyReunionDinner\FamilyReunionDinner2\Source\FamilyReunionDinner2\RecipeCard.cpp(56): error C2780: 'FString &FString::Append(const CharType *,int32)': expects 2 arguments - 1 provided
    C:\Program Files\Epic Games\UE_4.27\Engine\Source\Runtime\Core\Public\Containers/UnrealString.h(489): note: see declaration of 'FString::Append'
D:\I\Sousaku\FamilyReunionDinner\FamilyReunionDinner2\Source\FamilyReunionDinner2\RecipeCard.cpp(62): error C2065: 'data': undeclared identifier
D:\I\Sousaku\FamilyReunionDinner\FamilyReunionDinner2\Source\FamilyReunionDinner2\RecipeCard.cpp(62): error C2672: 'FString::Append': no matching overloaded function found
D:\I\Sousaku\FamilyReunionDinner\FamilyReunionDinner2\Source\FamilyReunionDinner2\RecipeCard.cpp(62): error C2780: 'FString &FString::Append(const CharType *,int32)': expects 2 arguments - 1 provided
    C:\Program Files\Epic Games\UE_4.27\Engine\Source\Runtime\Core\Public\Containers/UnrealString.h(489): note: see declaration of 'FString::Append'
D:\I\Sousaku\FamilyReunionDinner\FamilyReunionDinner2\Source\FamilyReunionDinner2\RecipeCard.cpp(68): error C2065: 'data': undeclared identifier
D:\I\Sousaku\FamilyReunionDinner\FamilyReunionDinner2\Source\FamilyReunionDinner2\RecipeCard.cpp(68): error C2672: 'FString::Append': no matching overloaded function found
D:\I\Sousaku\FamilyReunionDinner\FamilyReunionDinner2\Source\FamilyReunionDinner2\RecipeCard.cpp(68): error C2780: 'FString &FString::Append(const CharType *,int32)': expects 2 arguments - 1 provided
    C:\Program Files\Epic Games\UE_4.27\Engine\Source\Runtime\Core\Public\Containers/UnrealString.h(489): note: see declaration of 'FString::Append'
D:\I\Sousaku\FamilyReunionDinner\FamilyReunionDinner2\Source\FamilyReunionDinner2\RecipeCard.cpp(73): error C2065: 'data': undeclared identifier
    [7/21] CookingCard.gen.cpp
    [8/21] FamilyReunionDinner2GameMode.cpp
    [9/21] MyPlayerState.cpp
    [10/21] GameMenuCharacter.cpp
    [11/21] MyPlayerState.gen.cpp
    [12/21] CookingCard.cpp
D:\I\Sousaku\FamilyReunionDinner\FamilyReunionDinner2\Source\FamilyReunionDinner2\CookingCard.cpp(44): warning C4996: 'UTextRenderComponent::SetText': Passing text as FString is deprecated, please use FText instead (likely via a LOCTEXT). Please update your code to the new API before upgrading to the next release, otherwise your project will no longer compile.
    C:\Program Files\Epic Games\UE_4.27\Engine\Source\Runtime\Engine\Classes\Components/TextRenderComponent.h(108): note: see declaration of 'UTextRenderComponent::SetText'
D:\I\Sousaku\FamilyReunionDinner\FamilyReunionDinner2\Source\FamilyReunionDinner2\CookingCard.cpp(49): warning C4996: 'UTextRenderComponent::SetText': Passing text as FString is deprecated, please use FText instead (likely via a LOCTEXT). Please update your code to the new API before upgrading to the next release, otherwise your project will no longer compile.
    C:\Program Files\Epic Games\UE_4.27\Engine\Source\Runtime\Engine\Classes\Components/TextRenderComponent.h(108): note: see declaration of 'UTextRenderComponent::SetText'
D:\I\Sousaku\FamilyReunionDinner\FamilyReunionDinner2\Source\FamilyReunionDinner2\CookingCard.cpp(53): warning C4996: 'UTextRenderComponent::SetText': Passing text as FString is deprecated, please use FText instead (likely via a LOCTEXT). Please update your code to the new API before upgrading to the next release, otherwise your project will no longer compile.
    C:\Program Files\Epic Games\UE_4.27\Engine\Source\Runtime\Engine\Classes\Components/TextRenderComponent.h(108): note: see declaration of 'UTextRenderComponent::SetText'
    [13/21] IngredientCard.cpp
D:\I\Sousaku\FamilyReunionDinner\FamilyReunionDinner2\Source\FamilyReunionDinner2\IngredientCard.cpp(44): warning C4996: 'UTextRenderComponent::SetText': Passing text as FString is deprecated, please use FText instead (likely via a LOCTEXT). Please update your code to the new API before upgrading to the next release, otherwise your project will no longer compile.
    C:\Program Files\Epic Games\UE_4.27\Engine\Source\Runtime\Engine\Classes\Components/TextRenderComponent.h(108): note: see declaration of 'UTextRenderComponent::SetText'
D:\I\Sousaku\FamilyReunionDinner\FamilyReunionDinner2\Source\FamilyReunionDinner2\IngredientCard.cpp(49): warning C4996: 'UTextRenderComponent::SetText': Passing text as FString is deprecated, please use FText instead (likely via a LOCTEXT). Please update your code to the new API before upgrading to the next release, otherwise your project will no longer compile.
    C:\Program Files\Epic Games\UE_4.27\Engine\Source\Runtime\Engine\Classes\Components/TextRenderComponent.h(108): note: see declaration of 'UTextRenderComponent::SetText'
D:\I\Sousaku\FamilyReunionDinner\FamilyReunionDinner2\Source\FamilyReunionDinner2\IngredientCard.cpp(54): warning C4996: 'UTextRenderComponent::SetText': Passing text as FString is deprecated, please use FText instead (likely via a LOCTEXT). Please update your code to the new API before upgrading to the next release, otherwise your project will no longer compile.
    C:\Program Files\Epic Games\UE_4.27\Engine\Source\Runtime\Engine\Classes\Components/TextRenderComponent.h(108): note: see declaration of 'UTextRenderComponent::SetText'
D:\I\Sousaku\FamilyReunionDinner\FamilyReunionDinner2\Source\FamilyReunionDinner2\IngredientCard.cpp(59): warning C4996: 'UTextRenderComponent::SetText': Passing text as FString is deprecated, please use FText instead (likely via a LOCTEXT). Please update your code to the new API before upgrading to the next release, otherwise your project will no longer compile.
    C:\Program Files\Epic Games\UE_4.27\Engine\Source\Runtime\Engine\Classes\Components/TextRenderComponent.h(108): note: see declaration of 'UTextRenderComponent::SetText'
    [14/21] MyGameStateBase.gen.cpp
    [15/21] APIClass.gen.cpp
    [16/21] MyGameStateBase.cpp
    [17/21] APIClass.cpp
    [18/21] IngredientCard.gen.cpp
C:\Program Files (x86)\Microsoft Visual Studio\2017\Community\Common7\IDE\VC\VCTargets\Microsoft.MakeFile.Targets(44,5): error MSB3073: The command ""C:\Program Files\Epic Games\UE_4.27\Engine\Build\BatchFiles\Build.bat" FamilyReunionDinner2Editor Win64 Development -Project="D:\I\Sousaku\FamilyReunionDinner\FamilyReunionDinner2\FamilyReunionDinner2.uproject" -WaitMutex -FromMsBuild" exited with code 6.
