Log file open, 11/16/21 00:35:57
LogWindows: Failed to load 'aqProf.dll' (GetLastError=126)
LogWindows: File 'aqProf.dll' does not exist
LogWindows: Failed to load 'VtuneApi.dll' (GetLastError=126)
LogWindows: File 'VtuneApi.dll' does not exist
LogWindows: Failed to load 'VtuneApi32e.dll' (GetLastError=126)
LogWindows: File 'VtuneApi32e.dll' does not exist
LogConsoleResponse: Display: Failed to find resolution value strings in scalability ini. Falling back to default.
LogConsoleResponse: Display: Failed to find resolution value strings in scalability ini. Falling back to default.
LogPakFile: Display: Found Pak file ../../../FamilyReunionDinner2/Content/Paks/FamilyReunionDinner2-WindowsServer.pak attempting to mount.
LogPakFile: Display: Mounting pak file ../../../FamilyReunionDinner2/Content/Paks/FamilyReunionDinner2-WindowsServer.pak.
LogPakFile: PakFile PrimaryIndexSize=24458
LogPakFile: PakFile PathHashIndexSize=45567
LogPakFile: PakFile FullDirectoryIndexSize=57541
LogShaderLibrary: Display: ShaderCodeLibraryPakFileMountedCallback: PakFile '../../../FamilyReunionDinner2/Content/Paks/FamilyReunionDinner2-WindowsServer.pak' (chunk index -1, root '../../../') mounted
LogShaderLibrary: Display: ShaderCodeLibraryPakFileMountedCallback: pending pak file info (ChunkID:-1 Root:../../../ File:../../../FamilyReunionDinner2/Content/Paks/FamilyReunionDinner2-WindowsServer.pak)
LogPakFile: OnPakFileMounted2Time == 0.000041
LogPlatformFile: Not using cached read wrapper
LogTaskGraph: Started task graph with 5 named threads and 9 total threads with 1 sets of task threads.
LogStats: Stats thread started at 0.084830
LogICUInternationalization: ICU TimeZone Detection - Raw Offset: -5:00, Platform Override: ''
LogInit: Display: Loading text-based GConfig....
LogPluginManager: Mounting plugin Paper2D
LogPluginManager: Mounting plugin AISupport
LogPluginManager: Mounting plugin EnvironmentQueryEditor
LogPluginManager: Mounting plugin LightPropagationVolume
LogPluginManager: Mounting plugin CameraShakePreviewer
LogPluginManager: Mounting plugin GameplayCameras
LogPluginManager: Mounting plugin TemplateSequence
LogPluginManager: Mounting plugin LevelSequenceEditor
LogPluginManager: Mounting plugin OodleData
LogPluginManager: Mounting plugin OodleNetwork
LogPluginManager: Mounting plugin AnimationSharing
LogPluginManager: Mounting plugin SignificanceManager
LogPluginManager: Mounting plugin PluginUtils
LogPluginManager: Mounting plugin PropertyAccessEditor
LogPluginManager: Mounting plugin UObjectPlugin
LogPluginManager: Mounting plugin AssetManagerEditor
LogPluginManager: Mounting plugin FacialAnimation
LogPluginManager: Mounting plugin GeometryMode
LogPluginManager: Mounting plugin SpeedTreeImporter
LogPluginManager: Mounting plugin DatasmithContent
LogPluginManager: Mounting plugin VariantManagerContent
LogPluginManager: Mounting plugin AlembicImporter
LogPluginManager: Mounting plugin GeometryCache
LogPluginManager: Mounting plugin AutomationUtils
LogPluginManager: Mounting plugin ScreenshotTools
LogPluginManager: Mounting plugin BackChannel
LogPluginManager: Mounting plugin ChaosClothEditor
LogPluginManager: Mounting plugin ChaosCloth
LogPluginManager: Mounting plugin ChaosEditor
LogPluginManager: Mounting plugin PlanarCut
LogPluginManager: Mounting plugin GeometryProcessing
LogPluginManager: Mounting plugin EditableMesh
LogPluginManager: Mounting plugin GeometryCollectionPlugin
LogPluginManager: Mounting plugin ProceduralMeshComponent
LogPluginManager: Mounting plugin ChaosSolverPlugin
LogPluginManager: Mounting plugin ChaosNiagara
LogPluginManager: Mounting plugin Niagara
LogPluginManager: Mounting plugin PythonScriptPlugin
LogPluginManager: Mounting plugin CharacterAI
LogPluginManager: Mounting plugin MotoSynth
LogPluginManager: Mounting plugin OpenImageDenoise
LogPluginManager: Mounting plugin PlatformCrypto
LogPluginManager: Mounting plugin MagicLeapPassableWorld
LogPluginManager: Mounting plugin MagicLeap
LogPluginManager: Mounting plugin MLSDK
LogPluginManager: Mounting plugin MagicLeapLightEstimation
LogPluginManager: Mounting plugin AvfMedia
LogPluginManager: Mounting plugin ImgMedia
LogPluginManager: Mounting plugin MediaCompositing
LogPluginManager: Mounting plugin MeshPainting
LogPluginManager: Mounting plugin TcpMessaging
LogPluginManager: Mounting plugin UdpMessaging
LogPluginManager: Mounting plugin ActorSequence
LogPluginManager: Mounting plugin MatineeToLevelSequence
LogPluginManager: Mounting plugin OnlineSubsystemNull
LogPluginManager: Mounting plugin OnlineSubsystem
LogPluginManager: Mounting plugin OnlineSubsystemUtils
LogPluginManager: Mounting plugin LauncherChunkInstaller
LogPluginManager: Mounting plugin ActorLayerUtilities
LogPluginManager: Mounting plugin AndroidPermission
LogPluginManager: Mounting plugin AppleImageUtils
LogPluginManager: Mounting plugin ArchVisCharacter
LogPluginManager: Mounting plugin AssetTags
LogPluginManager: Mounting plugin AudioCapture
LogPluginManager: Mounting plugin CableComponent
LogPluginManager: Mounting plugin ChunkDownloader
LogPluginManager: Mounting plugin CustomMeshComponent
LogPluginManager: Mounting plugin ExampleDeviceProfileSelector
LogPluginManager: Mounting plugin GooglePAD
LogPluginManager: Mounting plugin LocationServicesBPLibrary
LogPluginManager: Mounting plugin MobilePatchingUtils
LogPluginManager: Mounting plugin OculusVR
LogPluginManager: Mounting plugin OpenXREyeTracker
LogPluginManager: Mounting plugin OpenXR
LogPluginManager: Mounting plugin OpenXRHandTracking
LogPluginManager: Mounting plugin LiveLink
LogPluginManager: Mounting plugin Takes
LogPluginManager: Mounting plugin PhysXVehicles
LogPluginManager: Mounting plugin RuntimePhysXCooking
LogPluginManager: Mounting plugin SoundFields
LogPluginManager: Mounting plugin SteamVR
LogPluginManager: Mounting plugin Synthesis
LogPluginManager: Mounting plugin AudioSynesthesia
LogPluginManager: Mounting plugin WindowsMoviePlayer
LogLuminAPIImpl: Warning: MLSDK not found.  This likely means the MLSDK environment variable is not set.
LogInit: Using libcurl 7.55.1-DEV
LogInit:  - built for x86_64-pc-win32
LogInit:  - supports SSL with OpenSSL/1.1.1
LogInit:  - supports HTTP deflate (compression) using libz 1.2.8
LogInit:  - other features:
LogInit:      CURL_VERSION_SSL
LogInit:      CURL_VERSION_LIBZ
LogInit:      CURL_VERSION_IPV6
LogInit:      CURL_VERSION_ASYNCHDNS
LogInit:      CURL_VERSION_LARGEFILE
LogInit:      CURL_VERSION_IDN
LogInit:  CurlRequestOptions (configurable via config and command line):
LogInit:  - bVerifyPeer = true  - Libcurl will verify peer certificate
LogInit:  - bUseHttpProxy = false  - Libcurl will NOT use HTTP proxy
LogInit:  - bDontReuseConnections = false  - Libcurl will reuse connections
LogInit:  - MaxHostConnections = 16  - Libcurl will limit the number of connections to a host
LogInit:  - LocalHostAddr = Default
LogInit:  - BufferSize = 65536
LogOnline: OSS: Creating online subsystem instance for: NULL
LogInit: WinSock: version 1.1 (2.2), MaxSocks=32767, MaxUdp=65467
LogOnline: OSS: TryLoadSubsystemAndSetDefault: Loaded subsystem for module [NULL]
LogInit: Build: ++UE4+Release-4.27-CL-0
LogInit: Engine Version: 4.27.1-0+++UE4+Release-4.27
LogInit: Compatible Engine Version: 4.27.0-0+++UE4+Release-4.27
LogInit: Net CL: 0
LogInit: OS: Windows 10 (Release 2004) (), CPU: Intel(R) Core(TM) i7-9750H CPU @ 2.60GHz, GPU: Intel(R) UHD Graphics 630
LogInit: Compiled (64-bit): Nov 13 2021 17:19:47
LogInit: Compiled with Visual C++: 19.16.27045.00
LogInit: Build Configuration: Development
LogInit: Branch Name: ++UE4+Release-4.27
LogInit: Command Line:  -log
LogInit: Base Directory: D:/I/Sousaku/FamilyReunionDinner/FamilyReunionDinner2Package/WindowsServer/FamilyReunionDinner2/Binaries/Win64/
LogInit: Allocator: binned2
LogInit: Installed Engine Build: 0
LogDevObjectVersion: Number of dev versions registered: 29
LogDevObjectVersion:   Dev-Blueprints (B0D832E4-1F89-4F0D-ACCF-7EB736FD4AA2): 10
LogDevObjectVersion:   Dev-Build (E1C64328-A22C-4D53-A36C-8E866417BD8C): 0
LogDevObjectVersion:   Dev-Core (375EC13C-06E4-48FB-B500-84F0262A717E): 4
LogDevObjectVersion:   Dev-Editor (E4B068ED-F494-42E9-A231-DA0B2E46BB41): 40
LogDevObjectVersion:   Dev-Framework (CFFC743F-43B0-4480-9391-14DF171D2073): 37
LogDevObjectVersion:   Dev-Mobile (B02B49B5-BB20-44E9-A304-32B752E40360): 3
LogDevObjectVersion:   Dev-Networking (A4E4105C-59A1-49B5-A7C5-40C4547EDFEE): 0
LogDevObjectVersion:   Dev-Online (39C831C9-5AE6-47DC-9A44-9C173E1C8E7C): 0
LogDevObjectVersion:   Dev-Physics (78F01B33-EBEA-4F98-B9B4-84EACCB95AA2): 14
LogDevObjectVersion:   Dev-Platform (6631380F-2D4D-43E0-8009-CF276956A95A): 0
LogDevObjectVersion:   Dev-Rendering (12F88B9F-8875-4AFC-A67C-D90C383ABD29): 45
LogDevObjectVersion:   Dev-Sequencer (7B5AE74C-D270-4C10-A958-57980B212A5A): 13
LogDevObjectVersion:   Dev-VR (D7296918-1DD6-4BDD-9DE2-64A83CC13884): 3
LogDevObjectVersion:   Dev-LoadTimes (C2A15278-BFE7-4AFE-6C17-90FF531DF755): 1
LogDevObjectVersion:   Private-Geometry (6EACA3D4-40EC-4CC1-B786-8BED09428FC5): 3
LogDevObjectVersion:   Dev-AnimPhys (29E575DD-E0A3-4627-9D10-D276232CDCEA): 17
LogDevObjectVersion:   Dev-Anim (AF43A65D-7FD3-4947-9873-3E8ED9C1BB05): 15
LogDevObjectVersion:   Dev-ReflectionCapture (6B266CEC-1EC7-4B8F-A30B-E4D90942FC07): 1
LogDevObjectVersion:   Dev-Automation (0DF73D61-A23F-47EA-B727-89E90C41499A): 1
LogDevObjectVersion:   FortniteMain (601D1886-AC64-4F84-AA16-D3DE0DEAC7D6): 47
LogDevObjectVersion:   FortniteRelease (E7086368-6B23-4C58-8439-1B7016265E91): 1
LogDevObjectVersion:   Dev-Enterprise (9DFFBCD6-494F-0158-E221-12823C92A888): 10
LogDevObjectVersion:   Dev-Niagara (F2AED0AC-9AFE-416F-8664-AA7FFA26D6FC): 1
LogDevObjectVersion:   Dev-Destruction (174F1F0B-B4C6-45A5-B13F-2EE8D0FB917D): 10
LogDevObjectVersion:   Dev-Physics-Ext (35F94A83-E258-406C-A318-09F59610247C): 41
LogDevObjectVersion:   Dev-PhysicsMaterial-Chaos (B68FC16E-8B1B-42E2-B453-215C058844FE): 1
LogDevObjectVersion:   Dev-CineCamera (B2E18506-4273-CFC2-A54E-F4BB758BBA07): 1
LogDevObjectVersion:   Dev-VirtualProduction (64F58936-FD1B-42BA-BA96-7289D5D0FA4E): 1
LogDevObjectVersion:   Dev-MediaFramework (6F0ED827-A609-4895-9C91-998D90180EA4): 2
LogInit: Presizing for max 2097152 objects, including 1 objects not considered by GC, pre-allocating 0 bytes for permanent pool.
LogConfig: Applying CVar settings from Section [/Script/Engine.StreamingSettings] File [../../../FamilyReunionDinner2/Saved/Config/WindowsServer/Engine.ini]
LogConfig: Setting CVar [[s.MinBulkDataSizeForAsyncLoading:131072]]
LogConfig: Setting CVar [[s.AsyncLoadingThreadEnabled:0]]
LogConfig: Setting CVar [[s.EventDrivenLoaderEnabled:1]]
LogConfig: Setting CVar [[s.WarnIfTimeLimitExceeded:0]]
LogConfig: Setting CVar [[s.TimeLimitExceededMultiplier:1.5]]
LogConfig: Setting CVar [[s.TimeLimitExceededMinTime:0.005]]
LogConfig: Setting CVar [[s.UseBackgroundLevelStreaming:1]]
LogConfig: Setting CVar [[s.PriorityAsyncLoadingExtraTime:15.0]]
LogConfig: Setting CVar [[s.LevelStreamingActorsUpdateTimeLimit:5.0]]
LogConfig: Setting CVar [[s.PriorityLevelStreamingActorsUpdateExtraTime:5.0]]
LogConfig: Setting CVar [[s.LevelStreamingComponentsRegistrationGranularity:10]]
LogConfig: Setting CVar [[s.UnregisterComponentsTimeLimit:1.0]]
LogConfig: Setting CVar [[s.LevelStreamingComponentsUnregistrationGranularity:5]]
LogConfig: Setting CVar [[s.FlushStreamingOnExit:1]]
LogStreaming: Display: Async Loading initialized: Event Driven Loader: true, Async Loading Thread: false, Async Post Load: false
LogInit: Object subsystem initialized
LogConfig: Setting CVar [[con.DebugEarlyDefault:1]]
LogConfig: Setting CVar [[r.setres:1280x720]]
LogConfig: Setting CVar [[fx.NiagaraAllowRuntimeScalabilityChanges:1]]
[2021.11.16-05.35.59:696][  0]LogConfig: Setting CVar [[con.DebugEarlyDefault:1]]
[2021.11.16-05.35.59:699][  0]LogConfig: Setting CVar [[r.setres:1280x720]]
[2021.11.16-05.35.59:700][  0]LogConfig: Setting CVar [[fx.NiagaraAllowRuntimeScalabilityChanges:1]]
[2021.11.16-05.35.59:700][  0]LogConfig: Applying CVar settings from Section [/Script/Engine.RendererSettings] File [../../../FamilyReunionDinner2/Saved/Config/WindowsServer/Engine.ini]
[2021.11.16-05.35.59:701][  0]LogConfig: Setting CVar [[r.GPUCrashDebugging:0]]
[2021.11.16-05.35.59:701][  0]LogConfig: Setting CVar [[r.Mobile.DisableVertexFog:1]]
[2021.11.16-05.35.59:701][  0]LogConfig: Setting CVar [[r.Shadow.CSM.MaxMobileCascades:2]]
[2021.11.16-05.35.59:702][  0]LogConfig: Setting CVar [[r.MobileMSAA:1]]
[2021.11.16-05.35.59:702][  0]LogConfig: Setting CVar [[r.Mobile.AllowDitheredLODTransition:0]]
[2021.11.16-05.35.59:703][  0]LogConfig: Setting CVar [[r.Mobile.AllowSoftwareOcclusion:0]]
[2021.11.16-05.35.59:703][  0]LogConfig: Setting CVar [[r.Mobile.VirtualTextures:0]]
[2021.11.16-05.35.59:704][  0]LogConfig: Setting CVar [[r.DiscardUnusedQuality:0]]
[2021.11.16-05.35.59:704][  0]LogConfig: Setting CVar [[r.AllowOcclusionQueries:1]]
[2021.11.16-05.35.59:705][  0]LogConfig: Setting CVar [[r.MinScreenRadiusForLights:0.030000]]
[2021.11.16-05.35.59:705][  0]LogConfig: Setting CVar [[r.MinScreenRadiusForDepthPrepass:0.030000]]
[2021.11.16-05.35.59:706][  0]LogConfig: Setting CVar [[r.MinScreenRadiusForCSMDepth:0.010000]]
[2021.11.16-05.35.59:706][  0]LogConfig: Setting CVar [[r.PrecomputedVisibilityWarning:0]]
[2021.11.16-05.35.59:707][  0]LogConfig: Setting CVar [[r.TextureStreaming:1]]
[2021.11.16-05.35.59:707][  0]LogConfig: Setting CVar [[Compat.UseDXT5NormalMaps:0]]
[2021.11.16-05.35.59:708][  0]LogConfig: Setting CVar [[r.VirtualTextures:0]]
[2021.11.16-05.35.59:712][  0]LogConfig: Setting CVar [[r.VT.EnableAutoImport:1]]
[2021.11.16-05.35.59:714][  0]LogConfig: Setting CVar [[r.VirtualTexturedLightmaps:0]]
[2021.11.16-05.35.59:714][  0]LogConfig: Setting CVar [[r.VT.TileSize:128]]
[2021.11.16-05.35.59:714][  0]LogConfig: Setting CVar [[r.VT.TileBorderSize:4]]
[2021.11.16-05.35.59:716][  0]LogConfig: Setting CVar [[r.vt.FeedbackFactor:16]]
[2021.11.16-05.35.59:717][  0]LogConfig: Setting CVar [[r.VT.EnableCompressZlib:1]]
[2021.11.16-05.35.59:717][  0]LogConfig: Setting CVar [[r.VT.EnableCompressCrunch:0]]
[2021.11.16-05.35.59:718][  0]LogConfig: Setting CVar [[r.ClearCoatNormal:0]]
[2021.11.16-05.35.59:718][  0]LogConfig: Setting CVar [[r.ReflectionCaptureResolution:128]]
[2021.11.16-05.35.59:719][  0]LogConfig: Setting CVar [[r.Mobile.ReflectionCaptureCompression:0]]
[2021.11.16-05.35.59:719][  0]LogConfig: Setting CVar [[r.ReflectionEnvironmentLightmapMixBasedOnRoughness:1]]
[2021.11.16-05.35.59:719][  0]LogConfig: Setting CVar [[r.ForwardShading:0]]
[2021.11.16-05.35.59:720][  0]LogConfig: Setting CVar [[r.VertexFoggingForOpaque:1]]
[2021.11.16-05.35.59:720][  0]LogConfig: Setting CVar [[r.AllowStaticLighting:1]]
[2021.11.16-05.35.59:721][  0]LogConfig: Setting CVar [[r.NormalMapsForStaticLighting:0]]
[2021.11.16-05.35.59:721][  0]LogConfig: Setting CVar [[r.GenerateMeshDistanceFields:0]]
[2021.11.16-05.35.59:721][  0]LogConfig: Setting CVar [[r.DistanceFieldBuild.EightBit:0]]
[2021.11.16-05.35.59:722][  0]LogConfig: Setting CVar [[r.GenerateLandscapeGIData:0]]
[2021.11.16-05.35.59:722][  0]LogConfig: Setting CVar [[r.DistanceFieldBuild.Compress:0]]
[2021.11.16-05.35.59:723][  0]LogConfig: Setting CVar [[r.TessellationAdaptivePixelsPerTriangle:48.000000]]
[2021.11.16-05.35.59:723][  0]LogConfig: Setting CVar [[r.SeparateTranslucency:0]]
[2021.11.16-05.35.59:723][  0]LogConfig: Setting CVar [[r.TranslucentSortPolicy:0]]
[2021.11.16-05.35.59:724][  0]LogConfig: Setting CVar [[vr.VRS.HMDFixedFoveationLevel:0]]
[2021.11.16-05.35.59:724][  0]LogConfig: Setting CVar [[r.CustomDepth:1]]
[2021.11.16-05.35.59:729][  0]LogConfig: Setting CVar [[r.CustomDepthTemporalAAJitter:1]]
[2021.11.16-05.35.59:733][  0]LogConfig: Setting CVar [[r.PostProcessing.PropagateAlpha:0]]
[2021.11.16-05.35.59:733][  0]LogConfig: Setting CVar [[r.DefaultFeature.Bloom:1]]
[2021.11.16-05.35.59:734][  0]LogConfig: Setting CVar [[r.DefaultFeature.AmbientOcclusion:0]]
[2021.11.16-05.35.59:735][  0]LogConfig: Setting CVar [[r.DefaultFeature.AmbientOcclusionStaticFraction:1]]
[2021.11.16-05.35.59:735][  0]LogConfig: Setting CVar [[r.DefaultFeature.AutoExposure:0]]
[2021.11.16-05.35.59:736][  0]LogConfig: Setting CVar [[r.DefaultFeature.AutoExposure.Method:0]]
[2021.11.16-05.35.59:737][  0]LogConfig: Setting CVar [[r.DefaultFeature.AutoExposure.Bias:1.000000]]
[2021.11.16-05.35.59:737][  0]LogConfig: Setting CVar [[r.DefaultFeature.AutoExposure.ExtendDefaultLuminanceRange:0]]
[2021.11.16-05.35.59:738][  0]LogConfig: Setting CVar [[r.UsePreExposure:1]]
[2021.11.16-05.35.59:738][  0]LogConfig: Setting CVar [[r.EyeAdaptation.EditorOnly:0]]
[2021.11.16-05.35.59:739][  0]LogConfig: Setting CVar [[r.DefaultFeature.MotionBlur:0]]
[2021.11.16-05.35.59:739][  0]LogConfig: Setting CVar [[r.DefaultFeature.LensFlare:0]]
[2021.11.16-05.35.59:740][  0]LogConfig: Setting CVar [[r.TemporalAA.Upsampling:0]]
[2021.11.16-05.35.59:740][  0]LogConfig: Setting CVar [[r.SSGI.Enable:0]]
[2021.11.16-05.35.59:741][  0]LogConfig: Setting CVar [[r.DefaultFeature.AntiAliasing:0]]
[2021.11.16-05.35.59:743][  0]LogConfig: Setting CVar [[r.DefaultFeature.LightUnits:1]]
[2021.11.16-05.35.59:746][  0]LogConfig: Setting CVar [[r.DefaultBackBufferPixelFormat:4]]
[2021.11.16-05.35.59:747][  0]LogConfig: Setting CVar [[r.Shadow.UnbuiltPreviewInGame:1]]
[2021.11.16-05.35.59:748][  0]LogConfig: Setting CVar [[r.StencilForLODDither:0]]
[2021.11.16-05.35.59:748][  0]LogConfig: Setting CVar [[r.EarlyZPass:3]]
[2021.11.16-05.35.59:748][  0]LogConfig: Setting CVar [[r.EarlyZPassOnlyMaterialMasking:0]]
[2021.11.16-05.35.59:748][  0]LogConfig: Setting CVar [[r.DBuffer:1]]
[2021.11.16-05.35.59:748][  0]LogConfig: Setting CVar [[r.ClearSceneMethod:1]]
[2021.11.16-05.35.59:748][  0]LogConfig: Setting CVar [[r.BasePassOutputsVelocity:0]]
[2021.11.16-05.35.59:749][  0]LogConfig: Setting CVar [[r.VertexDeformationOutputsVelocity:0]]
[2021.11.16-05.35.59:749][  0]LogConfig: Setting CVar [[r.SelectiveBasePassOutputs:0]]
[2021.11.16-05.35.59:750][  0]LogConfig: Setting CVar [[fx.GPUSimulationTextureSizeX:1024]]
[2021.11.16-05.35.59:750][  0]LogConfig: Setting CVar [[fx.GPUSimulationTextureSizeY:1024]]
[2021.11.16-05.35.59:750][  0]LogConfig: Setting CVar [[r.AllowGlobalClipPlane:0]]
[2021.11.16-05.35.59:751][  0]LogConfig: Setting CVar [[r.GBufferFormat:1]]
[2021.11.16-05.35.59:751][  0]LogConfig: Setting CVar [[r.MorphTarget.Mode:1]]
[2021.11.16-05.35.59:752][  0]LogConfig: Setting CVar [[vr.InstancedStereo:0]]
[2021.11.16-05.35.59:752][  0]LogConfig: Setting CVar [[r.MobileHDR:1]]
[2021.11.16-05.35.59:752][  0]LogConfig: Setting CVar [[vr.MobileMultiView:0]]
[2021.11.16-05.35.59:753][  0]LogConfig: Setting CVar [[r.Mobile.UseHWsRGBEncoding:0]]
[2021.11.16-05.35.59:753][  0]LogConfig: Setting CVar [[vr.RoundRobinOcclusion:0]]
[2021.11.16-05.35.59:754][  0]LogConfig: Setting CVar [[vr.ODSCapture:0]]
[2021.11.16-05.35.59:754][  0]LogConfig: Setting CVar [[r.MeshStreaming:0]]
[2021.11.16-05.35.59:754][  0]LogConfig: Setting CVar [[r.WireframeCullThreshold:5.000000]]
[2021.11.16-05.35.59:755][  0]LogConfig: Setting CVar [[r.RayTracing:0]]
[2021.11.16-05.35.59:755][  0]LogConfig: Setting CVar [[r.RayTracing.UseTextureLod:0]]
[2021.11.16-05.35.59:756][  0]LogConfig: Setting CVar [[r.SupportStationarySkylight:1]]
[2021.11.16-05.35.59:756][  0]LogConfig: Setting CVar [[r.SupportLowQualityLightmaps:1]]
[2021.11.16-05.35.59:757][  0]LogConfig: Setting CVar [[r.SupportPointLightWholeSceneShadows:1]]
[2021.11.16-05.35.59:763][  0]LogConfig: Setting CVar [[r.SupportAtmosphericFog:1]]
[2021.11.16-05.35.59:764][  0]LogConfig: Setting CVar [[r.SupportSkyAtmosphere:1]]
[2021.11.16-05.35.59:764][  0]LogConfig: Setting CVar [[r.SupportSkyAtmosphereAffectsHeightFog:0]]
[2021.11.16-05.35.59:765][  0]LogConfig: Setting CVar [[r.SkinCache.CompileShaders:0]]
[2021.11.16-05.35.59:765][  0]LogConfig: Setting CVar [[r.SkinCache.DefaultBehavior:1]]
[2021.11.16-05.35.59:766][  0]LogConfig: Setting CVar [[r.SkinCache.SceneMemoryLimitInMB:128.000000]]
[2021.11.16-05.35.59:766][  0]LogConfig: Setting CVar [[r.Mobile.EnableStaticAndCSMShadowReceivers:1]]
[2021.11.16-05.35.59:767][  0]LogConfig: Setting CVar [[r.Mobile.EnableMovableLightCSMShaderCulling:1]]
[2021.11.16-05.35.59:767][  0]LogConfig: Setting CVar [[r.Mobile.AllowDistanceFieldShadows:1]]
[2021.11.16-05.35.59:768][  0]LogConfig: Setting CVar [[r.Mobile.AllowMovableDirectionalLights:1]]
[2021.11.16-05.35.59:768][  0]LogConfig: Setting CVar [[r.MobileNumDynamicPointLights:4]]
[2021.11.16-05.35.59:769][  0]LogConfig: Setting CVar [[r.MobileDynamicPointLightsUseStaticBranch:1]]
[2021.11.16-05.35.59:769][  0]LogConfig: Setting CVar [[r.Mobile.EnableMovableSpotlights:0]]
[2021.11.16-05.35.59:770][  0]LogConfig: Setting CVar [[r.Mobile.EnableMovableSpotlightsShadow:0]]
[2021.11.16-05.35.59:770][  0]LogConfig: Setting CVar [[r.GPUSkin.Support16BitBoneIndex:0]]
[2021.11.16-05.35.59:770][  0]LogConfig: Setting CVar [[r.GPUSkin.Limit2BoneInfluences:0]]
[2021.11.16-05.35.59:770][  0]LogConfig: Setting CVar [[r.SupportDepthOnlyIndexBuffers:1]]
[2021.11.16-05.35.59:771][  0]LogConfig: Setting CVar [[r.SupportReversedIndexBuffers:1]]
[2021.11.16-05.35.59:771][  0]LogConfig: Setting CVar [[r.LightPropagationVolume:0]]
[2021.11.16-05.35.59:772][  0]LogConfig: Setting CVar [[r.Mobile.AmbientOcclusion:0]]
[2021.11.16-05.35.59:772][  0]LogConfig: Setting CVar [[r.GPUSkin.UnlimitedBoneInfluences:0]]
[2021.11.16-05.35.59:773][  0]LogConfig: Setting CVar [[r.GPUSkin.UnlimitedBoneInfluencesThreshold:8]]
[2021.11.16-05.35.59:776][  0]LogConfig: Setting CVar [[r.Mobile.PlanarReflectionMode:0]]
[2021.11.16-05.35.59:777][  0]LogConfig: Setting CVar [[r.Mobile.SupportsGen4TAA:0]]
[2021.11.16-05.35.59:779][  0]LogConfig: Applying CVar settings from Section [/Script/Engine.RendererOverrideSettings] File [../../../FamilyReunionDinner2/Saved/Config/WindowsServer/Engine.ini]
[2021.11.16-05.35.59:780][  0]LogConfig: Applying CVar settings from Section [/Script/Engine.StreamingSettings] File [../../../FamilyReunionDinner2/Saved/Config/WindowsServer/Engine.ini]
[2021.11.16-05.35.59:780][  0]LogConfig: Setting CVar [[s.MinBulkDataSizeForAsyncLoading:131072]]
[2021.11.16-05.35.59:781][  0]LogConfig: Setting CVar [[s.AsyncLoadingThreadEnabled:0]]
[2021.11.16-05.35.59:781][  0]LogConfig: Setting CVar [[s.EventDrivenLoaderEnabled:1]]
[2021.11.16-05.35.59:782][  0]LogConfig: Setting CVar [[s.WarnIfTimeLimitExceeded:0]]
[2021.11.16-05.35.59:782][  0]LogConfig: Setting CVar [[s.TimeLimitExceededMultiplier:1.5]]
[2021.11.16-05.35.59:782][  0]LogConfig: Setting CVar [[s.TimeLimitExceededMinTime:0.005]]
[2021.11.16-05.35.59:783][  0]LogConfig: Setting CVar [[s.UseBackgroundLevelStreaming:1]]
[2021.11.16-05.35.59:783][  0]LogConfig: Setting CVar [[s.PriorityAsyncLoadingExtraTime:15.0]]
[2021.11.16-05.35.59:784][  0]LogConfig: Setting CVar [[s.LevelStreamingActorsUpdateTimeLimit:5.0]]
[2021.11.16-05.35.59:784][  0]LogConfig: Setting CVar [[s.PriorityLevelStreamingActorsUpdateExtraTime:5.0]]
[2021.11.16-05.35.59:785][  0]LogConfig: Setting CVar [[s.LevelStreamingComponentsRegistrationGranularity:10]]
[2021.11.16-05.35.59:785][  0]LogConfig: Setting CVar [[s.UnregisterComponentsTimeLimit:1.0]]
[2021.11.16-05.35.59:786][  0]LogConfig: Setting CVar [[s.LevelStreamingComponentsUnregistrationGranularity:5]]
[2021.11.16-05.35.59:786][  0]LogConfig: Setting CVar [[s.FlushStreamingOnExit:1]]
[2021.11.16-05.35.59:786][  0]LogConfig: Applying CVar settings from Section [/Script/Engine.GarbageCollectionSettings] File [../../../FamilyReunionDinner2/Saved/Config/WindowsServer/Engine.ini]
[2021.11.16-05.35.59:787][  0]LogConfig: Setting CVar [[gc.MaxObjectsNotConsideredByGC:1]]
[2021.11.16-05.35.59:787][  0]LogConfig: Setting CVar [[gc.SizeOfPermanentObjectPool:0]]
[2021.11.16-05.35.59:788][  0]LogConfig: Setting CVar [[gc.FlushStreamingOnGC:0]]
[2021.11.16-05.35.59:788][  0]LogConfig: Setting CVar [[gc.NumRetriesBeforeForcingGC:10]]
[2021.11.16-05.35.59:789][  0]LogConfig: Setting CVar [[gc.AllowParallelGC:1]]
[2021.11.16-05.35.59:792][  0]LogConfig: Setting CVar [[gc.TimeBetweenPurgingPendingKillObjects:61.1]]
[2021.11.16-05.35.59:793][  0]LogConfig: Setting CVar [[gc.MaxObjectsInEditor:25165824]]
[2021.11.16-05.35.59:795][  0]LogConfig: Setting CVar [[gc.IncrementalBeginDestroyEnabled:1]]
[2021.11.16-05.35.59:796][  0]LogConfig: Setting CVar [[gc.CreateGCClusters:1]]
[2021.11.16-05.35.59:796][  0]LogConfig: Setting CVar [[gc.MinGCClusterSize:5]]
[2021.11.16-05.35.59:796][  0]LogConfig: Setting CVar [[gc.ActorClusteringEnabled:0]]
[2021.11.16-05.35.59:797][  0]LogConfig: Setting CVar [[gc.BlueprintClusteringEnabled:0]]
[2021.11.16-05.35.59:797][  0]LogConfig: Setting CVar [[gc.UseDisregardForGCOnDedicatedServers:0]]
[2021.11.16-05.35.59:798][  0]LogConfig: Setting CVar [[gc.MultithreadedDestructionEnabled:1]]
[2021.11.16-05.35.59:798][  0]LogConfig: Applying CVar settings from Section [/Script/Engine.NetworkSettings] File [../../../FamilyReunionDinner2/Saved/Config/WindowsServer/Engine.ini]
[2021.11.16-05.35.59:799][  0]LogConfig: Applying CVar settings from Section [ViewDistanceQuality@3] File [../../../FamilyReunionDinner2/Saved/Config/WindowsServer/Scalability.ini]
[2021.11.16-05.35.59:799][  0]LogConfig: Setting CVar [[r.SkeletalMeshLODBias:0]]
[2021.11.16-05.35.59:800][  0]LogConfig: Setting CVar [[r.ViewDistanceScale:1.0]]
[2021.11.16-05.35.59:800][  0]LogConfig: Applying CVar settings from Section [AntiAliasingQuality@3] File [../../../FamilyReunionDinner2/Saved/Config/WindowsServer/Scalability.ini]
[2021.11.16-05.35.59:801][  0]LogConfig: Setting CVar [[r.PostProcessAAQuality:4]]
[2021.11.16-05.35.59:801][  0]LogConfig: Applying CVar settings from Section [ShadowQuality@3] File [../../../FamilyReunionDinner2/Saved/Config/WindowsServer/Scalability.ini]
[2021.11.16-05.35.59:802][  0]LogConfig: Setting CVar [[r.LightFunctionQuality:1]]
[2021.11.16-05.35.59:802][  0]LogConfig: Setting CVar [[r.ShadowQuality:5]]
[2021.11.16-05.35.59:803][  0]LogConfig: Setting CVar [[r.Shadow.CSM.MaxCascades:10]]
[2021.11.16-05.35.59:803][  0]LogConfig: Setting CVar [[r.Shadow.MaxResolution:2048]]
[2021.11.16-05.35.59:804][  0]LogConfig: Setting CVar [[r.Shadow.MaxCSMResolution:2048]]
[2021.11.16-05.35.59:804][  0]LogConfig: Setting CVar [[r.Shadow.RadiusThreshold:0.01]]
[2021.11.16-05.35.59:804][  0]LogConfig: Setting CVar [[r.Shadow.DistanceScale:1.0]]
[2021.11.16-05.35.59:806][  0]LogConfig: Setting CVar [[r.Shadow.CSM.TransitionScale:1.0]]
[2021.11.16-05.35.59:811][  0]LogConfig: Setting CVar [[r.Shadow.PreShadowResolutionFactor:1.0]]
[2021.11.16-05.35.59:813][  0]LogConfig: Setting CVar [[r.DistanceFieldShadowing:1]]
[2021.11.16-05.35.59:813][  0]LogConfig: Setting CVar [[r.DistanceFieldAO:1]]
[2021.11.16-05.35.59:814][  0]LogConfig: Setting CVar [[r.AOQuality:2]]
[2021.11.16-05.35.59:814][  0]LogConfig: Setting CVar [[r.VolumetricFog:1]]
[2021.11.16-05.35.59:814][  0]LogConfig: Setting CVar [[r.VolumetricFog.GridPixelSize:8]]
[2021.11.16-05.35.59:815][  0]LogConfig: Setting CVar [[r.VolumetricFog.GridSizeZ:128]]
[2021.11.16-05.35.59:815][  0]LogConfig: Setting CVar [[r.VolumetricFog.HistoryMissSupersampleCount:4]]
[2021.11.16-05.35.59:816][  0]LogConfig: Setting CVar [[r.LightMaxDrawDistanceScale:1]]
[2021.11.16-05.35.59:817][  0]LogConfig: Setting CVar [[r.CapsuleShadows:1]]
[2021.11.16-05.35.59:817][  0]LogConfig: Applying CVar settings from Section [PostProcessQuality@3] File [../../../FamilyReunionDinner2/Saved/Config/WindowsServer/Scalability.ini]
[2021.11.16-05.35.59:817][  0]LogConfig: Setting CVar [[r.MotionBlurQuality:4]]
[2021.11.16-05.35.59:818][  0]LogConfig: Setting CVar [[r.AmbientOcclusionMipLevelFactor:0.4]]
[2021.11.16-05.35.59:818][  0]LogConfig: Setting CVar [[r.AmbientOcclusionMaxQuality:100]]
[2021.11.16-05.35.59:818][  0]LogConfig: Setting CVar [[r.AmbientOcclusionLevels:-1]]
[2021.11.16-05.35.59:819][  0]LogConfig: Setting CVar [[r.AmbientOcclusionRadiusScale:1.0]]
[2021.11.16-05.35.59:819][  0]LogConfig: Setting CVar [[r.DepthOfFieldQuality:2]]
[2021.11.16-05.35.59:820][  0]LogConfig: Setting CVar [[r.RenderTargetPoolMin:400]]
[2021.11.16-05.35.59:820][  0]LogConfig: Setting CVar [[r.LensFlareQuality:2]]
[2021.11.16-05.35.59:821][  0]LogConfig: Setting CVar [[r.SceneColorFringeQuality:1]]
[2021.11.16-05.35.59:824][  0]LogConfig: Setting CVar [[r.EyeAdaptationQuality:2]]
[2021.11.16-05.35.59:825][  0]LogConfig: Setting CVar [[r.BloomQuality:5]]
[2021.11.16-05.35.59:828][  0]LogConfig: Setting CVar [[r.FastBlurThreshold:100]]
[2021.11.16-05.35.59:828][  0]LogConfig: Setting CVar [[r.Upscale.Quality:3]]
[2021.11.16-05.35.59:829][  0]LogConfig: Setting CVar [[r.Tonemapper.GrainQuantization:1]]
[2021.11.16-05.35.59:829][  0]LogConfig: Setting CVar [[r.LightShaftQuality:1]]
[2021.11.16-05.35.59:830][  0]LogConfig: Setting CVar [[r.Filter.SizeScale:1]]
[2021.11.16-05.35.59:830][  0]LogConfig: Setting CVar [[r.Tonemapper.Quality:5]]
[2021.11.16-05.35.59:831][  0]LogConfig: Setting CVar [[r.DOF.Gather.AccumulatorQuality:1        ; higher gathering accumulator quality]]
[2021.11.16-05.35.59:831][  0]LogConfig: Setting CVar [[r.DOF.Gather.PostfilterMethod:1          ; Median3x3 postfilering method]]
[2021.11.16-05.35.59:832][  0]LogConfig: Setting CVar [[r.DOF.Gather.EnableBokehSettings:0       ; no bokeh simulation when gathering]]
[2021.11.16-05.35.59:832][  0]LogConfig: Setting CVar [[r.DOF.Gather.RingCount:4                 ; medium number of samples when gathering]]
[2021.11.16-05.35.59:832][  0]LogConfig: Setting CVar [[r.DOF.Scatter.ForegroundCompositing:1    ; additive foreground scattering]]
[2021.11.16-05.35.59:833][  0]LogConfig: Setting CVar [[r.DOF.Scatter.BackgroundCompositing:2    ; additive background scattering]]
[2021.11.16-05.35.59:833][  0]LogConfig: Setting CVar [[r.DOF.Scatter.EnableBokehSettings:1      ; bokeh simulation when scattering]]
[2021.11.16-05.35.59:834][  0]LogConfig: Setting CVar [[r.DOF.Scatter.MaxSpriteRatio:0.1         ; only a maximum of 10% of scattered bokeh]]
[2021.11.16-05.35.59:834][  0]LogConfig: Setting CVar [[r.DOF.Recombine.Quality:1                ; cheap slight out of focus]]
[2021.11.16-05.35.59:834][  0]LogConfig: Setting CVar [[r.DOF.Recombine.EnableBokehSettings:0    ; no bokeh simulation on slight out of focus]]
[2021.11.16-05.35.59:835][  0]LogConfig: Setting CVar [[r.DOF.TemporalAAQuality:1                ; more stable temporal accumulation]]
[2021.11.16-05.35.59:835][  0]LogConfig: Setting CVar [[r.DOF.Kernel.MaxForegroundRadius:0.025]]
[2021.11.16-05.35.59:835][  0]LogConfig: Setting CVar [[r.DOF.Kernel.MaxBackgroundRadius:0.025]]
[2021.11.16-05.35.59:835][  0]LogConfig: Applying CVar settings from Section [TextureQuality@3] File [../../../FamilyReunionDinner2/Saved/Config/WindowsServer/Scalability.ini]
[2021.11.16-05.35.59:836][  0]LogConfig: Setting CVar [[r.Streaming.MipBias:0]]
[2021.11.16-05.35.59:837][  0]LogConfig: Setting CVar [[r.Streaming.AmortizeCPUToGPUCopy:0]]
[2021.11.16-05.35.59:840][  0]LogConfig: Setting CVar [[r.Streaming.MaxNumTexturesToStreamPerFrame:0]]
[2021.11.16-05.35.59:845][  0]LogConfig: Setting CVar [[r.Streaming.Boost:1]]
[2021.11.16-05.35.59:846][  0]LogConfig: Setting CVar [[r.MaxAnisotropy:8]]
[2021.11.16-05.35.59:846][  0]LogConfig: Setting CVar [[r.VT.MaxAnisotropy:8]]
[2021.11.16-05.35.59:847][  0]LogConfig: Setting CVar [[r.Streaming.LimitPoolSizeToVRAM:0]]
[2021.11.16-05.35.59:847][  0]LogConfig: Setting CVar [[r.Streaming.PoolSize:1000]]
[2021.11.16-05.35.59:847][  0]LogConfig: Setting CVar [[r.Streaming.MaxEffectiveScreenSize:0]]
[2021.11.16-05.35.59:848][  0]LogConfig: Applying CVar settings from Section [EffectsQuality@3] File [../../../FamilyReunionDinner2/Saved/Config/WindowsServer/Scalability.ini]
[2021.11.16-05.35.59:848][  0]LogConfig: Setting CVar [[r.TranslucencyLightingVolumeDim:64]]
[2021.11.16-05.35.59:849][  0]LogConfig: Setting CVar [[r.RefractionQuality:2]]
[2021.11.16-05.35.59:849][  0]LogConfig: Setting CVar [[r.SSR.Quality:3]]
[2021.11.16-05.35.59:850][  0]LogConfig: Setting CVar [[r.SSR.HalfResSceneColor:0]]
[2021.11.16-05.35.59:850][  0]LogConfig: Setting CVar [[r.SceneColorFormat:4]]
[2021.11.16-05.35.59:850][  0]LogConfig: Setting CVar [[r.DetailMode:2]]
[2021.11.16-05.35.59:851][  0]LogConfig: Setting CVar [[r.TranslucencyVolumeBlur:1]]
[2021.11.16-05.35.59:851][  0]LogConfig: Setting CVar [[r.MaterialQualityLevel:1 ; High quality]]
[2021.11.16-05.35.59:852][  0]LogConfig: Setting CVar [[r.AnisotropicMaterials:1]]
[2021.11.16-05.35.59:852][  0]LogConfig: Setting CVar [[r.SSS.Scale:1]]
[2021.11.16-05.35.59:853][  0]LogConfig: Setting CVar [[r.SSS.SampleSet:2]]
[2021.11.16-05.35.59:855][  0]LogConfig: Setting CVar [[r.SSS.Quality:1]]
[2021.11.16-05.35.59:856][  0]LogConfig: Setting CVar [[r.SSS.HalfRes:0]]
[2021.11.16-05.35.59:857][  0]LogConfig: Setting CVar [[r.SSGI.Quality:3]]
[2021.11.16-05.35.59:857][  0]LogConfig: Setting CVar [[r.EmitterSpawnRateScale:1.0]]
[2021.11.16-05.35.59:861][  0]LogConfig: Setting CVar [[r.ParticleLightQuality:2]]
[2021.11.16-05.35.59:862][  0]LogConfig: Setting CVar [[r.SkyAtmosphere.AerialPerspectiveLUT.FastApplyOnOpaque:1 ; Always have FastSkyLUT 1 in this case to avoid wrong sky]]
[2021.11.16-05.35.59:863][  0]LogConfig: Setting CVar [[r.SkyAtmosphere.AerialPerspectiveLUT.SampleCountMaxPerSlice:4]]
[2021.11.16-05.35.59:863][  0]LogConfig: Setting CVar [[r.SkyAtmosphere.AerialPerspectiveLUT.DepthResolution:16.0]]
[2021.11.16-05.35.59:864][  0]LogConfig: Setting CVar [[r.SkyAtmosphere.FastSkyLUT:1]]
[2021.11.16-05.35.59:864][  0]LogConfig: Setting CVar [[r.SkyAtmosphere.FastSkyLUT.SampleCountMin:4.0]]
[2021.11.16-05.35.59:864][  0]LogConfig: Setting CVar [[r.SkyAtmosphere.FastSkyLUT.SampleCountMax:128.0]]
[2021.11.16-05.35.59:865][  0]LogConfig: Setting CVar [[r.SkyAtmosphere.SampleCountMin:4.0]]
[2021.11.16-05.35.59:865][  0]LogConfig: Setting CVar [[r.SkyAtmosphere.SampleCountMax:128.0]]
[2021.11.16-05.35.59:866][  0]LogConfig: Setting CVar [[r.SkyAtmosphere.TransmittanceLUT.UseSmallFormat:0]]
[2021.11.16-05.35.59:866][  0]LogConfig: Setting CVar [[r.SkyAtmosphere.TransmittanceLUT.SampleCount:10.0]]
[2021.11.16-05.35.59:867][  0]LogConfig: Setting CVar [[r.SkyAtmosphere.MultiScatteringLUT.SampleCount:15.0]]
[2021.11.16-05.35.59:867][  0]LogConfig: Setting CVar [[r.SkyLight.RealTimeReflectionCapture:1]]
[2021.11.16-05.35.59:868][  0]LogConfig: Setting CVar [[fx.Niagara.QualityLevel:3]]
[2021.11.16-05.35.59:871][  0]LogConfig: Applying CVar settings from Section [FoliageQuality@3] File [../../../FamilyReunionDinner2/Saved/Config/WindowsServer/Scalability.ini]
[2021.11.16-05.35.59:872][  0]LogConfig: Setting CVar [[foliage.DensityScale:1.0]]
[2021.11.16-05.35.59:872][  0]LogConfig: Setting CVar [[grass.DensityScale:1.0]]
[2021.11.16-05.35.59:873][  0]LogConfig: Applying CVar settings from Section [ShadingQuality@3] File [../../../FamilyReunionDinner2/Saved/Config/WindowsServer/Scalability.ini]
[2021.11.16-05.35.59:873][  0]LogConfig: Setting CVar [[r.HairStrands.SkyLighting.IntegrationType:2]]
[2021.11.16-05.35.59:874][  0]LogConfig: Setting CVar [[r.HairStrands.SkyAO.SampleCount:4]]
[2021.11.16-05.35.59:878][  0]LogConfig: Setting CVar [[r.HairStrands.Visibility.MSAA.SamplePerPixel:4]]
[2021.11.16-05.35.59:879][  0]LogInit: Selected Device Profile: [WindowsServer]
[2021.11.16-05.35.59:879][  0]LogInit: Applying CVar settings loaded from the selected device profile: [WindowsServer]
[2021.11.16-05.35.59:880][  0]LogHAL: Display: Platform has ~ 32 GB [34145370112 / 34359738368 / 32], which maps to Largest [LargestMinGB=32, LargerMinGB=12, DefaultMinGB=8, SmallerMinGB=6, SmallestMinGB=0)
[2021.11.16-05.35.59:880][  0]LogInit: Going up to parent DeviceProfile [Windows]
[2021.11.16-05.35.59:881][  0]LogInit: Going up to parent DeviceProfile []
[2021.11.16-05.35.59:881][  0]LogConfig: Applying CVar settings from Section [ViewDistanceQuality@3] File [../../../FamilyReunionDinner2/Saved/Config/WindowsServer/Scalability.ini]
[2021.11.16-05.35.59:881][  0]LogConfig: Setting CVar [[r.SkeletalMeshLODBias:0]]
[2021.11.16-05.35.59:882][  0]LogConfig: Setting CVar [[r.ViewDistanceScale:1.0]]
[2021.11.16-05.35.59:883][  0]LogConfig: Applying CVar settings from Section [AntiAliasingQuality@3] File [../../../FamilyReunionDinner2/Saved/Config/WindowsServer/Scalability.ini]
[2021.11.16-05.35.59:885][  0]LogConfig: Setting CVar [[r.PostProcessAAQuality:4]]
[2021.11.16-05.35.59:885][  0]LogConfig: Applying CVar settings from Section [ShadowQuality@3] File [../../../FamilyReunionDinner2/Saved/Config/WindowsServer/Scalability.ini]
[2021.11.16-05.35.59:887][  0]LogConfig: Setting CVar [[r.LightFunctionQuality:1]]
[2021.11.16-05.35.59:887][  0]LogConfig: Setting CVar [[r.ShadowQuality:5]]
[2021.11.16-05.35.59:888][  0]LogConfig: Setting CVar [[r.Shadow.CSM.MaxCascades:10]]
[2021.11.16-05.35.59:889][  0]LogConfig: Setting CVar [[r.Shadow.MaxResolution:2048]]
[2021.11.16-05.35.59:889][  0]LogConfig: Setting CVar [[r.Shadow.MaxCSMResolution:2048]]
[2021.11.16-05.35.59:890][  0]LogConfig: Setting CVar [[r.Shadow.RadiusThreshold:0.01]]
[2021.11.16-05.35.59:890][  0]LogConfig: Setting CVar [[r.Shadow.DistanceScale:1.0]]
[2021.11.16-05.35.59:891][  0]LogConfig: Setting CVar [[r.Shadow.CSM.TransitionScale:1.0]]
[2021.11.16-05.35.59:891][  0]LogConfig: Setting CVar [[r.Shadow.PreShadowResolutionFactor:1.0]]
[2021.11.16-05.35.59:895][  0]LogConfig: Setting CVar [[r.DistanceFieldShadowing:1]]
[2021.11.16-05.35.59:896][  0]LogConfig: Setting CVar [[r.DistanceFieldAO:1]]
[2021.11.16-05.35.59:896][  0]LogConfig: Setting CVar [[r.AOQuality:2]]
[2021.11.16-05.35.59:897][  0]LogConfig: Setting CVar [[r.VolumetricFog:1]]
[2021.11.16-05.35.59:897][  0]LogConfig: Setting CVar [[r.VolumetricFog.GridPixelSize:8]]
[2021.11.16-05.35.59:899][  0]LogConfig: Setting CVar [[r.VolumetricFog.GridSizeZ:128]]
[2021.11.16-05.35.59:902][  0]LogConfig: Setting CVar [[r.VolumetricFog.HistoryMissSupersampleCount:4]]
[2021.11.16-05.35.59:902][  0]LogConfig: Setting CVar [[r.LightMaxDrawDistanceScale:1]]
[2021.11.16-05.35.59:903][  0]LogConfig: Setting CVar [[r.CapsuleShadows:1]]
[2021.11.16-05.35.59:904][  0]LogConfig: Applying CVar settings from Section [PostProcessQuality@3] File [../../../FamilyReunionDinner2/Saved/Config/WindowsServer/Scalability.ini]
[2021.11.16-05.35.59:904][  0]LogConfig: Setting CVar [[r.MotionBlurQuality:4]]
[2021.11.16-05.35.59:905][  0]LogConfig: Setting CVar [[r.AmbientOcclusionMipLevelFactor:0.4]]
[2021.11.16-05.35.59:905][  0]LogConfig: Setting CVar [[r.AmbientOcclusionMaxQuality:100]]
[2021.11.16-05.35.59:906][  0]LogConfig: Setting CVar [[r.AmbientOcclusionLevels:-1]]
[2021.11.16-05.35.59:906][  0]LogConfig: Setting CVar [[r.AmbientOcclusionRadiusScale:1.0]]
[2021.11.16-05.35.59:906][  0]LogConfig: Setting CVar [[r.DepthOfFieldQuality:2]]
[2021.11.16-05.35.59:907][  0]LogConfig: Setting CVar [[r.RenderTargetPoolMin:400]]
[2021.11.16-05.35.59:907][  0]LogConfig: Setting CVar [[r.LensFlareQuality:2]]
[2021.11.16-05.35.59:908][  0]LogConfig: Setting CVar [[r.SceneColorFringeQuality:1]]
[2021.11.16-05.35.59:910][  0]LogConfig: Setting CVar [[r.EyeAdaptationQuality:2]]
[2021.11.16-05.35.59:911][  0]LogConfig: Setting CVar [[r.BloomQuality:5]]
[2021.11.16-05.35.59:911][  0]LogConfig: Setting CVar [[r.FastBlurThreshold:100]]
[2021.11.16-05.35.59:911][  0]LogConfig: Setting CVar [[r.Upscale.Quality:3]]
[2021.11.16-05.35.59:912][  0]LogConfig: Setting CVar [[r.Tonemapper.GrainQuantization:1]]
[2021.11.16-05.35.59:912][  0]LogConfig: Setting CVar [[r.LightShaftQuality:1]]
[2021.11.16-05.35.59:913][  0]LogConfig: Setting CVar [[r.Filter.SizeScale:1]]
[2021.11.16-05.35.59:913][  0]LogConfig: Setting CVar [[r.Tonemapper.Quality:5]]
[2021.11.16-05.35.59:913][  0]LogConfig: Setting CVar [[r.DOF.Gather.AccumulatorQuality:1        ; higher gathering accumulator quality]]
[2021.11.16-05.35.59:914][  0]LogConfig: Setting CVar [[r.DOF.Gather.PostfilterMethod:1          ; Median3x3 postfilering method]]
[2021.11.16-05.35.59:917][  0]LogConfig: Setting CVar [[r.DOF.Gather.EnableBokehSettings:0       ; no bokeh simulation when gathering]]
[2021.11.16-05.35.59:918][  0]LogConfig: Setting CVar [[r.DOF.Gather.RingCount:4                 ; medium number of samples when gathering]]
[2021.11.16-05.35.59:919][  0]LogConfig: Setting CVar [[r.DOF.Scatter.ForegroundCompositing:1    ; additive foreground scattering]]
[2021.11.16-05.35.59:919][  0]LogConfig: Setting CVar [[r.DOF.Scatter.BackgroundCompositing:2    ; additive background scattering]]
[2021.11.16-05.35.59:920][  0]LogConfig: Setting CVar [[r.DOF.Scatter.EnableBokehSettings:1      ; bokeh simulation when scattering]]
[2021.11.16-05.35.59:920][  0]LogConfig: Setting CVar [[r.DOF.Scatter.MaxSpriteRatio:0.1         ; only a maximum of 10% of scattered bokeh]]
[2021.11.16-05.35.59:920][  0]LogConfig: Setting CVar [[r.DOF.Recombine.Quality:1                ; cheap slight out of focus]]
[2021.11.16-05.35.59:921][  0]LogConfig: Setting CVar [[r.DOF.Recombine.EnableBokehSettings:0    ; no bokeh simulation on slight out of focus]]
[2021.11.16-05.35.59:921][  0]LogConfig: Setting CVar [[r.DOF.TemporalAAQuality:1                ; more stable temporal accumulation]]
[2021.11.16-05.35.59:922][  0]LogConfig: Setting CVar [[r.DOF.Kernel.MaxForegroundRadius:0.025]]
[2021.11.16-05.35.59:922][  0]LogConfig: Setting CVar [[r.DOF.Kernel.MaxBackgroundRadius:0.025]]
[2021.11.16-05.35.59:922][  0]LogConfig: Applying CVar settings from Section [TextureQuality@3] File [../../../FamilyReunionDinner2/Saved/Config/WindowsServer/Scalability.ini]
[2021.11.16-05.35.59:923][  0]LogConfig: Setting CVar [[r.Streaming.MipBias:0]]
[2021.11.16-05.35.59:923][  0]LogConfig: Setting CVar [[r.Streaming.AmortizeCPUToGPUCopy:0]]
[2021.11.16-05.35.59:924][  0]LogConfig: Setting CVar [[r.Streaming.MaxNumTexturesToStreamPerFrame:0]]
[2021.11.16-05.35.59:924][  0]LogConfig: Setting CVar [[r.Streaming.Boost:1]]
[2021.11.16-05.35.59:926][  0]LogConfig: Setting CVar [[r.MaxAnisotropy:8]]
[2021.11.16-05.35.59:927][  0]LogConfig: Setting CVar [[r.VT.MaxAnisotropy:8]]
[2021.11.16-05.35.59:927][  0]LogConfig: Setting CVar [[r.Streaming.LimitPoolSizeToVRAM:0]]
[2021.11.16-05.35.59:927][  0]LogConfig: Setting CVar [[r.Streaming.PoolSize:1000]]
[2021.11.16-05.35.59:928][  0]LogConfig: Setting CVar [[r.Streaming.MaxEffectiveScreenSize:0]]
[2021.11.16-05.35.59:928][  0]LogConfig: Applying CVar settings from Section [EffectsQuality@3] File [../../../FamilyReunionDinner2/Saved/Config/WindowsServer/Scalability.ini]
[2021.11.16-05.35.59:928][  0]LogConfig: Setting CVar [[r.TranslucencyLightingVolumeDim:64]]
[2021.11.16-05.35.59:930][  0]LogConfig: Setting CVar [[r.RefractionQuality:2]]
[2021.11.16-05.35.59:932][  0]LogConfig: Setting CVar [[r.SSR.Quality:3]]
[2021.11.16-05.35.59:933][  0]LogConfig: Setting CVar [[r.SSR.HalfResSceneColor:0]]
[2021.11.16-05.35.59:934][  0]LogConfig: Setting CVar [[r.SceneColorFormat:4]]
[2021.11.16-05.35.59:935][  0]LogConfig: Setting CVar [[r.DetailMode:2]]
[2021.11.16-05.35.59:935][  0]LogConfig: Setting CVar [[r.TranslucencyVolumeBlur:1]]
[2021.11.16-05.35.59:936][  0]LogConfig: Setting CVar [[r.MaterialQualityLevel:1 ; High quality]]
[2021.11.16-05.35.59:936][  0]LogConfig: Setting CVar [[r.AnisotropicMaterials:1]]
[2021.11.16-05.35.59:937][  0]LogConfig: Setting CVar [[r.SSS.Scale:1]]
[2021.11.16-05.35.59:937][  0]LogConfig: Setting CVar [[r.SSS.SampleSet:2]]
[2021.11.16-05.35.59:937][  0]LogConfig: Setting CVar [[r.SSS.Quality:1]]
[2021.11.16-05.35.59:938][  0]LogConfig: Setting CVar [[r.SSS.HalfRes:0]]
[2021.11.16-05.35.59:938][  0]LogConfig: Setting CVar [[r.SSGI.Quality:3]]
[2021.11.16-05.35.59:938][  0]LogConfig: Setting CVar [[r.EmitterSpawnRateScale:1.0]]
[2021.11.16-05.35.59:939][  0]LogConfig: Setting CVar [[r.ParticleLightQuality:2]]
[2021.11.16-05.35.59:939][  0]LogConfig: Setting CVar [[r.SkyAtmosphere.AerialPerspectiveLUT.FastApplyOnOpaque:1 ; Always have FastSkyLUT 1 in this case to avoid wrong sky]]
[2021.11.16-05.35.59:940][  0]LogConfig: Setting CVar [[r.SkyAtmosphere.AerialPerspectiveLUT.SampleCountMaxPerSlice:4]]
[2021.11.16-05.35.59:940][  0]LogConfig: Setting CVar [[r.SkyAtmosphere.AerialPerspectiveLUT.DepthResolution:16.0]]
[2021.11.16-05.35.59:941][  0]LogConfig: Setting CVar [[r.SkyAtmosphere.FastSkyLUT:1]]
[2021.11.16-05.35.59:942][  0]LogConfig: Setting CVar [[r.SkyAtmosphere.FastSkyLUT.SampleCountMin:4.0]]
[2021.11.16-05.35.59:942][  0]LogConfig: Setting CVar [[r.SkyAtmosphere.FastSkyLUT.SampleCountMax:128.0]]
[2021.11.16-05.35.59:943][  0]LogConfig: Setting CVar [[r.SkyAtmosphere.SampleCountMin:4.0]]
[2021.11.16-05.35.59:943][  0]LogConfig: Setting CVar [[r.SkyAtmosphere.SampleCountMax:128.0]]
[2021.11.16-05.35.59:944][  0]LogConfig: Setting CVar [[r.SkyAtmosphere.TransmittanceLUT.UseSmallFormat:0]]
[2021.11.16-05.35.59:944][  0]LogConfig: Setting CVar [[r.SkyAtmosphere.TransmittanceLUT.SampleCount:10.0]]
[2021.11.16-05.35.59:944][  0]LogConfig: Setting CVar [[r.SkyAtmosphere.MultiScatteringLUT.SampleCount:15.0]]
[2021.11.16-05.35.59:945][  0]LogConfig: Setting CVar [[r.SkyLight.RealTimeReflectionCapture:1]]
[2021.11.16-05.35.59:948][  0]LogConfig: Setting CVar [[fx.Niagara.QualityLevel:3]]
[2021.11.16-05.35.59:949][  0]LogConfig: Applying CVar settings from Section [FoliageQuality@3] File [../../../FamilyReunionDinner2/Saved/Config/WindowsServer/Scalability.ini]
[2021.11.16-05.35.59:950][  0]LogConfig: Setting CVar [[foliage.DensityScale:1.0]]
[2021.11.16-05.35.59:950][  0]LogConfig: Setting CVar [[grass.DensityScale:1.0]]
[2021.11.16-05.35.59:950][  0]LogConfig: Applying CVar settings from Section [ShadingQuality@3] File [../../../FamilyReunionDinner2/Saved/Config/WindowsServer/Scalability.ini]
[2021.11.16-05.35.59:951][  0]LogConfig: Setting CVar [[r.HairStrands.SkyLighting.IntegrationType:2]]
[2021.11.16-05.35.59:951][  0]LogConfig: Setting CVar [[r.HairStrands.SkyAO.SampleCount:4]]
[2021.11.16-05.35.59:951][  0]LogConfig: Setting CVar [[r.HairStrands.Visibility.MSAA.SamplePerPixel:4]]
[2021.11.16-05.35.59:952][  0]LogConfig: Applying CVar settings from Section [Startup] File [../../../Engine/Config/ConsoleVariables.ini]
[2021.11.16-05.35.59:952][  0]LogConfig: Setting CVar [[net.UseAdaptiveNetUpdateFrequency:0]]
[2021.11.16-05.35.59:953][  0]LogConfig: Setting CVar [[p.chaos.AllowCreatePhysxBodies:1]]
[2021.11.16-05.35.59:953][  0]LogConfig: Setting CVar [[fx.SkipVectorVMBackendOptimizations:1]]
[2021.11.16-05.35.59:953][  0]LogConfig: Applying CVar settings from Section [ConsoleVariables] File [../../../FamilyReunionDinner2/Saved/Config/WindowsServer/Engine.ini]
[2021.11.16-05.35.59:954][  0]LogInit: Computer: DESKTOP-EEV8MES
[2021.11.16-05.35.59:954][  0]LogInit: User: sion9
[2021.11.16-05.35.59:954][  0]LogInit: CPU Page size=4096, Cores=6
[2021.11.16-05.35.59:955][  0]LogInit: High frequency timer resolution =10.000000 MHz
[2021.11.16-05.35.59:955][  0]LogMemory: Memory total: Physical=31.8GB (32GB approx)
[2021.11.16-05.35.59:956][  0]LogMemory: Platform Memory Stats for WindowsServer
[2021.11.16-05.35.59:956][  0]LogMemory: Process Physical Memory: 74.56 MB used, 74.57 MB peak
[2021.11.16-05.35.59:956][  0]LogMemory: Process Virtual Memory: 77.56 MB used, 77.56 MB peak
[2021.11.16-05.35.59:957][  0]LogMemory: Physical Memory: 18058.30 MB used,  14505.26 MB free, 32563.56 MB total
[2021.11.16-05.35.59:957][  0]LogMemory: Virtual Memory: 134197752.00 MB used,  19972.09 MB free, 134217728.00 MB total
[2021.11.16-05.36.00:244][  0]LogWindows: WindowsPlatformFeatures disabled or dedicated server build
[2021.11.16-05.36.00:308][  0]LogInit: Physics initialised using underlying interface: PhysX
[2021.11.16-05.36.00:308][  0]LogInit: Using OS detected language (en-US).
[2021.11.16-05.36.00:309][  0]LogInit: Using OS detected locale (en-US).
[2021.11.16-05.36.00:313][  0]LogTextLocalizationManager: No specific localization for 'en-US' exists, so the 'en' localization will be used.
[2021.11.16-05.36.00:335][  0]LogRendererCore: Ray tracing is disabled. Reason: r.RayTracing=0.
[2021.11.16-05.36.00:336][  0]LogODSC: ODSC Thread active.
[2021.11.16-05.36.00:344][  0]LogInit: Using OS detected language (en-US).
[2021.11.16-05.36.00:344][  0]LogInit: Using OS detected locale (en-US).
[2021.11.16-05.36.00:345][  0]LogTextLocalizationManager: No localization for 'en-US' exists, so 'en' will be used for the language.
[2021.11.16-05.36.00:345][  0]LogTextLocalizationManager: No localization for 'en-US' exists, so 'en' will be used for the locale.
[2021.11.16-05.36.00:346][  0]LogTextLocalizationManager: Compacting localization data took   0.64ms
[2021.11.16-05.36.00:346][  0]LogAssetRegistry: FAssetRegistry took 0.0006 seconds to start up
[2021.11.16-05.36.00:409][  0]LogStreaming: Display: FlushAsyncLoading: 1 QueuedPackages, 0 AsyncPackages
[2021.11.16-05.36.00:410][  0]LogPackageLocalizationCache: Processed 26 localized package path(s) for 1 prioritized culture(s) in 0.000080 seconds
[2021.11.16-05.36.00:411][  0]LogPakFile: New pak file ../../../FamilyReunionDinner2/Content/Paks/FamilyReunionDinner2-WindowsServer.pak added to pak precacher.
[2021.11.16-05.36.00:415][  0]LogInit: Selected Device Profile: [WindowsServer]
[2021.11.16-05.36.00:416][  0]LogInit: Active device profile: [000001A9606B0A00][000001A95CBCDB70 49] WindowsServer
[2021.11.16-05.36.00:416][  0]LogInit: Profiles: [000001A9606B0B80][000001A95ECD6DC0 49] Windows, [000001A9606B0A00][000001A95CBCDB70 49] WindowsServer, 
[2021.11.16-05.36.00:424][  0]LogSerialization: Display: AllowBulkDataInIoStore: 'true'
[2021.11.16-05.36.00:431][  0]LogNetVersion: FamilyReunionDinner2 1.0.0, NetCL: 0, EngineNetVer: 17, GameNetVer: 0 (Checksum: 2045832996)
[2021.11.16-05.36.00:452][  0]LogAudioCaptureCore: Display: No Audio Capture implementations found. Audio input will be silent.
[2021.11.16-05.36.00:452][  0]LogAudioCaptureCore: Display: No Audio Capture implementations found. Audio input will be silent.
[2021.11.16-05.36.00:453][  0]LogHMD: PokeAHoleMaterial loaded successfully
[2021.11.16-05.36.00:480][  0]LogUObjectArray: 15955 objects as part of root set at end of initial load.
[2021.11.16-05.36.00:480][  0]LogUObjectAllocator: 3296632 out of 0 bytes used by permanent object pool.
[2021.11.16-05.36.00:481][  0]LogUObjectArray: CloseDisregardForGC: 15955/0 objects in disregard for GC pool
[2021.11.16-05.36.00:489][  0]LogNiagaraDebuggerClient: Niagara Debugger Client Initialized | Session: 88EF333E48DA627B583B4991AAE070BF | Instance: 9E3150874478A9ADB0AF1E9ECD7B7F39 (DESKTOP-EEV8MES-20092).
[2021.11.16-05.36.00:491][  0]LogAndroidPermission: UAndroidPermissionCallbackProxy::GetInstance
[2021.11.16-05.36.00:491][  0]LogOcInput: OculusInput pre-init called
[2021.11.16-05.36.00:492][  0]LogEngine: Initializing Engine...
[2021.11.16-05.36.00:494][  0]LogStats: UGameplayTagsManager::InitializeManager -  0.000 s
[2021.11.16-05.36.00:498][  0]LogInit: Initializing FReadOnlyCVARCache
[2021.11.16-05.36.00:498][  0]LogNetVersion: Set ProjectVersion to 1.0.0.0. Version Checksum will be recalculated on next use.
[2021.11.16-05.36.00:499][  0]LogInit: Texture streaming: Disabled
[2021.11.16-05.36.00:502][  0]LogInit: Display: Game Engine Initialized.
[2021.11.16-05.36.00:502][  0]LogInit: Display: Starting Game.
[2021.11.16-05.36.00:502][  0]LogNet: Browse: /Game/FirstPersonCPP/Maps/GameMenuMap?Name=Player
[2021.11.16-05.36.00:502][  0]LogLoad: LoadMap: /Game/FirstPersonCPP/Maps/GameMenuMap?Name=Player
[2021.11.16-05.36.00:503][  0]LogWorld: BeginTearingDown for /Temp/Untitled_0
[2021.11.16-05.36.00:506][  0]LogWorld: UWorld::CleanupWorld for Untitled, bSessionEnded=true, bCleanupResources=true
[2021.11.16-05.36.00:507][  0]LogUObjectHash: Compacting FUObjectHashTables data took   0.54ms
[2021.11.16-05.36.00:526][  0]LogAIModule: Creating AISystem for world GameMenuMap
[2021.11.16-05.36.00:526][  0]LogLoad: Game class is 'GameMenuGameMode'
[2021.11.16-05.36.00:527][  0]LogNet: ReplicationDriverClass is null! Not using ReplicationDriver.
[2021.11.16-05.36.00:532][  0]LogNetCore: DDoS detection status: detection enabled: 0 analytics enabled: 0
[2021.11.16-05.36.00:532][  0]LogInit: WinSock: Socket queue. Rx: 131072 (config 131072) Tx: 131072 (config 131072)
[2021.11.16-05.36.00:532][  0]LogNet: Created socket for bind address: 0.0.0.0 on port 7777
[2021.11.16-05.36.00:533][  0]PacketHandlerLog: Loaded PacketHandler component: Engine.EngineHandlerComponentFactory (StatelessConnectHandlerComponent)
[2021.11.16-05.36.00:533][  0]LogNet: GameNetDriver IpNetDriver_2147482567 IpNetDriver listening on port 7777
[2021.11.16-05.36.00:535][  0]LogWorld: Bringing World /Game/FirstPersonCPP/Maps/GameMenuMap.GameMenuMap up for play (max tick rate 30) at 2021.11.16-00.36.00
[2021.11.16-05.36.00:535][  0]LogWorld: Bringing up level for play took: 0.000726
[2021.11.16-05.36.00:535][  0]LogLoad: Took 0.032989 seconds to LoadMap(/Game/FirstPersonCPP/Maps/GameMenuMap)
[2021.11.16-05.36.00:536][  0]LogPakFile: AllPaks IndexSizes: DirectoryHashSize=203736, PathHashSize=16, EntriesSize=32752, TotalSize=236504
[2021.11.16-05.36.00:536][  0]LogInit: Display: Engine is initialized. Leaving FEngineLoop::Init()
[2021.11.16-05.36.00:536][  0]LogLoad: (Engine Initialization) Total time: 3.36 seconds
[2021.11.16-05.36.06:634][182]LogNet: NotifyAcceptingConnection accepted from: 127.0.0.1:55333
[2021.11.16-05.36.06:634][182]LogHandshake: SendConnectChallenge. Timestamp: 6.096890, Cookie: 230081208189048111243081139221050151226035201173077133129212
[2021.11.16-05.36.06:636][182]LogNet: NotifyAcceptingConnection accepted from: 127.0.0.1:55334
[2021.11.16-05.36.06:636][182]LogHandshake: SendConnectChallenge. Timestamp: 6.096890, Cookie: 032036033064145122193065213118129241192155193191156145186044
[2021.11.16-05.36.06:640][182]LogNet: NotifyAcceptingConnection accepted from: 127.0.0.1:55335
[2021.11.16-05.36.06:640][182]LogHandshake: SendConnectChallenge. Timestamp: 6.096890, Cookie: 233160214196239117252183025166070077218234222048070228125108
[2021.11.16-05.36.06:641][182]LogNet: NotifyAcceptingConnection accepted from: 127.0.0.1:55333
[2021.11.16-05.36.06:642][182]LogHandshake: SendChallengeAck. InCookie: 230081208189048111243081139221050151226035201173077133129212
[2021.11.16-05.36.06:642][182]LogNet: Server accepting post-challenge connection from: 127.0.0.1:55333
[2021.11.16-05.36.06:643][182]PacketHandlerLog: Loaded PacketHandler component: Engine.EngineHandlerComponentFactory (StatelessConnectHandlerComponent)
[2021.11.16-05.36.06:644][182]LogNet: NotifyAcceptedConnection: Name: GameMenuMap, TimeStamp: 11/16/21 00:36:06, [UNetConnection] RemoteAddr: 127.0.0.1:55333, Name: IpConnection_2147482559, Driver: GameNetDriver IpNetDriver_2147482567, IsServer: YES, PC: NULL, Owner: NULL, UniqueId: INVALID
[2021.11.16-05.36.06:645][182]LogNet: AddClientConnection: Added client connection: [UNetConnection] RemoteAddr: 127.0.0.1:55333, Name: IpConnection_2147482559, Driver: GameNetDriver IpNetDriver_2147482567, IsServer: YES, PC: NULL, Owner: NULL, UniqueId: INVALID
[2021.11.16-05.36.06:645][182]LogNet: NotifyAcceptingConnection accepted from: 127.0.0.1:55334
[2021.11.16-05.36.06:646][182]LogHandshake: SendChallengeAck. InCookie: 032036033064145122193065213118129241192155193191156145186044
[2021.11.16-05.36.06:646][182]LogNet: Server accepting post-challenge connection from: 127.0.0.1:55334
[2021.11.16-05.36.06:647][182]PacketHandlerLog: Loaded PacketHandler component: Engine.EngineHandlerComponentFactory (StatelessConnectHandlerComponent)
[2021.11.16-05.36.06:647][182]LogNet: NotifyAcceptedConnection: Name: GameMenuMap, TimeStamp: 11/16/21 00:36:06, [UNetConnection] RemoteAddr: 127.0.0.1:55334, Name: IpConnection_2147482556, Driver: GameNetDriver IpNetDriver_2147482567, IsServer: YES, PC: NULL, Owner: NULL, UniqueId: INVALID
[2021.11.16-05.36.06:650][182]LogNet: AddClientConnection: Added client connection: [UNetConnection] RemoteAddr: 127.0.0.1:55334, Name: IpConnection_2147482556, Driver: GameNetDriver IpNetDriver_2147482567, IsServer: YES, PC: NULL, Owner: NULL, UniqueId: INVALID
[2021.11.16-05.36.06:651][182]LogNet: NotifyAcceptingConnection accepted from: 127.0.0.1:55335
[2021.11.16-05.36.06:651][182]LogHandshake: SendChallengeAck. InCookie: 233160214196239117252183025166070077218234222048070228125108
[2021.11.16-05.36.06:652][182]LogNet: Server accepting post-challenge connection from: 127.0.0.1:55335
[2021.11.16-05.36.06:653][182]PacketHandlerLog: Loaded PacketHandler component: Engine.EngineHandlerComponentFactory (StatelessConnectHandlerComponent)
[2021.11.16-05.36.06:653][182]LogNet: NotifyAcceptedConnection: Name: GameMenuMap, TimeStamp: 11/16/21 00:36:06, [UNetConnection] RemoteAddr: 127.0.0.1:55335, Name: IpConnection_2147482553, Driver: GameNetDriver IpNetDriver_2147482567, IsServer: YES, PC: NULL, Owner: NULL, UniqueId: INVALID
[2021.11.16-05.36.06:653][182]LogNet: AddClientConnection: Added client connection: [UNetConnection] RemoteAddr: 127.0.0.1:55335, Name: IpConnection_2147482553, Driver: GameNetDriver IpNetDriver_2147482567, IsServer: YES, PC: NULL, Owner: NULL, UniqueId: INVALID
[2021.11.16-05.36.06:667][183]LogNet: NotifyAcceptingChannel Control 0 server World /Game/FirstPersonCPP/Maps/GameMenuMap.GameMenuMap: Accepted
[2021.11.16-05.36.06:667][183]LogNet: Remote platform little endian=1
[2021.11.16-05.36.06:667][183]LogNet: This platform little endian=1
[2021.11.16-05.36.06:668][183]LogNetVersion: FamilyReunionDinner2 1.0.0.0, NetCL: 0, EngineNetVer: 17, GameNetVer: 0 (Checksum: 3452487040)
[2021.11.16-05.36.06:669][183]LogNet: NotifyAcceptingChannel Control 0 server World /Game/FirstPersonCPP/Maps/GameMenuMap.GameMenuMap: Accepted
[2021.11.16-05.36.06:669][183]LogNet: Remote platform little endian=1
[2021.11.16-05.36.06:670][183]LogNet: This platform little endian=1
[2021.11.16-05.36.06:670][183]LogNet: NotifyAcceptingChannel Control 0 server World /Game/FirstPersonCPP/Maps/GameMenuMap.GameMenuMap: Accepted
[2021.11.16-05.36.06:671][183]LogNet: Remote platform little endian=1
[2021.11.16-05.36.06:673][183]LogNet: This platform little endian=1
[2021.11.16-05.36.06:676][183]LogNet: Login request: ?Name=DESKTOP-EEV8MES-1B73AC194470D590E793DE94A265FD22 userId: NULL:DESKTOP-EEV8MES-1B73AC194470D590E793DE94A265FD22 platform: NULL
[2021.11.16-05.36.06:677][183]LogNet: Login request: ?Name=DESKTOP-EEV8MES-3FE1CC9741F94E5BB23E72A51FEFE172 userId: NULL:DESKTOP-EEV8MES-3FE1CC9741F94E5BB23E72A51FEFE172 platform: NULL
[2021.11.16-05.36.06:700][184]LogNet: Client netspeed is 100000
[2021.11.16-05.36.06:799][187]LogNet: Join request: /Game/FirstPersonCPP/Maps/GameMenuMap?Name=DESKTOP-EEV8MES-1B73AC194470D590E793DE94A265FD22?SplitscreenCount=1
[2021.11.16-05.36.06:799][187]LogOnlineSession: Warning: OSS: No game present to join for session (GameSession)
[2021.11.16-05.36.06:806][187]LogNet: Join succeeded: DESKTOP-EEV8MES-1B73
[2021.11.16-05.36.06:806][187]LogNet: Client netspeed is 100000
[2021.11.16-05.36.06:866][189]LogNet: Join request: /Game/FirstPersonCPP/Maps/GameMenuMap?Name=DESKTOP-EEV8MES-3FE1CC9741F94E5BB23E72A51FEFE172?SplitscreenCount=1
[2021.11.16-05.36.06:866][189]LogOnlineSession: Warning: OSS: No game present to join for session (GameSession)
[2021.11.16-05.36.06:871][189]LogNet: Join succeeded: DESKTOP-EEV8MES-3FE1
[2021.11.16-05.36.06:872][189]LogNet: Login request: ?Name=DESKTOP-EEV8MES-F13E110D42A05A19C25BBF99EB26EE7E userId: NULL:DESKTOP-EEV8MES-F13E110D42A05A19C25BBF99EB26EE7E platform: NULL
[2021.11.16-05.36.06:932][191]LogNet: Client netspeed is 100000
[2021.11.16-05.36.06:965][192]LogNet: Join request: /Game/FirstPersonCPP/Maps/GameMenuMap?Name=DESKTOP-EEV8MES-F13E110D42A05A19C25BBF99EB26EE7E?SplitscreenCount=1
[2021.11.16-05.36.06:965][192]LogOnlineSession: Warning: OSS: No game present to join for session (GameSession)
[2021.11.16-05.36.06:969][192]LogNet: Join succeeded: DESKTOP-EEV8MES-F13E
[2021.11.16-05.36.32:591][963]LogTemp: Warning: Current server path = D:/I/Sousaku/FamilyReunionDinner/FamilyReunionDinner2Package/WindowsServer/FamilyReunionDinner2/Binaries/Win64/FamilyReunionDinner2Server.exe
[2021.11.16-05.36.32:597][963]LogTemp: Warning: Server created
[2021.11.16-05.36.32:657][965]LogNet: UChannel::ReceivedSequencedBunch: Bunch.bClose == true. ChIndex == 0. Calling ConditionalCleanUp.
[2021.11.16-05.36.32:657][965]LogNet: UChannel::CleanUp: ChIndex == 0. Closing connection. [UChannel] ChIndex: 0, Closing: 0 [UNetConnection] RemoteAddr: 127.0.0.1:55334, Name: IpConnection_2147482556, Driver: GameNetDriver IpNetDriver_2147482567, IsServer: YES, PC: PlayerController_2147482526, Owner: PlayerController_2147482526, UniqueId: NULL:DESKTOP-EEV8MES-3FE1CC9741F94E5BB23E72A51FEFE172
[2021.11.16-05.36.32:658][965]LogNet: UNetConnection::Close: [UNetConnection] RemoteAddr: 127.0.0.1:55334, Name: IpConnection_2147482556, Driver: GameNetDriver IpNetDriver_2147482567, IsServer: YES, PC: PlayerController_2147482526, Owner: PlayerController_2147482526, UniqueId: NULL:DESKTOP-EEV8MES-3FE1CC9741F94E5BB23E72A51FEFE172, Channels: 14, Time: 2021.11.16-05.36.32
[2021.11.16-05.36.32:658][965]LogNet: UChannel::Close: Sending CloseBunch. ChIndex == 0. Name: [UChannel] ChIndex: 0, Closing: 0 [UNetConnection] RemoteAddr: 127.0.0.1:55334, Name: IpConnection_2147482556, Driver: GameNetDriver IpNetDriver_2147482567, IsServer: YES, PC: PlayerController_2147482526, Owner: PlayerController_2147482526, UniqueId: NULL:DESKTOP-EEV8MES-3FE1CC9741F94E5BB23E72A51FEFE172
[2021.11.16-05.36.32:659][965]LogNet: UChannel::ReceivedSequencedBunch: Bunch.bClose == true. ChIndex == 0. Calling ConditionalCleanUp.
[2021.11.16-05.36.32:659][965]LogNet: UChannel::CleanUp: ChIndex == 0. Closing connection. [UChannel] ChIndex: 0, Closing: 0 [UNetConnection] RemoteAddr: 127.0.0.1:55335, Name: IpConnection_2147482553, Driver: GameNetDriver IpNetDriver_2147482567, IsServer: YES, PC: PlayerController_2147482502, Owner: PlayerController_2147482502, UniqueId: NULL:DESKTOP-EEV8MES-F13E110D42A05A19C25BBF99EB26EE7E
[2021.11.16-05.36.32:660][965]LogNet: UNetConnection::Close: [UNetConnection] RemoteAddr: 127.0.0.1:55335, Name: IpConnection_2147482553, Driver: GameNetDriver IpNetDriver_2147482567, IsServer: YES, PC: PlayerController_2147482502, Owner: PlayerController_2147482502, UniqueId: NULL:DESKTOP-EEV8MES-F13E110D42A05A19C25BBF99EB26EE7E, Channels: 14, Time: 2021.11.16-05.36.32
[2021.11.16-05.36.32:660][965]LogNet: UChannel::Close: Sending CloseBunch. ChIndex == 0. Name: [UChannel] ChIndex: 0, Closing: 0 [UNetConnection] RemoteAddr: 127.0.0.1:55335, Name: IpConnection_2147482553, Driver: GameNetDriver IpNetDriver_2147482567, IsServer: YES, PC: PlayerController_2147482502, Owner: PlayerController_2147482502, UniqueId: NULL:DESKTOP-EEV8MES-F13E110D42A05A19C25BBF99EB26EE7E
[2021.11.16-05.36.32:661][965]LogOnlineSession: Warning: OSS: No game present to leave for session (GameSession)
[2021.11.16-05.36.32:662][965]LogOnlineSession: Warning: OSS: No game present to leave for session (GameSession)
[2021.11.16-05.36.56:997][699]LogNet: UChannel::ReceivedSequencedBunch: Bunch.bClose == true. ChIndex == 0. Calling ConditionalCleanUp.
[2021.11.16-05.36.56:997][699]LogNet: UChannel::CleanUp: ChIndex == 0. Closing connection. [UChannel] ChIndex: 0, Closing: 0 [UNetConnection] RemoteAddr: 127.0.0.1:55333, Name: IpConnection_2147482559, Driver: GameNetDriver IpNetDriver_2147482567, IsServer: YES, PC: PlayerController_2147482547, Owner: PlayerController_2147482547, UniqueId: NULL:DESKTOP-EEV8MES-1B73AC194470D590E793DE94A265FD22
[2021.11.16-05.36.57:000][699]LogNet: UNetConnection::Close: [UNetConnection] RemoteAddr: 127.0.0.1:55333, Name: IpConnection_2147482559, Driver: GameNetDriver IpNetDriver_2147482567, IsServer: YES, PC: PlayerController_2147482547, Owner: PlayerController_2147482547, UniqueId: NULL:DESKTOP-EEV8MES-1B73AC194470D590E793DE94A265FD22, Channels: 10, Time: 2021.11.16-05.36.57
[2021.11.16-05.36.57:001][699]LogNet: UChannel::Close: Sending CloseBunch. ChIndex == 0. Name: [UChannel] ChIndex: 0, Closing: 0 [UNetConnection] RemoteAddr: 127.0.0.1:55333, Name: IpConnection_2147482559, Driver: GameNetDriver IpNetDriver_2147482567, IsServer: YES, PC: PlayerController_2147482547, Owner: PlayerController_2147482547, UniqueId: NULL:DESKTOP-EEV8MES-1B73AC194470D590E793DE94A265FD22
[2021.11.16-05.36.57:031][700]LogOnlineSession: Warning: OSS: No game present to leave for session (GameSession)
[2021.11.16-05.36.59:587][777]LogNet: NotifyAcceptingConnection accepted from: 127.0.0.1:64609
[2021.11.16-05.36.59:587][777]LogHandshake: SendConnectChallenge. Timestamp: 59.049207, Cookie: 228095130109071157168154110098103243194077106072237209120052
[2021.11.16-05.36.59:588][777]LogNet: NotifyAcceptingConnection accepted from: 127.0.0.1:64610
[2021.11.16-05.36.59:588][777]LogHandshake: SendConnectChallenge. Timestamp: 59.049207, Cookie: 122132212171191240248175038202168043122009087211231094018110
[2021.11.16-05.36.59:589][777]LogNet: NotifyAcceptingConnection accepted from: 127.0.0.1:64611
[2021.11.16-05.36.59:589][777]LogHandshake: SendConnectChallenge. Timestamp: 59.049207, Cookie: 239107028124253237051235086198222185132060247249013034075189
[2021.11.16-05.36.59:621][778]LogNet: NotifyAcceptingConnection accepted from: 127.0.0.1:64609
[2021.11.16-05.36.59:621][778]LogHandshake: SendChallengeAck. InCookie: 228095130109071157168154110098103243194077106072237209120052
[2021.11.16-05.36.59:622][778]LogNet: Server accepting post-challenge connection from: 127.0.0.1:64609
[2021.11.16-05.36.59:623][778]PacketHandlerLog: Loaded PacketHandler component: Engine.EngineHandlerComponentFactory (StatelessConnectHandlerComponent)
[2021.11.16-05.36.59:623][778]LogNet: NotifyAcceptedConnection: Name: GameMenuMap, TimeStamp: 11/16/21 00:36:59, [UNetConnection] RemoteAddr: 127.0.0.1:64609, Name: IpConnection_2147482466, Driver: GameNetDriver IpNetDriver_2147482567, IsServer: YES, PC: NULL, Owner: NULL, UniqueId: INVALID
[2021.11.16-05.36.59:624][778]LogNet: AddClientConnection: Added client connection: [UNetConnection] RemoteAddr: 127.0.0.1:64609, Name: IpConnection_2147482466, Driver: GameNetDriver IpNetDriver_2147482567, IsServer: YES, PC: NULL, Owner: NULL, UniqueId: INVALID
[2021.11.16-05.36.59:624][778]LogNet: NotifyAcceptingConnection accepted from: 127.0.0.1:64610
[2021.11.16-05.36.59:624][778]LogHandshake: SendChallengeAck. InCookie: 122132212171191240248175038202168043122009087211231094018110
[2021.11.16-05.36.59:625][778]LogNet: Server accepting post-challenge connection from: 127.0.0.1:64610
[2021.11.16-05.36.59:625][778]PacketHandlerLog: Loaded PacketHandler component: Engine.EngineHandlerComponentFactory (StatelessConnectHandlerComponent)
[2021.11.16-05.36.59:626][778]LogNet: NotifyAcceptedConnection: Name: GameMenuMap, TimeStamp: 11/16/21 00:36:59, [UNetConnection] RemoteAddr: 127.0.0.1:64610, Name: IpConnection_2147482463, Driver: GameNetDriver IpNetDriver_2147482567, IsServer: YES, PC: NULL, Owner: NULL, UniqueId: INVALID
[2021.11.16-05.36.59:626][778]LogNet: AddClientConnection: Added client connection: [UNetConnection] RemoteAddr: 127.0.0.1:64610, Name: IpConnection_2147482463, Driver: GameNetDriver IpNetDriver_2147482567, IsServer: YES, PC: NULL, Owner: NULL, UniqueId: INVALID
[2021.11.16-05.36.59:626][778]LogNet: NotifyAcceptingConnection accepted from: 127.0.0.1:64611
[2021.11.16-05.36.59:627][778]LogHandshake: SendChallengeAck. InCookie: 239107028124253237051235086198222185132060247249013034075189
[2021.11.16-05.36.59:627][778]LogNet: Server accepting post-challenge connection from: 127.0.0.1:64611
[2021.11.16-05.36.59:628][778]PacketHandlerLog: Loaded PacketHandler component: Engine.EngineHandlerComponentFactory (StatelessConnectHandlerComponent)
[2021.11.16-05.36.59:628][778]LogNet: NotifyAcceptedConnection: Name: GameMenuMap, TimeStamp: 11/16/21 00:36:59, [UNetConnection] RemoteAddr: 127.0.0.1:64611, Name: IpConnection_2147482460, Driver: GameNetDriver IpNetDriver_2147482567, IsServer: YES, PC: NULL, Owner: NULL, UniqueId: INVALID
[2021.11.16-05.36.59:629][778]LogNet: AddClientConnection: Added client connection: [UNetConnection] RemoteAddr: 127.0.0.1:64611, Name: IpConnection_2147482460, Driver: GameNetDriver IpNetDriver_2147482567, IsServer: YES, PC: NULL, Owner: NULL, UniqueId: INVALID
[2021.11.16-05.36.59:655][779]LogNet: NotifyAcceptingChannel Control 0 server World /Game/FirstPersonCPP/Maps/GameMenuMap.GameMenuMap: Accepted
[2021.11.16-05.36.59:655][779]LogNet: Remote platform little endian=1
[2021.11.16-05.36.59:655][779]LogNet: This platform little endian=1
[2021.11.16-05.36.59:656][779]LogNet: NotifyAcceptingChannel Control 0 server World /Game/FirstPersonCPP/Maps/GameMenuMap.GameMenuMap: Accepted
[2021.11.16-05.36.59:656][779]LogNet: Remote platform little endian=1
[2021.11.16-05.36.59:656][779]LogNet: This platform little endian=1
[2021.11.16-05.36.59:657][779]LogNet: NotifyAcceptingChannel Control 0 server World /Game/FirstPersonCPP/Maps/GameMenuMap.GameMenuMap: Accepted
[2021.11.16-05.36.59:657][779]LogNet: Remote platform little endian=1
[2021.11.16-05.36.59:657][779]LogNet: This platform little endian=1
[2021.11.16-05.36.59:687][780]LogNet: Login request: ?Name=DESKTOP-EEV8MES-699F1F6E485202F8794825A50826F3DC userId: NULL:DESKTOP-EEV8MES-699F1F6E485202F8794825A50826F3DC platform: NULL
[2021.11.16-05.36.59:687][780]LogNet: Login request: ?Name=DESKTOP-EEV8MES-FEFB657243ABB6A4BD936F9833F10230 userId: NULL:DESKTOP-EEV8MES-FEFB657243ABB6A4BD936F9833F10230 platform: NULL
[2021.11.16-05.36.59:687][780]LogNet: Login request: ?Name=DESKTOP-EEV8MES-91E56C0D4B76C5CFCF82ED9456AF7EF1 userId: NULL:DESKTOP-EEV8MES-91E56C0D4B76C5CFCF82ED9456AF7EF1 platform: NULL
[2021.11.16-05.36.59:721][781]LogNet: Client netspeed is 100000
[2021.11.16-05.36.59:788][783]LogNet: Join request: /Game/FirstPersonCPP/Maps/GameMenuMap?Name=DESKTOP-EEV8MES-699F1F6E485202F8794825A50826F3DC?SplitscreenCount=1
[2021.11.16-05.36.59:790][783]LogOnlineSession: Warning: OSS: No game present to join for session (GameSession)
[2021.11.16-05.36.59:791][783]LogNet: Join succeeded: DESKTOP-EEV8MES-699F
[2021.11.16-05.36.59:791][783]LogNet: Client netspeed is 100000
[2021.11.16-05.36.59:855][785]LogNet: Join request: /Game/FirstPersonCPP/Maps/GameMenuMap?Name=DESKTOP-EEV8MES-FEFB657243ABB6A4BD936F9833F10230?SplitscreenCount=1
[2021.11.16-05.36.59:855][785]LogOnlineSession: Warning: OSS: No game present to join for session (GameSession)
[2021.11.16-05.36.59:856][785]LogNet: Join succeeded: DESKTOP-EEV8MES-FEFB
[2021.11.16-05.36.59:856][785]LogNet: Client netspeed is 100000
[2021.11.16-05.36.59:921][787]LogNet: Join request: /Game/FirstPersonCPP/Maps/GameMenuMap?Name=DESKTOP-EEV8MES-91E56C0D4B76C5CFCF82ED9456AF7EF1?SplitscreenCount=1
[2021.11.16-05.36.59:921][787]LogOnlineSession: Warning: OSS: No game present to join for session (GameSession)
[2021.11.16-05.36.59:922][787]LogNet: Join succeeded: DESKTOP-EEV8MES-91E5
