Log file open, 11/16/21 21:25:24
LogWindows: Failed to load 'aqProf.dll' (GetLastError=126)
LogWindows: File 'aqProf.dll' does not exist
LogWindows: Failed to load 'VtuneApi.dll' (GetLastError=126)
LogWindows: File 'VtuneApi.dll' does not exist
LogWindows: Failed to load 'VtuneApi32e.dll' (GetLastError=126)
LogWindows: File 'VtuneApi32e.dll' does not exist
LogConsoleResponse: Display: Failed to find resolution value strings in scalability ini. Falling back to default.
LogConsoleResponse: Display: Failed to find resolution value strings in scalability ini. Falling back to default.
LogPakFile: Display: Found Pak file ../../../FamilyReunionDinner2/Content/Paks/FamilyReunionDinner2-WindowsServer.pak attempting to mount.
LogPakFile: Display: Mounting pak file ../../../FamilyReunionDinner2/Content/Paks/FamilyReunionDinner2-WindowsServer.pak.
LogPakFile: PakFile PrimaryIndexSize=24458
LogPakFile: PakFile PathHashIndexSize=45567
LogPakFile: PakFile FullDirectoryIndexSize=57541
LogShaderLibrary: Display: ShaderCodeLibraryPakFileMountedCallback: PakFile '../../../FamilyReunionDinner2/Content/Paks/FamilyReunionDinner2-WindowsServer.pak' (chunk index -1, root '../../../') mounted
LogShaderLibrary: Display: ShaderCodeLibraryPakFileMountedCallback: pending pak file info (ChunkID:-1 Root:../../../ File:../../../FamilyReunionDinner2/Content/Paks/FamilyReunionDinner2-WindowsServer.pak)
LogPakFile: OnPakFileMounted2Time == 0.000070
LogPlatformFile: Not using cached read wrapper
LogTaskGraph: Started task graph with 5 named threads and 9 total threads with 1 sets of task threads.
LogStats: Stats thread started at 0.101203
LogICUInternationalization: ICU TimeZone Detection - Raw Offset: -5:00, Platform Override: ''
LogInit: Display: Loading text-based GConfig....
LogPluginManager: Mounting plugin Paper2D
LogPluginManager: Mounting plugin AISupport
LogPluginManager: Mounting plugin EnvironmentQueryEditor
LogPluginManager: Mounting plugin LightPropagationVolume
LogPluginManager: Mounting plugin CameraShakePreviewer
LogPluginManager: Mounting plugin GameplayCameras
LogPluginManager: Mounting plugin TemplateSequence
LogPluginManager: Mounting plugin LevelSequenceEditor
LogPluginManager: Mounting plugin OodleData
LogPluginManager: Mounting plugin OodleNetwork
LogPluginManager: Mounting plugin AnimationSharing
LogPluginManager: Mounting plugin SignificanceManager
LogPluginManager: Mounting plugin PluginUtils
LogPluginManager: Mounting plugin PropertyAccessEditor
LogPluginManager: Mounting plugin UObjectPlugin
LogPluginManager: Mounting plugin AssetManagerEditor
LogPluginManager: Mounting plugin FacialAnimation
LogPluginManager: Mounting plugin GeometryMode
LogPluginManager: Mounting plugin SpeedTreeImporter
LogPluginManager: Mounting plugin DatasmithContent
LogPluginManager: Mounting plugin VariantManagerContent
LogPluginManager: Mounting plugin AlembicImporter
LogPluginManager: Mounting plugin GeometryCache
LogPluginManager: Mounting plugin AutomationUtils
LogPluginManager: Mounting plugin ScreenshotTools
LogPluginManager: Mounting plugin BackChannel
LogPluginManager: Mounting plugin ChaosClothEditor
LogPluginManager: Mounting plugin ChaosCloth
LogPluginManager: Mounting plugin ChaosEditor
LogPluginManager: Mounting plugin PlanarCut
LogPluginManager: Mounting plugin GeometryProcessing
LogPluginManager: Mounting plugin EditableMesh
LogPluginManager: Mounting plugin GeometryCollectionPlugin
LogPluginManager: Mounting plugin ProceduralMeshComponent
LogPluginManager: Mounting plugin ChaosSolverPlugin
LogPluginManager: Mounting plugin ChaosNiagara
LogPluginManager: Mounting plugin Niagara
LogPluginManager: Mounting plugin PythonScriptPlugin
LogPluginManager: Mounting plugin CharacterAI
LogPluginManager: Mounting plugin MotoSynth
LogPluginManager: Mounting plugin OpenImageDenoise
LogPluginManager: Mounting plugin PlatformCrypto
LogPluginManager: Mounting plugin MagicLeapPassableWorld
LogPluginManager: Mounting plugin MagicLeap
LogPluginManager: Mounting plugin MLSDK
LogPluginManager: Mounting plugin MagicLeapLightEstimation
LogPluginManager: Mounting plugin AvfMedia
LogPluginManager: Mounting plugin ImgMedia
LogPluginManager: Mounting plugin MediaCompositing
LogPluginManager: Mounting plugin MeshPainting
LogPluginManager: Mounting plugin TcpMessaging
LogPluginManager: Mounting plugin UdpMessaging
LogPluginManager: Mounting plugin ActorSequence
LogPluginManager: Mounting plugin MatineeToLevelSequence
LogPluginManager: Mounting plugin OnlineSubsystemNull
LogPluginManager: Mounting plugin OnlineSubsystem
LogPluginManager: Mounting plugin OnlineSubsystemUtils
LogPluginManager: Mounting plugin LauncherChunkInstaller
LogPluginManager: Mounting plugin ActorLayerUtilities
LogPluginManager: Mounting plugin AndroidPermission
LogPluginManager: Mounting plugin AppleImageUtils
LogPluginManager: Mounting plugin ArchVisCharacter
LogPluginManager: Mounting plugin AssetTags
LogPluginManager: Mounting plugin AudioCapture
LogPluginManager: Mounting plugin CableComponent
LogPluginManager: Mounting plugin ChunkDownloader
LogPluginManager: Mounting plugin CustomMeshComponent
LogPluginManager: Mounting plugin ExampleDeviceProfileSelector
LogPluginManager: Mounting plugin GooglePAD
LogPluginManager: Mounting plugin LocationServicesBPLibrary
LogPluginManager: Mounting plugin MobilePatchingUtils
LogPluginManager: Mounting plugin OculusVR
LogPluginManager: Mounting plugin OpenXREyeTracker
LogPluginManager: Mounting plugin OpenXR
LogPluginManager: Mounting plugin OpenXRHandTracking
LogPluginManager: Mounting plugin LiveLink
LogPluginManager: Mounting plugin Takes
LogPluginManager: Mounting plugin PhysXVehicles
LogPluginManager: Mounting plugin RuntimePhysXCooking
LogPluginManager: Mounting plugin SoundFields
LogPluginManager: Mounting plugin SteamVR
LogPluginManager: Mounting plugin Synthesis
LogPluginManager: Mounting plugin AudioSynesthesia
LogPluginManager: Mounting plugin WindowsMoviePlayer
LogLuminAPIImpl: Warning: MLSDK not found.  This likely means the MLSDK environment variable is not set.
LogInit: Using libcurl 7.55.1-DEV
LogInit:  - built for x86_64-pc-win32
LogInit:  - supports SSL with OpenSSL/1.1.1
LogInit:  - supports HTTP deflate (compression) using libz 1.2.8
LogInit:  - other features:
LogInit:      CURL_VERSION_SSL
LogInit:      CURL_VERSION_LIBZ
LogInit:      CURL_VERSION_IPV6
LogInit:      CURL_VERSION_ASYNCHDNS
LogInit:      CURL_VERSION_LARGEFILE
LogInit:      CURL_VERSION_IDN
LogInit:  CurlRequestOptions (configurable via config and command line):
LogInit:  - bVerifyPeer = true  - Libcurl will verify peer certificate
LogInit:  - bUseHttpProxy = false  - Libcurl will NOT use HTTP proxy
LogInit:  - bDontReuseConnections = false  - Libcurl will reuse connections
LogInit:  - MaxHostConnections = 16  - Libcurl will limit the number of connections to a host
LogInit:  - LocalHostAddr = Default
LogInit:  - BufferSize = 65536
LogOnline: OSS: Creating online subsystem instance for: NULL
LogInit: WinSock: version 1.1 (2.2), MaxSocks=32767, MaxUdp=65467
LogOnline: OSS: TryLoadSubsystemAndSetDefault: Loaded subsystem for module [NULL]
LogInit: Build: ++UE4+Release-4.27-CL-0
LogInit: Engine Version: 4.27.1-0+++UE4+Release-4.27
LogInit: Compatible Engine Version: 4.27.0-0+++UE4+Release-4.27
LogInit: Net CL: 0
LogInit: OS: Windows 10 (Release 2004) (), CPU: Intel(R) Core(TM) i7-9750H CPU @ 2.60GHz, GPU: Intel(R) UHD Graphics 630
LogInit: Compiled (64-bit): Nov 13 2021 17:19:47
LogInit: Compiled with Visual C++: 19.16.27045.00
LogInit: Build Configuration: Development
LogInit: Branch Name: ++UE4+Release-4.27
LogInit: Command Line:  -log
LogInit: Base Directory: D:/I/Sousaku/FamilyReunionDinner/FamilyReunionDinner2Package/WindowsServer/FamilyReunionDinner2/Binaries/Win64/
LogInit: Allocator: binned2
LogInit: Installed Engine Build: 0
LogDevObjectVersion: Number of dev versions registered: 29
LogDevObjectVersion:   Dev-Blueprints (B0D832E4-1F89-4F0D-ACCF-7EB736FD4AA2): 10
LogDevObjectVersion:   Dev-Build (E1C64328-A22C-4D53-A36C-8E866417BD8C): 0
LogDevObjectVersion:   Dev-Core (375EC13C-06E4-48FB-B500-84F0262A717E): 4
LogDevObjectVersion:   Dev-Editor (E4B068ED-F494-42E9-A231-DA0B2E46BB41): 40
LogDevObjectVersion:   Dev-Framework (CFFC743F-43B0-4480-9391-14DF171D2073): 37
LogDevObjectVersion:   Dev-Mobile (B02B49B5-BB20-44E9-A304-32B752E40360): 3
LogDevObjectVersion:   Dev-Networking (A4E4105C-59A1-49B5-A7C5-40C4547EDFEE): 0
LogDevObjectVersion:   Dev-Online (39C831C9-5AE6-47DC-9A44-9C173E1C8E7C): 0
LogDevObjectVersion:   Dev-Physics (78F01B33-EBEA-4F98-B9B4-84EACCB95AA2): 14
LogDevObjectVersion:   Dev-Platform (6631380F-2D4D-43E0-8009-CF276956A95A): 0
LogDevObjectVersion:   Dev-Rendering (12F88B9F-8875-4AFC-A67C-D90C383ABD29): 45
LogDevObjectVersion:   Dev-Sequencer (7B5AE74C-D270-4C10-A958-57980B212A5A): 13
LogDevObjectVersion:   Dev-VR (D7296918-1DD6-4BDD-9DE2-64A83CC13884): 3
LogDevObjectVersion:   Dev-LoadTimes (C2A15278-BFE7-4AFE-6C17-90FF531DF755): 1
LogDevObjectVersion:   Private-Geometry (6EACA3D4-40EC-4CC1-B786-8BED09428FC5): 3
LogDevObjectVersion:   Dev-AnimPhys (29E575DD-E0A3-4627-9D10-D276232CDCEA): 17
LogDevObjectVersion:   Dev-Anim (AF43A65D-7FD3-4947-9873-3E8ED9C1BB05): 15
LogDevObjectVersion:   Dev-ReflectionCapture (6B266CEC-1EC7-4B8F-A30B-E4D90942FC07): 1
LogDevObjectVersion:   Dev-Automation (0DF73D61-A23F-47EA-B727-89E90C41499A): 1
LogDevObjectVersion:   FortniteMain (601D1886-AC64-4F84-AA16-D3DE0DEAC7D6): 47
LogDevObjectVersion:   FortniteRelease (E7086368-6B23-4C58-8439-1B7016265E91): 1
LogDevObjectVersion:   Dev-Enterprise (9DFFBCD6-494F-0158-E221-12823C92A888): 10
LogDevObjectVersion:   Dev-Niagara (F2AED0AC-9AFE-416F-8664-AA7FFA26D6FC): 1
LogDevObjectVersion:   Dev-Destruction (174F1F0B-B4C6-45A5-B13F-2EE8D0FB917D): 10
LogDevObjectVersion:   Dev-Physics-Ext (35F94A83-E258-406C-A318-09F59610247C): 41
LogDevObjectVersion:   Dev-PhysicsMaterial-Chaos (B68FC16E-8B1B-42E2-B453-215C058844FE): 1
LogDevObjectVersion:   Dev-CineCamera (B2E18506-4273-CFC2-A54E-F4BB758BBA07): 1
LogDevObjectVersion:   Dev-VirtualProduction (64F58936-FD1B-42BA-BA96-7289D5D0FA4E): 1
LogDevObjectVersion:   Dev-MediaFramework (6F0ED827-A609-4895-9C91-998D90180EA4): 2
LogInit: Presizing for max 2097152 objects, including 1 objects not considered by GC, pre-allocating 0 bytes for permanent pool.
LogConfig: Applying CVar settings from Section [/Script/Engine.StreamingSettings] File [../../../FamilyReunionDinner2/Saved/Config/WindowsServer/Engine.ini]
LogConfig: Setting CVar [[s.MinBulkDataSizeForAsyncLoading:131072]]
LogConfig: Setting CVar [[s.AsyncLoadingThreadEnabled:0]]
LogConfig: Setting CVar [[s.EventDrivenLoaderEnabled:1]]
LogConfig: Setting CVar [[s.WarnIfTimeLimitExceeded:0]]
LogConfig: Setting CVar [[s.TimeLimitExceededMultiplier:1.5]]
LogConfig: Setting CVar [[s.TimeLimitExceededMinTime:0.005]]
LogConfig: Setting CVar [[s.UseBackgroundLevelStreaming:1]]
LogConfig: Setting CVar [[s.PriorityAsyncLoadingExtraTime:15.0]]
LogConfig: Setting CVar [[s.LevelStreamingActorsUpdateTimeLimit:5.0]]
LogConfig: Setting CVar [[s.PriorityLevelStreamingActorsUpdateExtraTime:5.0]]
LogConfig: Setting CVar [[s.LevelStreamingComponentsRegistrationGranularity:10]]
LogConfig: Setting CVar [[s.UnregisterComponentsTimeLimit:1.0]]
LogConfig: Setting CVar [[s.LevelStreamingComponentsUnregistrationGranularity:5]]
LogConfig: Setting CVar [[s.FlushStreamingOnExit:1]]
LogStreaming: Display: Async Loading initialized: Event Driven Loader: true, Async Loading Thread: false, Async Post Load: false
LogInit: Object subsystem initialized
LogConfig: Setting CVar [[con.DebugEarlyDefault:1]]
LogConfig: Setting CVar [[r.setres:1280x720]]
LogConfig: Setting CVar [[fx.NiagaraAllowRuntimeScalabilityChanges:1]]
[2021.11.17-02.25.27:180][  0]LogConfig: Setting CVar [[con.DebugEarlyDefault:1]]
[2021.11.17-02.25.27:180][  0]LogConfig: Setting CVar [[r.setres:1280x720]]
[2021.11.17-02.25.27:181][  0]LogConfig: Setting CVar [[fx.NiagaraAllowRuntimeScalabilityChanges:1]]
[2021.11.17-02.25.27:182][  0]LogConfig: Applying CVar settings from Section [/Script/Engine.RendererSettings] File [../../../FamilyReunionDinner2/Saved/Config/WindowsServer/Engine.ini]
[2021.11.17-02.25.27:185][  0]LogConfig: Setting CVar [[r.GPUCrashDebugging:0]]
[2021.11.17-02.25.27:187][  0]LogConfig: Setting CVar [[r.Mobile.DisableVertexFog:1]]
[2021.11.17-02.25.27:196][  0]LogConfig: Setting CVar [[r.Shadow.CSM.MaxMobileCascades:2]]
[2021.11.17-02.25.27:197][  0]LogConfig: Setting CVar [[r.MobileMSAA:1]]
[2021.11.17-02.25.27:199][  0]LogConfig: Setting CVar [[r.Mobile.AllowDitheredLODTransition:0]]
[2021.11.17-02.25.27:199][  0]LogConfig: Setting CVar [[r.Mobile.AllowSoftwareOcclusion:0]]
[2021.11.17-02.25.27:200][  0]LogConfig: Setting CVar [[r.Mobile.VirtualTextures:0]]
[2021.11.17-02.25.27:200][  0]LogConfig: Setting CVar [[r.DiscardUnusedQuality:0]]
[2021.11.17-02.25.27:200][  0]LogConfig: Setting CVar [[r.AllowOcclusionQueries:1]]
[2021.11.17-02.25.27:201][  0]LogConfig: Setting CVar [[r.MinScreenRadiusForLights:0.030000]]
[2021.11.17-02.25.27:202][  0]LogConfig: Setting CVar [[r.MinScreenRadiusForDepthPrepass:0.030000]]
[2021.11.17-02.25.27:203][  0]LogConfig: Setting CVar [[r.MinScreenRadiusForCSMDepth:0.010000]]
[2021.11.17-02.25.27:212][  0]LogConfig: Setting CVar [[r.PrecomputedVisibilityWarning:0]]
[2021.11.17-02.25.27:212][  0]LogConfig: Setting CVar [[r.TextureStreaming:1]]
[2021.11.17-02.25.27:213][  0]LogConfig: Setting CVar [[Compat.UseDXT5NormalMaps:0]]
[2021.11.17-02.25.27:213][  0]LogConfig: Setting CVar [[r.VirtualTextures:0]]
[2021.11.17-02.25.27:214][  0]LogConfig: Setting CVar [[r.VT.EnableAutoImport:1]]
[2021.11.17-02.25.27:214][  0]LogConfig: Setting CVar [[r.VirtualTexturedLightmaps:0]]
[2021.11.17-02.25.27:217][  0]LogConfig: Setting CVar [[r.VT.TileSize:128]]
[2021.11.17-02.25.27:218][  0]LogConfig: Setting CVar [[r.VT.TileBorderSize:4]]
[2021.11.17-02.25.27:221][  0]LogConfig: Setting CVar [[r.vt.FeedbackFactor:16]]
[2021.11.17-02.25.27:222][  0]LogConfig: Setting CVar [[r.VT.EnableCompressZlib:1]]
[2021.11.17-02.25.27:226][  0]LogConfig: Setting CVar [[r.VT.EnableCompressCrunch:0]]
[2021.11.17-02.25.27:227][  0]LogConfig: Setting CVar [[r.ClearCoatNormal:0]]
[2021.11.17-02.25.27:228][  0]LogConfig: Setting CVar [[r.ReflectionCaptureResolution:128]]
[2021.11.17-02.25.27:229][  0]LogConfig: Setting CVar [[r.Mobile.ReflectionCaptureCompression:0]]
[2021.11.17-02.25.27:229][  0]LogConfig: Setting CVar [[r.ReflectionEnvironmentLightmapMixBasedOnRoughness:1]]
[2021.11.17-02.25.27:230][  0]LogConfig: Setting CVar [[r.ForwardShading:0]]
[2021.11.17-02.25.27:230][  0]LogConfig: Setting CVar [[r.VertexFoggingForOpaque:1]]
[2021.11.17-02.25.27:230][  0]LogConfig: Setting CVar [[r.AllowStaticLighting:1]]
[2021.11.17-02.25.27:231][  0]LogConfig: Setting CVar [[r.NormalMapsForStaticLighting:0]]
[2021.11.17-02.25.27:233][  0]LogConfig: Setting CVar [[r.GenerateMeshDistanceFields:0]]
[2021.11.17-02.25.27:236][  0]LogConfig: Setting CVar [[r.DistanceFieldBuild.EightBit:0]]
[2021.11.17-02.25.27:237][  0]LogConfig: Setting CVar [[r.GenerateLandscapeGIData:0]]
[2021.11.17-02.25.27:237][  0]LogConfig: Setting CVar [[r.DistanceFieldBuild.Compress:0]]
[2021.11.17-02.25.27:238][  0]LogConfig: Setting CVar [[r.TessellationAdaptivePixelsPerTriangle:48.000000]]
[2021.11.17-02.25.27:238][  0]LogConfig: Setting CVar [[r.SeparateTranslucency:0]]
[2021.11.17-02.25.27:239][  0]LogConfig: Setting CVar [[r.TranslucentSortPolicy:0]]
[2021.11.17-02.25.27:244][  0]LogConfig: Setting CVar [[vr.VRS.HMDFixedFoveationLevel:0]]
[2021.11.17-02.25.27:245][  0]LogConfig: Setting CVar [[r.CustomDepth:1]]
[2021.11.17-02.25.27:245][  0]LogConfig: Setting CVar [[r.CustomDepthTemporalAAJitter:1]]
[2021.11.17-02.25.27:248][  0]LogConfig: Setting CVar [[r.PostProcessing.PropagateAlpha:0]]
[2021.11.17-02.25.27:249][  0]LogConfig: Setting CVar [[r.DefaultFeature.Bloom:1]]
[2021.11.17-02.25.27:250][  0]LogConfig: Setting CVar [[r.DefaultFeature.AmbientOcclusion:0]]
[2021.11.17-02.25.27:252][  0]LogConfig: Setting CVar [[r.DefaultFeature.AmbientOcclusionStaticFraction:1]]
[2021.11.17-02.25.27:252][  0]LogConfig: Setting CVar [[r.DefaultFeature.AutoExposure:0]]
[2021.11.17-02.25.27:253][  0]LogConfig: Setting CVar [[r.DefaultFeature.AutoExposure.Method:0]]
[2021.11.17-02.25.27:253][  0]LogConfig: Setting CVar [[r.DefaultFeature.AutoExposure.Bias:1.000000]]
[2021.11.17-02.25.27:254][  0]LogConfig: Setting CVar [[r.DefaultFeature.AutoExposure.ExtendDefaultLuminanceRange:0]]
[2021.11.17-02.25.27:254][  0]LogConfig: Setting CVar [[r.UsePreExposure:1]]
[2021.11.17-02.25.27:255][  0]LogConfig: Setting CVar [[r.EyeAdaptation.EditorOnly:0]]
[2021.11.17-02.25.27:255][  0]LogConfig: Setting CVar [[r.DefaultFeature.MotionBlur:0]]
[2021.11.17-02.25.27:261][  0]LogConfig: Setting CVar [[r.DefaultFeature.LensFlare:0]]
[2021.11.17-02.25.27:263][  0]LogConfig: Setting CVar [[r.TemporalAA.Upsampling:0]]
[2021.11.17-02.25.27:264][  0]LogConfig: Setting CVar [[r.SSGI.Enable:0]]
[2021.11.17-02.25.27:268][  0]LogConfig: Setting CVar [[r.DefaultFeature.AntiAliasing:0]]
[2021.11.17-02.25.27:268][  0]LogConfig: Setting CVar [[r.DefaultFeature.LightUnits:1]]
[2021.11.17-02.25.27:269][  0]LogConfig: Setting CVar [[r.DefaultBackBufferPixelFormat:4]]
[2021.11.17-02.25.27:269][  0]LogConfig: Setting CVar [[r.Shadow.UnbuiltPreviewInGame:1]]
[2021.11.17-02.25.27:269][  0]LogConfig: Setting CVar [[r.StencilForLODDither:0]]
[2021.11.17-02.25.27:270][  0]LogConfig: Setting CVar [[r.EarlyZPass:3]]
[2021.11.17-02.25.27:270][  0]LogConfig: Setting CVar [[r.EarlyZPassOnlyMaterialMasking:0]]
[2021.11.17-02.25.27:270][  0]LogConfig: Setting CVar [[r.DBuffer:1]]
[2021.11.17-02.25.27:271][  0]LogConfig: Setting CVar [[r.ClearSceneMethod:1]]
[2021.11.17-02.25.27:271][  0]LogConfig: Setting CVar [[r.BasePassOutputsVelocity:0]]
[2021.11.17-02.25.27:272][  0]LogConfig: Setting CVar [[r.VertexDeformationOutputsVelocity:0]]
[2021.11.17-02.25.27:272][  0]LogConfig: Setting CVar [[r.SelectiveBasePassOutputs:0]]
[2021.11.17-02.25.27:276][  0]LogConfig: Setting CVar [[fx.GPUSimulationTextureSizeX:1024]]
[2021.11.17-02.25.27:276][  0]LogConfig: Setting CVar [[fx.GPUSimulationTextureSizeY:1024]]
[2021.11.17-02.25.27:278][  0]LogConfig: Setting CVar [[r.AllowGlobalClipPlane:0]]
[2021.11.17-02.25.27:280][  0]LogConfig: Setting CVar [[r.GBufferFormat:1]]
[2021.11.17-02.25.27:281][  0]LogConfig: Setting CVar [[r.MorphTarget.Mode:1]]
[2021.11.17-02.25.27:283][  0]LogConfig: Setting CVar [[vr.InstancedStereo:0]]
[2021.11.17-02.25.27:283][  0]LogConfig: Setting CVar [[r.MobileHDR:1]]
[2021.11.17-02.25.27:284][  0]LogConfig: Setting CVar [[vr.MobileMultiView:0]]
[2021.11.17-02.25.27:284][  0]LogConfig: Setting CVar [[r.Mobile.UseHWsRGBEncoding:0]]
[2021.11.17-02.25.27:284][  0]LogConfig: Setting CVar [[vr.RoundRobinOcclusion:0]]
[2021.11.17-02.25.27:285][  0]LogConfig: Setting CVar [[vr.ODSCapture:0]]
[2021.11.17-02.25.27:285][  0]LogConfig: Setting CVar [[r.MeshStreaming:0]]
[2021.11.17-02.25.27:285][  0]LogConfig: Setting CVar [[r.WireframeCullThreshold:5.000000]]
[2021.11.17-02.25.27:286][  0]LogConfig: Setting CVar [[r.RayTracing:0]]
[2021.11.17-02.25.27:286][  0]LogConfig: Setting CVar [[r.RayTracing.UseTextureLod:0]]
[2021.11.17-02.25.27:287][  0]LogConfig: Setting CVar [[r.SupportStationarySkylight:1]]
[2021.11.17-02.25.27:287][  0]LogConfig: Setting CVar [[r.SupportLowQualityLightmaps:1]]
[2021.11.17-02.25.27:287][  0]LogConfig: Setting CVar [[r.SupportPointLightWholeSceneShadows:1]]
[2021.11.17-02.25.27:288][  0]LogConfig: Setting CVar [[r.SupportAtmosphericFog:1]]
[2021.11.17-02.25.27:288][  0]LogConfig: Setting CVar [[r.SupportSkyAtmosphere:1]]
[2021.11.17-02.25.27:289][  0]LogConfig: Setting CVar [[r.SupportSkyAtmosphereAffectsHeightFog:0]]
[2021.11.17-02.25.27:295][  0]LogConfig: Setting CVar [[r.SkinCache.CompileShaders:0]]
[2021.11.17-02.25.27:298][  0]LogConfig: Setting CVar [[r.SkinCache.DefaultBehavior:1]]
[2021.11.17-02.25.27:298][  0]LogConfig: Setting CVar [[r.SkinCache.SceneMemoryLimitInMB:128.000000]]
[2021.11.17-02.25.27:299][  0]LogConfig: Setting CVar [[r.Mobile.EnableStaticAndCSMShadowReceivers:1]]
[2021.11.17-02.25.27:300][  0]LogConfig: Setting CVar [[r.Mobile.EnableMovableLightCSMShaderCulling:1]]
[2021.11.17-02.25.27:300][  0]LogConfig: Setting CVar [[r.Mobile.AllowDistanceFieldShadows:1]]
[2021.11.17-02.25.27:301][  0]LogConfig: Setting CVar [[r.Mobile.AllowMovableDirectionalLights:1]]
[2021.11.17-02.25.27:301][  0]LogConfig: Setting CVar [[r.MobileNumDynamicPointLights:4]]
[2021.11.17-02.25.27:302][  0]LogConfig: Setting CVar [[r.MobileDynamicPointLightsUseStaticBranch:1]]
[2021.11.17-02.25.27:302][  0]LogConfig: Setting CVar [[r.Mobile.EnableMovableSpotlights:0]]
[2021.11.17-02.25.27:303][  0]LogConfig: Setting CVar [[r.Mobile.EnableMovableSpotlightsShadow:0]]
[2021.11.17-02.25.27:303][  0]LogConfig: Setting CVar [[r.GPUSkin.Support16BitBoneIndex:0]]
[2021.11.17-02.25.27:304][  0]LogConfig: Setting CVar [[r.GPUSkin.Limit2BoneInfluences:0]]
[2021.11.17-02.25.27:304][  0]LogConfig: Setting CVar [[r.SupportDepthOnlyIndexBuffers:1]]
[2021.11.17-02.25.27:305][  0]LogConfig: Setting CVar [[r.SupportReversedIndexBuffers:1]]
[2021.11.17-02.25.27:310][  0]LogConfig: Setting CVar [[r.LightPropagationVolume:0]]
[2021.11.17-02.25.27:313][  0]LogConfig: Setting CVar [[r.Mobile.AmbientOcclusion:0]]
[2021.11.17-02.25.27:314][  0]LogConfig: Setting CVar [[r.GPUSkin.UnlimitedBoneInfluences:0]]
[2021.11.17-02.25.27:314][  0]LogConfig: Setting CVar [[r.GPUSkin.UnlimitedBoneInfluencesThreshold:8]]
[2021.11.17-02.25.27:315][  0]LogConfig: Setting CVar [[r.Mobile.PlanarReflectionMode:0]]
[2021.11.17-02.25.27:317][  0]LogConfig: Setting CVar [[r.Mobile.SupportsGen4TAA:0]]
[2021.11.17-02.25.27:317][  0]LogConfig: Applying CVar settings from Section [/Script/Engine.RendererOverrideSettings] File [../../../FamilyReunionDinner2/Saved/Config/WindowsServer/Engine.ini]
[2021.11.17-02.25.27:317][  0]LogConfig: Applying CVar settings from Section [/Script/Engine.StreamingSettings] File [../../../FamilyReunionDinner2/Saved/Config/WindowsServer/Engine.ini]
[2021.11.17-02.25.27:318][  0]LogConfig: Setting CVar [[s.MinBulkDataSizeForAsyncLoading:131072]]
[2021.11.17-02.25.27:319][  0]LogConfig: Setting CVar [[s.AsyncLoadingThreadEnabled:0]]
[2021.11.17-02.25.27:319][  0]LogConfig: Setting CVar [[s.EventDrivenLoaderEnabled:1]]
[2021.11.17-02.25.27:319][  0]LogConfig: Setting CVar [[s.WarnIfTimeLimitExceeded:0]]
[2021.11.17-02.25.27:320][  0]LogConfig: Setting CVar [[s.TimeLimitExceededMultiplier:1.5]]
[2021.11.17-02.25.27:320][  0]LogConfig: Setting CVar [[s.TimeLimitExceededMinTime:0.005]]
[2021.11.17-02.25.27:321][  0]LogConfig: Setting CVar [[s.UseBackgroundLevelStreaming:1]]
[2021.11.17-02.25.27:321][  0]LogConfig: Setting CVar [[s.PriorityAsyncLoadingExtraTime:15.0]]
[2021.11.17-02.25.27:322][  0]LogConfig: Setting CVar [[s.LevelStreamingActorsUpdateTimeLimit:5.0]]
[2021.11.17-02.25.27:326][  0]LogConfig: Setting CVar [[s.PriorityLevelStreamingActorsUpdateExtraTime:5.0]]
[2021.11.17-02.25.27:331][  0]LogConfig: Setting CVar [[s.LevelStreamingComponentsRegistrationGranularity:10]]
[2021.11.17-02.25.27:331][  0]LogConfig: Setting CVar [[s.UnregisterComponentsTimeLimit:1.0]]
[2021.11.17-02.25.27:334][  0]LogConfig: Setting CVar [[s.LevelStreamingComponentsUnregistrationGranularity:5]]
[2021.11.17-02.25.27:334][  0]LogConfig: Setting CVar [[s.FlushStreamingOnExit:1]]
[2021.11.17-02.25.27:335][  0]LogConfig: Applying CVar settings from Section [/Script/Engine.GarbageCollectionSettings] File [../../../FamilyReunionDinner2/Saved/Config/WindowsServer/Engine.ini]
[2021.11.17-02.25.27:335][  0]LogConfig: Setting CVar [[gc.MaxObjectsNotConsideredByGC:1]]
[2021.11.17-02.25.27:336][  0]LogConfig: Setting CVar [[gc.SizeOfPermanentObjectPool:0]]
[2021.11.17-02.25.27:336][  0]LogConfig: Setting CVar [[gc.FlushStreamingOnGC:0]]
[2021.11.17-02.25.27:336][  0]LogConfig: Setting CVar [[gc.NumRetriesBeforeForcingGC:10]]
[2021.11.17-02.25.27:337][  0]LogConfig: Setting CVar [[gc.AllowParallelGC:1]]
[2021.11.17-02.25.27:337][  0]LogConfig: Setting CVar [[gc.TimeBetweenPurgingPendingKillObjects:61.1]]
[2021.11.17-02.25.27:337][  0]LogConfig: Setting CVar [[gc.MaxObjectsInEditor:25165824]]
[2021.11.17-02.25.27:338][  0]LogConfig: Setting CVar [[gc.IncrementalBeginDestroyEnabled:1]]
[2021.11.17-02.25.27:338][  0]LogConfig: Setting CVar [[gc.CreateGCClusters:1]]
[2021.11.17-02.25.27:344][  0]LogConfig: Setting CVar [[gc.MinGCClusterSize:5]]
[2021.11.17-02.25.27:346][  0]LogConfig: Setting CVar [[gc.ActorClusteringEnabled:0]]
[2021.11.17-02.25.27:346][  0]LogConfig: Setting CVar [[gc.BlueprintClusteringEnabled:0]]
[2021.11.17-02.25.27:348][  0]LogConfig: Setting CVar [[gc.UseDisregardForGCOnDedicatedServers:0]]
[2021.11.17-02.25.27:349][  0]LogConfig: Setting CVar [[gc.MultithreadedDestructionEnabled:1]]
[2021.11.17-02.25.27:349][  0]LogConfig: Applying CVar settings from Section [/Script/Engine.NetworkSettings] File [../../../FamilyReunionDinner2/Saved/Config/WindowsServer/Engine.ini]
[2021.11.17-02.25.27:349][  0]LogConfig: Applying CVar settings from Section [ViewDistanceQuality@3] File [../../../FamilyReunionDinner2/Saved/Config/WindowsServer/Scalability.ini]
[2021.11.17-02.25.27:350][  0]LogConfig: Setting CVar [[r.SkeletalMeshLODBias:0]]
[2021.11.17-02.25.27:350][  0]LogConfig: Setting CVar [[r.ViewDistanceScale:1.0]]
[2021.11.17-02.25.27:350][  0]LogConfig: Applying CVar settings from Section [AntiAliasingQuality@3] File [../../../FamilyReunionDinner2/Saved/Config/WindowsServer/Scalability.ini]
[2021.11.17-02.25.27:351][  0]LogConfig: Setting CVar [[r.PostProcessAAQuality:4]]
[2021.11.17-02.25.27:351][  0]LogConfig: Applying CVar settings from Section [ShadowQuality@3] File [../../../FamilyReunionDinner2/Saved/Config/WindowsServer/Scalability.ini]
[2021.11.17-02.25.27:351][  0]LogConfig: Setting CVar [[r.LightFunctionQuality:1]]
[2021.11.17-02.25.27:352][  0]LogConfig: Setting CVar [[r.ShadowQuality:5]]
[2021.11.17-02.25.27:352][  0]LogConfig: Setting CVar [[r.Shadow.CSM.MaxCascades:10]]
[2021.11.17-02.25.27:353][  0]LogConfig: Setting CVar [[r.Shadow.MaxResolution:2048]]
[2021.11.17-02.25.27:353][  0]LogConfig: Setting CVar [[r.Shadow.MaxCSMResolution:2048]]
[2021.11.17-02.25.27:353][  0]LogConfig: Setting CVar [[r.Shadow.RadiusThreshold:0.01]]
[2021.11.17-02.25.27:354][  0]LogConfig: Setting CVar [[r.Shadow.DistanceScale:1.0]]
[2021.11.17-02.25.27:354][  0]LogConfig: Setting CVar [[r.Shadow.CSM.TransitionScale:1.0]]
[2021.11.17-02.25.27:354][  0]LogConfig: Setting CVar [[r.Shadow.PreShadowResolutionFactor:1.0]]
[2021.11.17-02.25.27:355][  0]LogConfig: Setting CVar [[r.DistanceFieldShadowing:1]]
[2021.11.17-02.25.27:359][  0]LogConfig: Setting CVar [[r.DistanceFieldAO:1]]
[2021.11.17-02.25.27:362][  0]LogConfig: Setting CVar [[r.AOQuality:2]]
[2021.11.17-02.25.27:365][  0]LogConfig: Setting CVar [[r.VolumetricFog:1]]
[2021.11.17-02.25.27:365][  0]LogConfig: Setting CVar [[r.VolumetricFog.GridPixelSize:8]]
[2021.11.17-02.25.27:365][  0]LogConfig: Setting CVar [[r.VolumetricFog.GridSizeZ:128]]
[2021.11.17-02.25.27:366][  0]LogConfig: Setting CVar [[r.VolumetricFog.HistoryMissSupersampleCount:4]]
[2021.11.17-02.25.27:366][  0]LogConfig: Setting CVar [[r.LightMaxDrawDistanceScale:1]]
[2021.11.17-02.25.27:367][  0]LogConfig: Setting CVar [[r.CapsuleShadows:1]]
[2021.11.17-02.25.27:368][  0]LogConfig: Applying CVar settings from Section [PostProcessQuality@3] File [../../../FamilyReunionDinner2/Saved/Config/WindowsServer/Scalability.ini]
[2021.11.17-02.25.27:368][  0]LogConfig: Setting CVar [[r.MotionBlurQuality:4]]
[2021.11.17-02.25.27:368][  0]LogConfig: Setting CVar [[r.AmbientOcclusionMipLevelFactor:0.4]]
[2021.11.17-02.25.27:369][  0]LogConfig: Setting CVar [[r.AmbientOcclusionMaxQuality:100]]
[2021.11.17-02.25.27:369][  0]LogConfig: Setting CVar [[r.AmbientOcclusionLevels:-1]]
[2021.11.17-02.25.27:369][  0]LogConfig: Setting CVar [[r.AmbientOcclusionRadiusScale:1.0]]
[2021.11.17-02.25.27:370][  0]LogConfig: Setting CVar [[r.DepthOfFieldQuality:2]]
[2021.11.17-02.25.27:370][  0]LogConfig: Setting CVar [[r.RenderTargetPoolMin:400]]
[2021.11.17-02.25.27:370][  0]LogConfig: Setting CVar [[r.LensFlareQuality:2]]
[2021.11.17-02.25.27:371][  0]LogConfig: Setting CVar [[r.SceneColorFringeQuality:1]]
[2021.11.17-02.25.27:371][  0]LogConfig: Setting CVar [[r.EyeAdaptationQuality:2]]
[2021.11.17-02.25.27:372][  0]LogConfig: Setting CVar [[r.BloomQuality:5]]
[2021.11.17-02.25.27:378][  0]LogConfig: Setting CVar [[r.FastBlurThreshold:100]]
[2021.11.17-02.25.27:379][  0]LogConfig: Setting CVar [[r.Upscale.Quality:3]]
[2021.11.17-02.25.27:380][  0]LogConfig: Setting CVar [[r.Tonemapper.GrainQuantization:1]]
[2021.11.17-02.25.27:380][  0]LogConfig: Setting CVar [[r.LightShaftQuality:1]]
[2021.11.17-02.25.27:382][  0]LogConfig: Setting CVar [[r.Filter.SizeScale:1]]
[2021.11.17-02.25.27:383][  0]LogConfig: Setting CVar [[r.Tonemapper.Quality:5]]
[2021.11.17-02.25.27:383][  0]LogConfig: Setting CVar [[r.DOF.Gather.AccumulatorQuality:1        ; higher gathering accumulator quality]]
[2021.11.17-02.25.27:384][  0]LogConfig: Setting CVar [[r.DOF.Gather.PostfilterMethod:1          ; Median3x3 postfilering method]]
[2021.11.17-02.25.27:384][  0]LogConfig: Setting CVar [[r.DOF.Gather.EnableBokehSettings:0       ; no bokeh simulation when gathering]]
[2021.11.17-02.25.27:384][  0]LogConfig: Setting CVar [[r.DOF.Gather.RingCount:4                 ; medium number of samples when gathering]]
[2021.11.17-02.25.27:385][  0]LogConfig: Setting CVar [[r.DOF.Scatter.ForegroundCompositing:1    ; additive foreground scattering]]
[2021.11.17-02.25.27:385][  0]LogConfig: Setting CVar [[r.DOF.Scatter.BackgroundCompositing:2    ; additive background scattering]]
[2021.11.17-02.25.27:385][  0]LogConfig: Setting CVar [[r.DOF.Scatter.EnableBokehSettings:1      ; bokeh simulation when scattering]]
[2021.11.17-02.25.27:386][  0]LogConfig: Setting CVar [[r.DOF.Scatter.MaxSpriteRatio:0.1         ; only a maximum of 10% of scattered bokeh]]
[2021.11.17-02.25.27:386][  0]LogConfig: Setting CVar [[r.DOF.Recombine.Quality:1                ; cheap slight out of focus]]
[2021.11.17-02.25.27:387][  0]LogConfig: Setting CVar [[r.DOF.Recombine.EnableBokehSettings:0    ; no bokeh simulation on slight out of focus]]
[2021.11.17-02.25.27:387][  0]LogConfig: Setting CVar [[r.DOF.TemporalAAQuality:1                ; more stable temporal accumulation]]
[2021.11.17-02.25.27:387][  0]LogConfig: Setting CVar [[r.DOF.Kernel.MaxForegroundRadius:0.025]]
[2021.11.17-02.25.27:388][  0]LogConfig: Setting CVar [[r.DOF.Kernel.MaxBackgroundRadius:0.025]]
[2021.11.17-02.25.27:391][  0]LogConfig: Applying CVar settings from Section [TextureQuality@3] File [../../../FamilyReunionDinner2/Saved/Config/WindowsServer/Scalability.ini]
[2021.11.17-02.25.27:394][  0]LogConfig: Setting CVar [[r.Streaming.MipBias:0]]
[2021.11.17-02.25.27:394][  0]LogConfig: Setting CVar [[r.Streaming.AmortizeCPUToGPUCopy:0]]
[2021.11.17-02.25.27:395][  0]LogConfig: Setting CVar [[r.Streaming.MaxNumTexturesToStreamPerFrame:0]]
[2021.11.17-02.25.27:396][  0]LogConfig: Setting CVar [[r.Streaming.Boost:1]]
[2021.11.17-02.25.27:396][  0]LogConfig: Setting CVar [[r.MaxAnisotropy:8]]
[2021.11.17-02.25.27:397][  0]LogConfig: Setting CVar [[r.VT.MaxAnisotropy:8]]
[2021.11.17-02.25.27:399][  0]LogConfig: Setting CVar [[r.Streaming.LimitPoolSizeToVRAM:0]]
[2021.11.17-02.25.27:400][  0]LogConfig: Setting CVar [[r.Streaming.PoolSize:1000]]
[2021.11.17-02.25.27:401][  0]LogConfig: Setting CVar [[r.Streaming.MaxEffectiveScreenSize:0]]
[2021.11.17-02.25.27:401][  0]LogConfig: Applying CVar settings from Section [EffectsQuality@3] File [../../../FamilyReunionDinner2/Saved/Config/WindowsServer/Scalability.ini]
[2021.11.17-02.25.27:404][  0]LogConfig: Setting CVar [[r.TranslucencyLightingVolumeDim:64]]
[2021.11.17-02.25.27:406][  0]LogConfig: Setting CVar [[r.RefractionQuality:2]]
[2021.11.17-02.25.27:407][  0]LogConfig: Setting CVar [[r.SSR.Quality:3]]
[2021.11.17-02.25.27:411][  0]LogConfig: Setting CVar [[r.SSR.HalfResSceneColor:0]]
[2021.11.17-02.25.27:411][  0]LogConfig: Setting CVar [[r.SceneColorFormat:4]]
[2021.11.17-02.25.27:412][  0]LogConfig: Setting CVar [[r.DetailMode:2]]
[2021.11.17-02.25.27:413][  0]LogConfig: Setting CVar [[r.TranslucencyVolumeBlur:1]]
[2021.11.17-02.25.27:415][  0]LogConfig: Setting CVar [[r.MaterialQualityLevel:1 ; High quality]]
[2021.11.17-02.25.27:416][  0]LogConfig: Setting CVar [[r.AnisotropicMaterials:1]]
[2021.11.17-02.25.27:416][  0]LogConfig: Setting CVar [[r.SSS.Scale:1]]
[2021.11.17-02.25.27:417][  0]LogConfig: Setting CVar [[r.SSS.SampleSet:2]]
[2021.11.17-02.25.27:417][  0]LogConfig: Setting CVar [[r.SSS.Quality:1]]
[2021.11.17-02.25.27:418][  0]LogConfig: Setting CVar [[r.SSS.HalfRes:0]]
[2021.11.17-02.25.27:418][  0]LogConfig: Setting CVar [[r.SSGI.Quality:3]]
[2021.11.17-02.25.27:419][  0]LogConfig: Setting CVar [[r.EmitterSpawnRateScale:1.0]]
[2021.11.17-02.25.27:419][  0]LogConfig: Setting CVar [[r.ParticleLightQuality:2]]
[2021.11.17-02.25.27:419][  0]LogConfig: Setting CVar [[r.SkyAtmosphere.AerialPerspectiveLUT.FastApplyOnOpaque:1 ; Always have FastSkyLUT 1 in this case to avoid wrong sky]]
[2021.11.17-02.25.27:420][  0]LogConfig: Setting CVar [[r.SkyAtmosphere.AerialPerspectiveLUT.SampleCountMaxPerSlice:4]]
[2021.11.17-02.25.27:423][  0]LogConfig: Setting CVar [[r.SkyAtmosphere.AerialPerspectiveLUT.DepthResolution:16.0]]
[2021.11.17-02.25.27:427][  0]LogConfig: Setting CVar [[r.SkyAtmosphere.FastSkyLUT:1]]
[2021.11.17-02.25.27:427][  0]LogConfig: Setting CVar [[r.SkyAtmosphere.FastSkyLUT.SampleCountMin:4.0]]
[2021.11.17-02.25.27:428][  0]LogConfig: Setting CVar [[r.SkyAtmosphere.FastSkyLUT.SampleCountMax:128.0]]
[2021.11.17-02.25.27:428][  0]LogConfig: Setting CVar [[r.SkyAtmosphere.SampleCountMin:4.0]]
[2021.11.17-02.25.27:429][  0]LogConfig: Setting CVar [[r.SkyAtmosphere.SampleCountMax:128.0]]
[2021.11.17-02.25.27:430][  0]LogConfig: Setting CVar [[r.SkyAtmosphere.TransmittanceLUT.UseSmallFormat:0]]
[2021.11.17-02.25.27:432][  0]LogConfig: Setting CVar [[r.SkyAtmosphere.TransmittanceLUT.SampleCount:10.0]]
[2021.11.17-02.25.27:432][  0]LogConfig: Setting CVar [[r.SkyAtmosphere.MultiScatteringLUT.SampleCount:15.0]]
[2021.11.17-02.25.27:433][  0]LogConfig: Setting CVar [[r.SkyLight.RealTimeReflectionCapture:1]]
[2021.11.17-02.25.27:433][  0]LogConfig: Setting CVar [[fx.Niagara.QualityLevel:3]]
[2021.11.17-02.25.27:433][  0]LogConfig: Applying CVar settings from Section [FoliageQuality@3] File [../../../FamilyReunionDinner2/Saved/Config/WindowsServer/Scalability.ini]
[2021.11.17-02.25.27:434][  0]LogConfig: Setting CVar [[foliage.DensityScale:1.0]]
[2021.11.17-02.25.27:434][  0]LogConfig: Setting CVar [[grass.DensityScale:1.0]]
[2021.11.17-02.25.27:435][  0]LogConfig: Applying CVar settings from Section [ShadingQuality@3] File [../../../FamilyReunionDinner2/Saved/Config/WindowsServer/Scalability.ini]
[2021.11.17-02.25.27:437][  0]LogConfig: Setting CVar [[r.HairStrands.SkyLighting.IntegrationType:2]]
[2021.11.17-02.25.27:438][  0]LogConfig: Setting CVar [[r.HairStrands.SkyAO.SampleCount:4]]
[2021.11.17-02.25.27:438][  0]LogConfig: Setting CVar [[r.HairStrands.Visibility.MSAA.SamplePerPixel:4]]
[2021.11.17-02.25.27:439][  0]LogInit: Selected Device Profile: [WindowsServer]
[2021.11.17-02.25.27:442][  0]LogInit: Applying CVar settings loaded from the selected device profile: [WindowsServer]
[2021.11.17-02.25.27:443][  0]LogHAL: Display: Platform has ~ 32 GB [34145370112 / 34359738368 / 32], which maps to Largest [LargestMinGB=32, LargerMinGB=12, DefaultMinGB=8, SmallerMinGB=6, SmallestMinGB=0)
[2021.11.17-02.25.27:444][  0]LogInit: Going up to parent DeviceProfile [Windows]
[2021.11.17-02.25.27:444][  0]LogInit: Going up to parent DeviceProfile []
[2021.11.17-02.25.27:444][  0]LogConfig: Applying CVar settings from Section [ViewDistanceQuality@3] File [../../../FamilyReunionDinner2/Saved/Config/WindowsServer/Scalability.ini]
[2021.11.17-02.25.27:445][  0]LogConfig: Setting CVar [[r.SkeletalMeshLODBias:0]]
[2021.11.17-02.25.27:445][  0]LogConfig: Setting CVar [[r.ViewDistanceScale:1.0]]
[2021.11.17-02.25.27:446][  0]LogConfig: Applying CVar settings from Section [AntiAliasingQuality@3] File [../../../FamilyReunionDinner2/Saved/Config/WindowsServer/Scalability.ini]
[2021.11.17-02.25.27:448][  0]LogConfig: Setting CVar [[r.PostProcessAAQuality:4]]
[2021.11.17-02.25.27:449][  0]LogConfig: Applying CVar settings from Section [ShadowQuality@3] File [../../../FamilyReunionDinner2/Saved/Config/WindowsServer/Scalability.ini]
[2021.11.17-02.25.27:449][  0]LogConfig: Setting CVar [[r.LightFunctionQuality:1]]
[2021.11.17-02.25.27:449][  0]LogConfig: Setting CVar [[r.ShadowQuality:5]]
[2021.11.17-02.25.27:450][  0]LogConfig: Setting CVar [[r.Shadow.CSM.MaxCascades:10]]
[2021.11.17-02.25.27:450][  0]LogConfig: Setting CVar [[r.Shadow.MaxResolution:2048]]
[2021.11.17-02.25.27:450][  0]LogConfig: Setting CVar [[r.Shadow.MaxCSMResolution:2048]]
[2021.11.17-02.25.27:451][  0]LogConfig: Setting CVar [[r.Shadow.RadiusThreshold:0.01]]
[2021.11.17-02.25.27:454][  0]LogConfig: Setting CVar [[r.Shadow.DistanceScale:1.0]]
[2021.11.17-02.25.27:455][  0]LogConfig: Setting CVar [[r.Shadow.CSM.TransitionScale:1.0]]
[2021.11.17-02.25.27:455][  0]LogConfig: Setting CVar [[r.Shadow.PreShadowResolutionFactor:1.0]]
[2021.11.17-02.25.27:458][  0]LogConfig: Setting CVar [[r.DistanceFieldShadowing:1]]
[2021.11.17-02.25.27:458][  0]LogConfig: Setting CVar [[r.DistanceFieldAO:1]]
[2021.11.17-02.25.27:459][  0]LogConfig: Setting CVar [[r.AOQuality:2]]
[2021.11.17-02.25.27:459][  0]LogConfig: Setting CVar [[r.VolumetricFog:1]]
[2021.11.17-02.25.27:460][  0]LogConfig: Setting CVar [[r.VolumetricFog.GridPixelSize:8]]
[2021.11.17-02.25.27:461][  0]LogConfig: Setting CVar [[r.VolumetricFog.GridSizeZ:128]]
[2021.11.17-02.25.27:462][  0]LogConfig: Setting CVar [[r.VolumetricFog.HistoryMissSupersampleCount:4]]
[2021.11.17-02.25.27:464][  0]LogConfig: Setting CVar [[r.LightMaxDrawDistanceScale:1]]
[2021.11.17-02.25.27:465][  0]LogConfig: Setting CVar [[r.CapsuleShadows:1]]
[2021.11.17-02.25.27:465][  0]LogConfig: Applying CVar settings from Section [PostProcessQuality@3] File [../../../FamilyReunionDinner2/Saved/Config/WindowsServer/Scalability.ini]
[2021.11.17-02.25.27:466][  0]LogConfig: Setting CVar [[r.MotionBlurQuality:4]]
[2021.11.17-02.25.27:466][  0]LogConfig: Setting CVar [[r.AmbientOcclusionMipLevelFactor:0.4]]
[2021.11.17-02.25.27:468][  0]LogConfig: Setting CVar [[r.AmbientOcclusionMaxQuality:100]]
[2021.11.17-02.25.27:469][  0]LogConfig: Setting CVar [[r.AmbientOcclusionLevels:-1]]
[2021.11.17-02.25.27:470][  0]LogConfig: Setting CVar [[r.AmbientOcclusionRadiusScale:1.0]]
[2021.11.17-02.25.27:470][  0]LogConfig: Setting CVar [[r.DepthOfFieldQuality:2]]
[2021.11.17-02.25.27:470][  0]LogConfig: Setting CVar [[r.RenderTargetPoolMin:400]]
[2021.11.17-02.25.27:472][  0]LogConfig: Setting CVar [[r.LensFlareQuality:2]]
[2021.11.17-02.25.27:472][  0]LogConfig: Setting CVar [[r.SceneColorFringeQuality:1]]
[2021.11.17-02.25.27:475][  0]LogConfig: Setting CVar [[r.EyeAdaptationQuality:2]]
[2021.11.17-02.25.27:476][  0]LogConfig: Setting CVar [[r.BloomQuality:5]]
[2021.11.17-02.25.27:477][  0]LogConfig: Setting CVar [[r.FastBlurThreshold:100]]
[2021.11.17-02.25.27:478][  0]LogConfig: Setting CVar [[r.Upscale.Quality:3]]
[2021.11.17-02.25.27:478][  0]LogConfig: Setting CVar [[r.Tonemapper.GrainQuantization:1]]
[2021.11.17-02.25.27:478][  0]LogConfig: Setting CVar [[r.LightShaftQuality:1]]
[2021.11.17-02.25.27:481][  0]LogConfig: Setting CVar [[r.Filter.SizeScale:1]]
[2021.11.17-02.25.27:482][  0]LogConfig: Setting CVar [[r.Tonemapper.Quality:5]]
[2021.11.17-02.25.27:482][  0]LogConfig: Setting CVar [[r.DOF.Gather.AccumulatorQuality:1        ; higher gathering accumulator quality]]
[2021.11.17-02.25.27:483][  0]LogConfig: Setting CVar [[r.DOF.Gather.PostfilterMethod:1          ; Median3x3 postfilering method]]
[2021.11.17-02.25.27:485][  0]LogConfig: Setting CVar [[r.DOF.Gather.EnableBokehSettings:0       ; no bokeh simulation when gathering]]
[2021.11.17-02.25.27:485][  0]LogConfig: Setting CVar [[r.DOF.Gather.RingCount:4                 ; medium number of samples when gathering]]
[2021.11.17-02.25.27:485][  0]LogConfig: Setting CVar [[r.DOF.Scatter.ForegroundCompositing:1    ; additive foreground scattering]]
[2021.11.17-02.25.27:486][  0]LogConfig: Setting CVar [[r.DOF.Scatter.BackgroundCompositing:2    ; additive background scattering]]
[2021.11.17-02.25.27:486][  0]LogConfig: Setting CVar [[r.DOF.Scatter.EnableBokehSettings:1      ; bokeh simulation when scattering]]
[2021.11.17-02.25.27:487][  0]LogConfig: Setting CVar [[r.DOF.Scatter.MaxSpriteRatio:0.1         ; only a maximum of 10% of scattered bokeh]]
[2021.11.17-02.25.27:487][  0]LogConfig: Setting CVar [[r.DOF.Recombine.Quality:1                ; cheap slight out of focus]]
[2021.11.17-02.25.27:488][  0]LogConfig: Setting CVar [[r.DOF.Recombine.EnableBokehSettings:0    ; no bokeh simulation on slight out of focus]]
[2021.11.17-02.25.27:488][  0]LogConfig: Setting CVar [[r.DOF.TemporalAAQuality:1                ; more stable temporal accumulation]]
[2021.11.17-02.25.27:489][  0]LogConfig: Setting CVar [[r.DOF.Kernel.MaxForegroundRadius:0.025]]
[2021.11.17-02.25.27:491][  0]LogConfig: Setting CVar [[r.DOF.Kernel.MaxBackgroundRadius:0.025]]
[2021.11.17-02.25.27:491][  0]LogConfig: Applying CVar settings from Section [TextureQuality@3] File [../../../FamilyReunionDinner2/Saved/Config/WindowsServer/Scalability.ini]
[2021.11.17-02.25.27:491][  0]LogConfig: Setting CVar [[r.Streaming.MipBias:0]]
[2021.11.17-02.25.27:492][  0]LogConfig: Setting CVar [[r.Streaming.AmortizeCPUToGPUCopy:0]]
[2021.11.17-02.25.27:494][  0]LogConfig: Setting CVar [[r.Streaming.MaxNumTexturesToStreamPerFrame:0]]
[2021.11.17-02.25.27:494][  0]LogConfig: Setting CVar [[r.Streaming.Boost:1]]
[2021.11.17-02.25.27:495][  0]LogConfig: Setting CVar [[r.MaxAnisotropy:8]]
[2021.11.17-02.25.27:495][  0]LogConfig: Setting CVar [[r.VT.MaxAnisotropy:8]]
[2021.11.17-02.25.27:495][  0]LogConfig: Setting CVar [[r.Streaming.LimitPoolSizeToVRAM:0]]
[2021.11.17-02.25.27:496][  0]LogConfig: Setting CVar [[r.Streaming.PoolSize:1000]]
[2021.11.17-02.25.27:496][  0]LogConfig: Setting CVar [[r.Streaming.MaxEffectiveScreenSize:0]]
[2021.11.17-02.25.27:499][  0]LogConfig: Applying CVar settings from Section [EffectsQuality@3] File [../../../FamilyReunionDinner2/Saved/Config/WindowsServer/Scalability.ini]
[2021.11.17-02.25.27:502][  0]LogConfig: Setting CVar [[r.TranslucencyLightingVolumeDim:64]]
[2021.11.17-02.25.27:502][  0]LogConfig: Setting CVar [[r.RefractionQuality:2]]
[2021.11.17-02.25.27:503][  0]LogConfig: Setting CVar [[r.SSR.Quality:3]]
[2021.11.17-02.25.27:504][  0]LogConfig: Setting CVar [[r.SSR.HalfResSceneColor:0]]
[2021.11.17-02.25.27:504][  0]LogConfig: Setting CVar [[r.SceneColorFormat:4]]
[2021.11.17-02.25.27:505][  0]LogConfig: Setting CVar [[r.DetailMode:2]]
[2021.11.17-02.25.27:505][  0]LogConfig: Setting CVar [[r.TranslucencyVolumeBlur:1]]
[2021.11.17-02.25.27:506][  0]LogConfig: Setting CVar [[r.MaterialQualityLevel:1 ; High quality]]
[2021.11.17-02.25.27:510][  0]LogConfig: Setting CVar [[r.AnisotropicMaterials:1]]
[2021.11.17-02.25.27:510][  0]LogConfig: Setting CVar [[r.SSS.Scale:1]]
[2021.11.17-02.25.27:512][  0]LogConfig: Setting CVar [[r.SSS.SampleSet:2]]
[2021.11.17-02.25.27:512][  0]LogConfig: Setting CVar [[r.SSS.Quality:1]]
[2021.11.17-02.25.27:515][  0]LogConfig: Setting CVar [[r.SSS.HalfRes:0]]
[2021.11.17-02.25.27:517][  0]LogConfig: Setting CVar [[r.SSGI.Quality:3]]
[2021.11.17-02.25.27:517][  0]LogConfig: Setting CVar [[r.EmitterSpawnRateScale:1.0]]
[2021.11.17-02.25.27:521][  0]LogConfig: Setting CVar [[r.ParticleLightQuality:2]]
[2021.11.17-02.25.27:521][  0]LogConfig: Setting CVar [[r.SkyAtmosphere.AerialPerspectiveLUT.FastApplyOnOpaque:1 ; Always have FastSkyLUT 1 in this case to avoid wrong sky]]
[2021.11.17-02.25.27:521][  0]LogConfig: Setting CVar [[r.SkyAtmosphere.AerialPerspectiveLUT.SampleCountMaxPerSlice:4]]
[2021.11.17-02.25.27:522][  0]LogConfig: Setting CVar [[r.SkyAtmosphere.AerialPerspectiveLUT.DepthResolution:16.0]]
[2021.11.17-02.25.27:522][  0]LogConfig: Setting CVar [[r.SkyAtmosphere.FastSkyLUT:1]]
[2021.11.17-02.25.27:528][  0]LogConfig: Setting CVar [[r.SkyAtmosphere.FastSkyLUT.SampleCountMin:4.0]]
[2021.11.17-02.25.27:528][  0]LogConfig: Setting CVar [[r.SkyAtmosphere.FastSkyLUT.SampleCountMax:128.0]]
[2021.11.17-02.25.27:529][  0]LogConfig: Setting CVar [[r.SkyAtmosphere.SampleCountMin:4.0]]
[2021.11.17-02.25.27:530][  0]LogConfig: Setting CVar [[r.SkyAtmosphere.SampleCountMax:128.0]]
[2021.11.17-02.25.27:530][  0]LogConfig: Setting CVar [[r.SkyAtmosphere.TransmittanceLUT.UseSmallFormat:0]]
[2021.11.17-02.25.27:531][  0]LogConfig: Setting CVar [[r.SkyAtmosphere.TransmittanceLUT.SampleCount:10.0]]
[2021.11.17-02.25.27:533][  0]LogConfig: Setting CVar [[r.SkyAtmosphere.MultiScatteringLUT.SampleCount:15.0]]
[2021.11.17-02.25.27:536][  0]LogConfig: Setting CVar [[r.SkyLight.RealTimeReflectionCapture:1]]
[2021.11.17-02.25.27:536][  0]LogConfig: Setting CVar [[fx.Niagara.QualityLevel:3]]
[2021.11.17-02.25.27:536][  0]LogConfig: Applying CVar settings from Section [FoliageQuality@3] File [../../../FamilyReunionDinner2/Saved/Config/WindowsServer/Scalability.ini]
[2021.11.17-02.25.27:537][  0]LogConfig: Setting CVar [[foliage.DensityScale:1.0]]
[2021.11.17-02.25.27:537][  0]LogConfig: Setting CVar [[grass.DensityScale:1.0]]
[2021.11.17-02.25.27:537][  0]LogConfig: Applying CVar settings from Section [ShadingQuality@3] File [../../../FamilyReunionDinner2/Saved/Config/WindowsServer/Scalability.ini]
[2021.11.17-02.25.27:537][  0]LogConfig: Setting CVar [[r.HairStrands.SkyLighting.IntegrationType:2]]
[2021.11.17-02.25.27:538][  0]LogConfig: Setting CVar [[r.HairStrands.SkyAO.SampleCount:4]]
[2021.11.17-02.25.27:538][  0]LogConfig: Setting CVar [[r.HairStrands.Visibility.MSAA.SamplePerPixel:4]]
[2021.11.17-02.25.27:538][  0]LogConfig: Applying CVar settings from Section [Startup] File [../../../Engine/Config/ConsoleVariables.ini]
[2021.11.17-02.25.27:539][  0]LogConfig: Setting CVar [[net.UseAdaptiveNetUpdateFrequency:0]]
[2021.11.17-02.25.27:539][  0]LogConfig: Setting CVar [[p.chaos.AllowCreatePhysxBodies:1]]
[2021.11.17-02.25.27:540][  0]LogConfig: Setting CVar [[fx.SkipVectorVMBackendOptimizations:1]]
[2021.11.17-02.25.27:543][  0]LogConfig: Applying CVar settings from Section [ConsoleVariables] File [../../../FamilyReunionDinner2/Saved/Config/WindowsServer/Engine.ini]
[2021.11.17-02.25.27:543][  0]LogInit: Computer: DESKTOP-EEV8MES
[2021.11.17-02.25.27:544][  0]LogInit: User: sion9
[2021.11.17-02.25.27:544][  0]LogInit: CPU Page size=4096, Cores=6
[2021.11.17-02.25.27:545][  0]LogInit: High frequency timer resolution =10.000000 MHz
[2021.11.17-02.25.27:545][  0]LogMemory: Memory total: Physical=31.8GB (32GB approx)
[2021.11.17-02.25.27:545][  0]LogMemory: Platform Memory Stats for WindowsServer
[2021.11.17-02.25.27:546][  0]LogMemory: Process Physical Memory: 74.82 MB used, 74.82 MB peak
[2021.11.17-02.25.27:548][  0]LogMemory: Process Virtual Memory: 77.88 MB used, 77.88 MB peak
[2021.11.17-02.25.27:551][  0]LogMemory: Physical Memory: 11618.14 MB used,  20945.42 MB free, 32563.56 MB total
[2021.11.17-02.25.27:551][  0]LogMemory: Virtual Memory: 134199240.00 MB used,  18486.56 MB free, 134217728.00 MB total
[2021.11.17-02.25.27:820][  0]LogWindows: WindowsPlatformFeatures disabled or dedicated server build
[2021.11.17-02.25.27:893][  0]LogInit: Physics initialised using underlying interface: PhysX
[2021.11.17-02.25.27:893][  0]LogInit: Using OS detected language (en-US).
[2021.11.17-02.25.27:894][  0]LogInit: Using OS detected locale (en-US).
[2021.11.17-02.25.27:898][  0]LogTextLocalizationManager: No specific localization for 'en-US' exists, so the 'en' localization will be used.
[2021.11.17-02.25.27:924][  0]LogRendererCore: Ray tracing is disabled. Reason: r.RayTracing=0.
[2021.11.17-02.25.27:924][  0]LogODSC: ODSC Thread active.
[2021.11.17-02.25.27:932][  0]LogInit: Using OS detected language (en-US).
[2021.11.17-02.25.27:932][  0]LogInit: Using OS detected locale (en-US).
[2021.11.17-02.25.27:933][  0]LogTextLocalizationManager: No localization for 'en-US' exists, so 'en' will be used for the language.
[2021.11.17-02.25.27:933][  0]LogTextLocalizationManager: No localization for 'en-US' exists, so 'en' will be used for the locale.
[2021.11.17-02.25.27:935][  0]LogTextLocalizationManager: Compacting localization data took   0.62ms
[2021.11.17-02.25.27:935][  0]LogAssetRegistry: FAssetRegistry took 0.0007 seconds to start up
[2021.11.17-02.25.28:005][  0]LogStreaming: Display: FlushAsyncLoading: 1 QueuedPackages, 0 AsyncPackages
[2021.11.17-02.25.28:006][  0]LogPackageLocalizationCache: Processed 26 localized package path(s) for 1 prioritized culture(s) in 0.000106 seconds
[2021.11.17-02.25.28:007][  0]LogPakFile: New pak file ../../../FamilyReunionDinner2/Content/Paks/FamilyReunionDinner2-WindowsServer.pak added to pak precacher.
[2021.11.17-02.25.28:014][  0]LogInit: Selected Device Profile: [WindowsServer]
[2021.11.17-02.25.28:014][  0]LogInit: Active device profile: [000001B579860A00][000001B575DADB70 49] WindowsServer
[2021.11.17-02.25.28:015][  0]LogInit: Profiles: [000001B579860B80][000001B578106DC0 49] Windows, [000001B579860A00][000001B575DADB70 49] WindowsServer, 
[2021.11.17-02.25.28:024][  0]LogSerialization: Display: AllowBulkDataInIoStore: 'true'
[2021.11.17-02.25.28:032][  0]LogNetVersion: FamilyReunionDinner2 1.0.0, NetCL: 0, EngineNetVer: 17, GameNetVer: 0 (Checksum: 2045832996)
[2021.11.17-02.25.28:057][  0]LogAudioCaptureCore: Display: No Audio Capture implementations found. Audio input will be silent.
[2021.11.17-02.25.28:057][  0]LogAudioCaptureCore: Display: No Audio Capture implementations found. Audio input will be silent.
[2021.11.17-02.25.28:060][  0]LogHMD: PokeAHoleMaterial loaded successfully
[2021.11.17-02.25.28:089][  0]LogUObjectArray: 15958 objects as part of root set at end of initial load.
[2021.11.17-02.25.28:089][  0]LogUObjectAllocator: 3297416 out of 0 bytes used by permanent object pool.
[2021.11.17-02.25.28:103][  0]LogUObjectArray: CloseDisregardForGC: 15958/0 objects in disregard for GC pool
[2021.11.17-02.25.28:115][  0]LogNiagaraDebuggerClient: Niagara Debugger Client Initialized | Session: 9377A4CD494E95B545B3B786C52F2643 | Instance: 167778454FC756EB10A065A600DA9404 (DESKTOP-EEV8MES-19044).
[2021.11.17-02.25.28:118][  0]LogAndroidPermission: UAndroidPermissionCallbackProxy::GetInstance
[2021.11.17-02.25.28:118][  0]LogOcInput: OculusInput pre-init called
[2021.11.17-02.25.28:120][  0]LogEngine: Initializing Engine...
[2021.11.17-02.25.28:121][  0]LogStats: UGameplayTagsManager::InitializeManager -  0.000 s
[2021.11.17-02.25.28:132][  0]LogInit: Initializing FReadOnlyCVARCache
[2021.11.17-02.25.28:132][  0]LogNetVersion: Set ProjectVersion to 1.0.0.0. Version Checksum will be recalculated on next use.
[2021.11.17-02.25.28:133][  0]LogInit: Texture streaming: Disabled
[2021.11.17-02.25.28:137][  0]LogInit: Display: Game Engine Initialized.
[2021.11.17-02.25.28:137][  0]LogInit: Display: Starting Game.
[2021.11.17-02.25.28:137][  0]LogNet: Browse: /Game/FirstPersonCPP/Maps/GameMenuMap?Name=Player
[2021.11.17-02.25.28:141][  0]LogLoad: LoadMap: /Game/FirstPersonCPP/Maps/GameMenuMap?Name=Player
[2021.11.17-02.25.28:141][  0]LogWorld: BeginTearingDown for /Temp/Untitled_0
[2021.11.17-02.25.28:148][  0]LogWorld: UWorld::CleanupWorld for Untitled, bSessionEnded=true, bCleanupResources=true
[2021.11.17-02.25.28:149][  0]LogUObjectHash: Compacting FUObjectHashTables data took   0.50ms
[2021.11.17-02.25.28:173][  0]LogAIModule: Creating AISystem for world GameMenuMap
[2021.11.17-02.25.28:173][  0]LogLoad: Game class is 'GameMenuGameMode'
[2021.11.17-02.25.28:175][  0]LogNet: ReplicationDriverClass is null! Not using ReplicationDriver.
[2021.11.17-02.25.28:185][  0]LogNetCore: DDoS detection status: detection enabled: 0 analytics enabled: 0
[2021.11.17-02.25.28:186][  0]LogInit: WinSock: Socket queue. Rx: 131072 (config 131072) Tx: 131072 (config 131072)
[2021.11.17-02.25.28:186][  0]LogNet: Created socket for bind address: 0.0.0.0 on port 7777
[2021.11.17-02.25.28:187][  0]PacketHandlerLog: Loaded PacketHandler component: Engine.EngineHandlerComponentFactory (StatelessConnectHandlerComponent)
[2021.11.17-02.25.28:187][  0]LogNet: GameNetDriver IpNetDriver_2147482567 IpNetDriver listening on port 7777
[2021.11.17-02.25.28:189][  0]LogWorld: Bringing World /Game/FirstPersonCPP/Maps/GameMenuMap.GameMenuMap up for play (max tick rate 30) at 2021.11.16-21.25.28
[2021.11.17-02.25.28:189][  0]LogWorld: Bringing up level for play took: 0.001102
[2021.11.17-02.25.28:190][  0]LogLoad: Took 0.048702 seconds to LoadMap(/Game/FirstPersonCPP/Maps/GameMenuMap)
[2021.11.17-02.25.28:190][  0]LogPakFile: AllPaks IndexSizes: DirectoryHashSize=203736, PathHashSize=16, EntriesSize=32752, TotalSize=236504
[2021.11.17-02.25.28:193][  0]LogInit: Display: Engine is initialized. Leaving FEngineLoop::Init()
[2021.11.17-02.25.28:194][  0]LogLoad: (Engine Initialization) Total time: 3.63 seconds
[2021.11.17-02.25.31:854][109]LogNet: NotifyAcceptingConnection accepted from: 127.0.0.1:64947
[2021.11.17-02.25.31:854][109]LogHandshake: SendConnectChallenge. Timestamp: 3.659700, Cookie: 199154052011035079235156118125244010183106050072105225094115
[2021.11.17-02.25.31:887][110]LogNet: NotifyAcceptingConnection accepted from: 127.0.0.1:64947
[2021.11.17-02.25.31:887][110]LogHandshake: SendChallengeAck. InCookie: 199154052011035079235156118125244010183106050072105225094115
[2021.11.17-02.25.31:888][110]LogNet: Server accepting post-challenge connection from: 127.0.0.1:64947
[2021.11.17-02.25.31:898][110]PacketHandlerLog: Loaded PacketHandler component: Engine.EngineHandlerComponentFactory (StatelessConnectHandlerComponent)
[2021.11.17-02.25.31:899][110]LogNet: NotifyAcceptedConnection: Name: GameMenuMap, TimeStamp: 11/16/21 21:25:31, [UNetConnection] RemoteAddr: 127.0.0.1:64947, Name: IpConnection_2147482559, Driver: GameNetDriver IpNetDriver_2147482567, IsServer: YES, PC: NULL, Owner: NULL, UniqueId: INVALID
[2021.11.17-02.25.31:899][110]LogNet: AddClientConnection: Added client connection: [UNetConnection] RemoteAddr: 127.0.0.1:64947, Name: IpConnection_2147482559, Driver: GameNetDriver IpNetDriver_2147482567, IsServer: YES, PC: NULL, Owner: NULL, UniqueId: INVALID
[2021.11.17-02.25.31:900][110]LogNet: NotifyAcceptingChannel Control 0 server World /Game/FirstPersonCPP/Maps/GameMenuMap.GameMenuMap: Accepted
[2021.11.17-02.25.31:902][110]LogNet: Remote platform little endian=1
[2021.11.17-02.25.31:905][110]LogNet: This platform little endian=1
[2021.11.17-02.25.31:908][110]LogNetVersion: FamilyReunionDinner2 1.0.0.0, NetCL: 0, EngineNetVer: 17, GameNetVer: 0 (Checksum: 3452487040)
[2021.11.17-02.25.31:921][111]LogNet: Login request: ?Name=DESKTOP-EEV8MES-5AD760B741671827042B47923E2E272E userId: NULL:DESKTOP-EEV8MES-5AD760B741671827042B47923E2E272E platform: NULL
[2021.11.17-02.25.31:954][112]LogNet: Client netspeed is 100000
[2021.11.17-02.25.31:987][113]LogNet: Join request: /Game/FirstPersonCPP/Maps/GameMenuMap?Name=DESKTOP-EEV8MES-5AD760B741671827042B47923E2E272E?SplitscreenCount=1
[2021.11.17-02.25.31:988][113]LogOnlineSession: Warning: OSS: No game present to join for session (GameSession)
[2021.11.17-02.25.31:995][113]LogNet: Join succeeded: DESKTOP-EEV8MES-5AD7
[2021.11.17-02.26.05:979][138]LogNet: UChannel::ReceivedSequencedBunch: Bunch.bClose == true. ChIndex == 0. Calling ConditionalCleanUp.
[2021.11.17-02.26.05:979][138]LogNet: UChannel::CleanUp: ChIndex == 0. Closing connection. [UChannel] ChIndex: 0, Closing: 0 [UNetConnection] RemoteAddr: 127.0.0.1:64947, Name: IpConnection_2147482559, Driver: GameNetDriver IpNetDriver_2147482567, IsServer: YES, PC: PlayerController_2147482555, Owner: PlayerController_2147482555, UniqueId: NULL:DESKTOP-EEV8MES-5AD760B741671827042B47923E2E272E
[2021.11.17-02.26.05:980][138]LogNet: UNetConnection::Close: [UNetConnection] RemoteAddr: 127.0.0.1:64947, Name: IpConnection_2147482559, Driver: GameNetDriver IpNetDriver_2147482567, IsServer: YES, PC: PlayerController_2147482555, Owner: PlayerController_2147482555, UniqueId: NULL:DESKTOP-EEV8MES-5AD760B741671827042B47923E2E272E, Channels: 10, Time: 2021.11.17-02.26.05
[2021.11.17-02.26.05:980][138]LogNet: UChannel::Close: Sending CloseBunch. ChIndex == 0. Name: [UChannel] ChIndex: 0, Closing: 0 [UNetConnection] RemoteAddr: 127.0.0.1:64947, Name: IpConnection_2147482559, Driver: GameNetDriver IpNetDriver_2147482567, IsServer: YES, PC: PlayerController_2147482555, Owner: PlayerController_2147482555, UniqueId: NULL:DESKTOP-EEV8MES-5AD760B741671827042B47923E2E272E
[2021.11.17-02.26.05:980][138]LogOnlineSession: Warning: OSS: No game present to leave for session (GameSession)
[2021.11.17-02.26.13:447][363]LogNet: NotifyAcceptingConnection accepted from: 127.0.0.1:58207
[2021.11.17-02.26.13:447][363]LogHandshake: SendConnectChallenge. Timestamp: 45.252658, Cookie: 130096014094224099061244136097172207002133070238049129227105
[2021.11.17-02.26.13:447][363]LogNet: NotifyAcceptingConnection accepted from: 127.0.0.1:58208
[2021.11.17-02.26.13:448][363]LogHandshake: SendConnectChallenge. Timestamp: 45.252658, Cookie: 248210197217006247020237127202093022164111059016006217124202
[2021.11.17-02.26.13:481][364]LogNet: NotifyAcceptingConnection accepted from: 127.0.0.1:58207
[2021.11.17-02.26.13:481][364]LogHandshake: SendChallengeAck. InCookie: 130096014094224099061244136097172207002133070238049129227105
[2021.11.17-02.26.13:482][364]LogNet: Server accepting post-challenge connection from: 127.0.0.1:58207
[2021.11.17-02.26.13:492][364]PacketHandlerLog: Loaded PacketHandler component: Engine.EngineHandlerComponentFactory (StatelessConnectHandlerComponent)
[2021.11.17-02.26.13:493][364]LogNet: NotifyAcceptedConnection: Name: GameMenuMap, TimeStamp: 11/16/21 21:26:13, [UNetConnection] RemoteAddr: 127.0.0.1:58207, Name: IpConnection_2147482532, Driver: GameNetDriver IpNetDriver_2147482567, IsServer: YES, PC: NULL, Owner: NULL, UniqueId: INVALID
[2021.11.17-02.26.13:497][364]LogNet: AddClientConnection: Added client connection: [UNetConnection] RemoteAddr: 127.0.0.1:58207, Name: IpConnection_2147482532, Driver: GameNetDriver IpNetDriver_2147482567, IsServer: YES, PC: NULL, Owner: NULL, UniqueId: INVALID
[2021.11.17-02.26.13:498][364]LogNet: NotifyAcceptingConnection accepted from: 127.0.0.1:58208
[2021.11.17-02.26.13:498][364]LogHandshake: SendChallengeAck. InCookie: 248210197217006247020237127202093022164111059016006217124202
[2021.11.17-02.26.13:508][364]LogNet: Server accepting post-challenge connection from: 127.0.0.1:58208
[2021.11.17-02.26.13:510][364]PacketHandlerLog: Loaded PacketHandler component: Engine.EngineHandlerComponentFactory (StatelessConnectHandlerComponent)
[2021.11.17-02.26.13:515][364]LogNet: NotifyAcceptedConnection: Name: GameMenuMap, TimeStamp: 11/16/21 21:26:13, [UNetConnection] RemoteAddr: 127.0.0.1:58208, Name: IpConnection_2147482529, Driver: GameNetDriver IpNetDriver_2147482567, IsServer: YES, PC: NULL, Owner: NULL, UniqueId: INVALID
[2021.11.17-02.26.13:516][364]LogNet: AddClientConnection: Added client connection: [UNetConnection] RemoteAddr: 127.0.0.1:58208, Name: IpConnection_2147482529, Driver: GameNetDriver IpNetDriver_2147482567, IsServer: YES, PC: NULL, Owner: NULL, UniqueId: INVALID
[2021.11.17-02.26.13:516][364]LogNet: NotifyAcceptingChannel Control 0 server World /Game/FirstPersonCPP/Maps/GameMenuMap.GameMenuMap: Accepted
[2021.11.17-02.26.13:517][364]LogNet: Remote platform little endian=1
[2021.11.17-02.26.13:520][364]LogNet: This platform little endian=1
[2021.11.17-02.26.13:521][364]LogNet: NotifyAcceptingChannel Control 0 server World /Game/FirstPersonCPP/Maps/GameMenuMap.GameMenuMap: Accepted
[2021.11.17-02.26.13:522][364]LogNet: Remote platform little endian=1
[2021.11.17-02.26.13:523][364]LogNet: This platform little endian=1
[2021.11.17-02.26.13:557][366]LogNet: Login request: ?Name=DESKTOP-EEV8MES-EF7221424E1E6455EF1361B831FF4B65 userId: NULL:DESKTOP-EEV8MES-EF7221424E1E6455EF1361B831FF4B65 platform: NULL
[2021.11.17-02.26.13:557][366]LogNet: Login request: ?Name=DESKTOP-EEV8MES-DB2A62C54817ABA03348D0BFD7F11913 userId: NULL:DESKTOP-EEV8MES-DB2A62C54817ABA03348D0BFD7F11913 platform: NULL
[2021.11.17-02.26.13:591][367]LogNet: Client netspeed is 100000
[2021.11.17-02.26.13:624][368]LogNet: Join request: /Game/FirstPersonCPP/Maps/GameMenuMap?Name=DESKTOP-EEV8MES-EF7221424E1E6455EF1361B831FF4B65?SplitscreenCount=1
[2021.11.17-02.26.13:624][368]LogOnlineSession: Warning: OSS: No game present to join for session (GameSession)
[2021.11.17-02.26.13:630][368]LogNet: Join succeeded: DESKTOP-EEV8MES-EF72
[2021.11.17-02.26.13:630][368]LogNet: Client netspeed is 100000
[2021.11.17-02.26.13:691][370]LogNet: Join request: /Game/FirstPersonCPP/Maps/GameMenuMap?Name=DESKTOP-EEV8MES-DB2A62C54817ABA03348D0BFD7F11913?SplitscreenCount=1
[2021.11.17-02.26.13:691][370]LogOnlineSession: Warning: OSS: No game present to join for session (GameSession)
[2021.11.17-02.26.13:693][370]LogNet: Join succeeded: DESKTOP-EEV8MES-DB2A
[2021.11.17-02.26.25:400][721]LogNet: UChannel::ReceivedSequencedBunch: Bunch.bClose == true. ChIndex == 0. Calling ConditionalCleanUp.
[2021.11.17-02.26.25:400][721]LogNet: UChannel::CleanUp: ChIndex == 0. Closing connection. [UChannel] ChIndex: 0, Closing: 0 [UNetConnection] RemoteAddr: 127.0.0.1:58208, Name: IpConnection_2147482529, Driver: GameNetDriver IpNetDriver_2147482567, IsServer: YES, PC: PlayerController_2147482503, Owner: PlayerController_2147482503, UniqueId: NULL:DESKTOP-EEV8MES-DB2A62C54817ABA03348D0BFD7F11913
[2021.11.17-02.26.25:402][721]LogNet: UNetConnection::Close: [UNetConnection] RemoteAddr: 127.0.0.1:58208, Name: IpConnection_2147482529, Driver: GameNetDriver IpNetDriver_2147482567, IsServer: YES, PC: PlayerController_2147482503, Owner: PlayerController_2147482503, UniqueId: NULL:DESKTOP-EEV8MES-DB2A62C54817ABA03348D0BFD7F11913, Channels: 12, Time: 2021.11.17-02.26.25
[2021.11.17-02.26.25:405][721]LogNet: UChannel::Close: Sending CloseBunch. ChIndex == 0. Name: [UChannel] ChIndex: 0, Closing: 0 [UNetConnection] RemoteAddr: 127.0.0.1:58208, Name: IpConnection_2147482529, Driver: GameNetDriver IpNetDriver_2147482567, IsServer: YES, PC: PlayerController_2147482503, Owner: PlayerController_2147482503, UniqueId: NULL:DESKTOP-EEV8MES-DB2A62C54817ABA03348D0BFD7F11913
[2021.11.17-02.26.25:406][721]LogNet: UChannel::ReceivedSequencedBunch: Bunch.bClose == true. ChIndex == 0. Calling ConditionalCleanUp.
[2021.11.17-02.26.25:408][721]LogNet: UChannel::CleanUp: ChIndex == 0. Closing connection. [UChannel] ChIndex: 0, Closing: 0 [UNetConnection] RemoteAddr: 127.0.0.1:58207, Name: IpConnection_2147482532, Driver: GameNetDriver IpNetDriver_2147482567, IsServer: YES, PC: PlayerController_2147482524, Owner: PlayerController_2147482524, UniqueId: NULL:DESKTOP-EEV8MES-EF7221424E1E6455EF1361B831FF4B65
[2021.11.17-02.26.25:408][721]LogNet: UNetConnection::Close: [UNetConnection] RemoteAddr: 127.0.0.1:58207, Name: IpConnection_2147482532, Driver: GameNetDriver IpNetDriver_2147482567, IsServer: YES, PC: PlayerController_2147482524, Owner: PlayerController_2147482524, UniqueId: NULL:DESKTOP-EEV8MES-EF7221424E1E6455EF1361B831FF4B65, Channels: 12, Time: 2021.11.17-02.26.25
[2021.11.17-02.26.25:409][721]LogNet: UChannel::Close: Sending CloseBunch. ChIndex == 0. Name: [UChannel] ChIndex: 0, Closing: 0 [UNetConnection] RemoteAddr: 127.0.0.1:58207, Name: IpConnection_2147482532, Driver: GameNetDriver IpNetDriver_2147482567, IsServer: YES, PC: PlayerController_2147482524, Owner: PlayerController_2147482524, UniqueId: NULL:DESKTOP-EEV8MES-EF7221424E1E6455EF1361B831FF4B65
[2021.11.17-02.26.25:410][721]LogOnlineSession: Warning: OSS: No game present to leave for session (GameSession)
[2021.11.17-02.26.25:412][721]LogOnlineSession: Warning: OSS: No game present to leave for session (GameSession)
