Log file open, 11/14/21 16:14:30
LogWindows: Failed to load 'aqProf.dll' (GetLastError=126)
LogWindows: File 'aqProf.dll' does not exist
LogWindows: Failed to load 'VtuneApi.dll' (GetLastError=126)
LogWindows: File 'VtuneApi.dll' does not exist
LogWindows: Failed to load 'VtuneApi32e.dll' (GetLastError=126)
LogWindows: File 'VtuneApi32e.dll' does not exist
LogConsoleResponse: Display: Failed to find resolution value strings in scalability ini. Falling back to default.
LogConsoleResponse: Display: Failed to find resolution value strings in scalability ini. Falling back to default.
LogPakFile: Display: Found Pak file ../../../FamilyReunionDinner2/Content/Paks/FamilyReunionDinner2-WindowsServer.pak attempting to mount.
LogPakFile: Display: Mounting pak file ../../../FamilyReunionDinner2/Content/Paks/FamilyReunionDinner2-WindowsServer.pak.
LogPakFile: PakFile PrimaryIndexSize=24354
LogPakFile: PakFile PathHashIndexSize=45495
LogPakFile: PakFile FullDirectoryIndexSize=57373
LogShaderLibrary: Display: ShaderCodeLibraryPakFileMountedCallback: PakFile '../../../FamilyReunionDinner2/Content/Paks/FamilyReunionDinner2-WindowsServer.pak' (chunk index -1, root '../../../') mounted
LogShaderLibrary: Display: ShaderCodeLibraryPakFileMountedCallback: pending pak file info (ChunkID:-1 Root:../../../ File:../../../FamilyReunionDinner2/Content/Paks/FamilyReunionDinner2-WindowsServer.pak)
LogPakFile: OnPakFileMounted2Time == 0.000040
LogPlatformFile: Not using cached read wrapper
LogTaskGraph: Started task graph with 5 named threads and 9 total threads with 1 sets of task threads.
LogStats: Stats thread started at 0.101551
LogICUInternationalization: ICU TimeZone Detection - Raw Offset: -5:00, Platform Override: ''
LogInit: Display: Loading text-based GConfig....
LogPluginManager: Mounting plugin Paper2D
LogPluginManager: Mounting plugin AISupport
LogPluginManager: Mounting plugin EnvironmentQueryEditor
LogPluginManager: Mounting plugin LightPropagationVolume
LogPluginManager: Mounting plugin CameraShakePreviewer
LogPluginManager: Mounting plugin GameplayCameras
LogPluginManager: Mounting plugin TemplateSequence
LogPluginManager: Mounting plugin LevelSequenceEditor
LogPluginManager: Mounting plugin OodleData
LogPluginManager: Mounting plugin OodleNetwork
LogPluginManager: Mounting plugin AnimationSharing
LogPluginManager: Mounting plugin SignificanceManager
LogPluginManager: Mounting plugin PluginUtils
LogPluginManager: Mounting plugin PropertyAccessEditor
LogPluginManager: Mounting plugin UObjectPlugin
LogPluginManager: Mounting plugin AssetManagerEditor
LogPluginManager: Mounting plugin FacialAnimation
LogPluginManager: Mounting plugin GeometryMode
LogPluginManager: Mounting plugin SpeedTreeImporter
LogPluginManager: Mounting plugin DatasmithContent
LogPluginManager: Mounting plugin VariantManagerContent
LogPluginManager: Mounting plugin AlembicImporter
LogPluginManager: Mounting plugin GeometryCache
LogPluginManager: Mounting plugin AutomationUtils
LogPluginManager: Mounting plugin ScreenshotTools
LogPluginManager: Mounting plugin BackChannel
LogPluginManager: Mounting plugin ChaosClothEditor
LogPluginManager: Mounting plugin ChaosCloth
LogPluginManager: Mounting plugin ChaosEditor
LogPluginManager: Mounting plugin PlanarCut
LogPluginManager: Mounting plugin GeometryProcessing
LogPluginManager: Mounting plugin EditableMesh
LogPluginManager: Mounting plugin GeometryCollectionPlugin
LogPluginManager: Mounting plugin ProceduralMeshComponent
LogPluginManager: Mounting plugin ChaosSolverPlugin
LogPluginManager: Mounting plugin ChaosNiagara
LogPluginManager: Mounting plugin Niagara
LogPluginManager: Mounting plugin PythonScriptPlugin
LogPluginManager: Mounting plugin CharacterAI
LogPluginManager: Mounting plugin MotoSynth
LogPluginManager: Mounting plugin OpenImageDenoise
LogPluginManager: Mounting plugin PlatformCrypto
LogPluginManager: Mounting plugin MagicLeapPassableWorld
LogPluginManager: Mounting plugin MagicLeap
LogPluginManager: Mounting plugin MLSDK
LogPluginManager: Mounting plugin MagicLeapLightEstimation
LogPluginManager: Mounting plugin AvfMedia
LogPluginManager: Mounting plugin ImgMedia
LogPluginManager: Mounting plugin MediaCompositing
LogPluginManager: Mounting plugin MeshPainting
LogPluginManager: Mounting plugin TcpMessaging
LogPluginManager: Mounting plugin UdpMessaging
LogPluginManager: Mounting plugin ActorSequence
LogPluginManager: Mounting plugin MatineeToLevelSequence
LogPluginManager: Mounting plugin OnlineSubsystemNull
LogPluginManager: Mounting plugin OnlineSubsystem
LogPluginManager: Mounting plugin OnlineSubsystemUtils
LogPluginManager: Mounting plugin LauncherChunkInstaller
LogPluginManager: Mounting plugin ActorLayerUtilities
LogPluginManager: Mounting plugin AndroidPermission
LogPluginManager: Mounting plugin AppleImageUtils
LogPluginManager: Mounting plugin ArchVisCharacter
LogPluginManager: Mounting plugin AssetTags
LogPluginManager: Mounting plugin AudioCapture
LogPluginManager: Mounting plugin CableComponent
LogPluginManager: Mounting plugin ChunkDownloader
LogPluginManager: Mounting plugin CustomMeshComponent
LogPluginManager: Mounting plugin ExampleDeviceProfileSelector
LogPluginManager: Mounting plugin GooglePAD
LogPluginManager: Mounting plugin LocationServicesBPLibrary
LogPluginManager: Mounting plugin MobilePatchingUtils
LogPluginManager: Mounting plugin OculusVR
LogPluginManager: Mounting plugin OpenXREyeTracker
LogPluginManager: Mounting plugin OpenXR
LogPluginManager: Mounting plugin OpenXRHandTracking
LogPluginManager: Mounting plugin LiveLink
LogPluginManager: Mounting plugin Takes
LogPluginManager: Mounting plugin PhysXVehicles
LogPluginManager: Mounting plugin RuntimePhysXCooking
LogPluginManager: Mounting plugin SoundFields
LogPluginManager: Mounting plugin SteamVR
LogPluginManager: Mounting plugin Synthesis
LogPluginManager: Mounting plugin AudioSynesthesia
LogPluginManager: Mounting plugin WindowsMoviePlayer
LogLuminAPIImpl: Warning: MLSDK not found.  This likely means the MLSDK environment variable is not set.
LogInit: Using libcurl 7.55.1-DEV
LogInit:  - built for x86_64-pc-win32
LogInit:  - supports SSL with OpenSSL/1.1.1
LogInit:  - supports HTTP deflate (compression) using libz 1.2.8
LogInit:  - other features:
LogInit:      CURL_VERSION_SSL
LogInit:      CURL_VERSION_LIBZ
LogInit:      CURL_VERSION_IPV6
LogInit:      CURL_VERSION_ASYNCHDNS
LogInit:      CURL_VERSION_LARGEFILE
LogInit:      CURL_VERSION_IDN
LogInit:  CurlRequestOptions (configurable via config and command line):
LogInit:  - bVerifyPeer = true  - Libcurl will verify peer certificate
LogInit:  - bUseHttpProxy = false  - Libcurl will NOT use HTTP proxy
LogInit:  - bDontReuseConnections = false  - Libcurl will reuse connections
LogInit:  - MaxHostConnections = 16  - Libcurl will limit the number of connections to a host
LogInit:  - LocalHostAddr = Default
LogInit:  - BufferSize = 65536
LogOnline: OSS: Creating online subsystem instance for: NULL
LogInit: WinSock: version 1.1 (2.2), MaxSocks=32767, MaxUdp=65467
LogOnline: OSS: TryLoadSubsystemAndSetDefault: Loaded subsystem for module [NULL]
LogInit: Build: ++UE4+Release-4.27-CL-0
LogInit: Engine Version: 4.27.1-0+++UE4+Release-4.27
LogInit: Compatible Engine Version: 4.27.0-0+++UE4+Release-4.27
LogInit: Net CL: 0
LogInit: OS: Windows 10 (Release 2004) (), CPU: Intel(R) Core(TM) i7-9750H CPU @ 2.60GHz, GPU: Intel(R) UHD Graphics 630
LogInit: Compiled (64-bit): Nov 13 2021 17:19:47
LogInit: Compiled with Visual C++: 19.16.27045.00
LogInit: Build Configuration: Development
LogInit: Branch Name: ++UE4+Release-4.27
LogInit: Command Line:  /Game/FirstPersonCPP/Maps/FirstPersonExampleMap -log
LogInit: Base Directory: D:/I/Sousaku/FamilyReunionDinner/FamilyReunionDinner2Package/WindowsServer/FamilyReunionDinner2/Binaries/Win64/
LogInit: Allocator: binned2
LogInit: Installed Engine Build: 0
LogDevObjectVersion: Number of dev versions registered: 29
LogDevObjectVersion:   Dev-Blueprints (B0D832E4-1F89-4F0D-ACCF-7EB736FD4AA2): 10
LogDevObjectVersion:   Dev-Build (E1C64328-A22C-4D53-A36C-8E866417BD8C): 0
LogDevObjectVersion:   Dev-Core (375EC13C-06E4-48FB-B500-84F0262A717E): 4
LogDevObjectVersion:   Dev-Editor (E4B068ED-F494-42E9-A231-DA0B2E46BB41): 40
LogDevObjectVersion:   Dev-Framework (CFFC743F-43B0-4480-9391-14DF171D2073): 37
LogDevObjectVersion:   Dev-Mobile (B02B49B5-BB20-44E9-A304-32B752E40360): 3
LogDevObjectVersion:   Dev-Networking (A4E4105C-59A1-49B5-A7C5-40C4547EDFEE): 0
LogDevObjectVersion:   Dev-Online (39C831C9-5AE6-47DC-9A44-9C173E1C8E7C): 0
LogDevObjectVersion:   Dev-Physics (78F01B33-EBEA-4F98-B9B4-84EACCB95AA2): 14
LogDevObjectVersion:   Dev-Platform (6631380F-2D4D-43E0-8009-CF276956A95A): 0
LogDevObjectVersion:   Dev-Rendering (12F88B9F-8875-4AFC-A67C-D90C383ABD29): 45
LogDevObjectVersion:   Dev-Sequencer (7B5AE74C-D270-4C10-A958-57980B212A5A): 13
LogDevObjectVersion:   Dev-VR (D7296918-1DD6-4BDD-9DE2-64A83CC13884): 3
LogDevObjectVersion:   Dev-LoadTimes (C2A15278-BFE7-4AFE-6C17-90FF531DF755): 1
LogDevObjectVersion:   Private-Geometry (6EACA3D4-40EC-4CC1-B786-8BED09428FC5): 3
LogDevObjectVersion:   Dev-AnimPhys (29E575DD-E0A3-4627-9D10-D276232CDCEA): 17
LogDevObjectVersion:   Dev-Anim (AF43A65D-7FD3-4947-9873-3E8ED9C1BB05): 15
LogDevObjectVersion:   Dev-ReflectionCapture (6B266CEC-1EC7-4B8F-A30B-E4D90942FC07): 1
LogDevObjectVersion:   Dev-Automation (0DF73D61-A23F-47EA-B727-89E90C41499A): 1
LogDevObjectVersion:   FortniteMain (601D1886-AC64-4F84-AA16-D3DE0DEAC7D6): 47
LogDevObjectVersion:   FortniteRelease (E7086368-6B23-4C58-8439-1B7016265E91): 1
LogDevObjectVersion:   Dev-Enterprise (9DFFBCD6-494F-0158-E221-12823C92A888): 10
LogDevObjectVersion:   Dev-Niagara (F2AED0AC-9AFE-416F-8664-AA7FFA26D6FC): 1
LogDevObjectVersion:   Dev-Destruction (174F1F0B-B4C6-45A5-B13F-2EE8D0FB917D): 10
LogDevObjectVersion:   Dev-Physics-Ext (35F94A83-E258-406C-A318-09F59610247C): 41
LogDevObjectVersion:   Dev-PhysicsMaterial-Chaos (B68FC16E-8B1B-42E2-B453-215C058844FE): 1
LogDevObjectVersion:   Dev-CineCamera (B2E18506-4273-CFC2-A54E-F4BB758BBA07): 1
LogDevObjectVersion:   Dev-VirtualProduction (64F58936-FD1B-42BA-BA96-7289D5D0FA4E): 1
LogDevObjectVersion:   Dev-MediaFramework (6F0ED827-A609-4895-9C91-998D90180EA4): 2
LogInit: Presizing for max 2097152 objects, including 1 objects not considered by GC, pre-allocating 0 bytes for permanent pool.
LogConfig: Applying CVar settings from Section [/Script/Engine.StreamingSettings] File [../../../FamilyReunionDinner2/Saved/Config/WindowsServer/Engine.ini]
LogConfig: Setting CVar [[s.MinBulkDataSizeForAsyncLoading:131072]]
LogConfig: Setting CVar [[s.AsyncLoadingThreadEnabled:0]]
LogConfig: Setting CVar [[s.EventDrivenLoaderEnabled:1]]
LogConfig: Setting CVar [[s.WarnIfTimeLimitExceeded:0]]
LogConfig: Setting CVar [[s.TimeLimitExceededMultiplier:1.5]]
LogConfig: Setting CVar [[s.TimeLimitExceededMinTime:0.005]]
LogConfig: Setting CVar [[s.UseBackgroundLevelStreaming:1]]
LogConfig: Setting CVar [[s.PriorityAsyncLoadingExtraTime:15.0]]
LogConfig: Setting CVar [[s.LevelStreamingActorsUpdateTimeLimit:5.0]]
LogConfig: Setting CVar [[s.PriorityLevelStreamingActorsUpdateExtraTime:5.0]]
LogConfig: Setting CVar [[s.LevelStreamingComponentsRegistrationGranularity:10]]
LogConfig: Setting CVar [[s.UnregisterComponentsTimeLimit:1.0]]
LogConfig: Setting CVar [[s.LevelStreamingComponentsUnregistrationGranularity:5]]
LogConfig: Setting CVar [[s.FlushStreamingOnExit:1]]
LogStreaming: Display: Async Loading initialized: Event Driven Loader: true, Async Loading Thread: false, Async Post Load: false
LogInit: Object subsystem initialized
LogConfig: Setting CVar [[con.DebugEarlyDefault:1]]
LogConfig: Setting CVar [[r.setres:1280x720]]
LogConfig: Setting CVar [[fx.NiagaraAllowRuntimeScalabilityChanges:1]]
[2021.11.14-21.14.32:737][  0]LogConfig: Setting CVar [[con.DebugEarlyDefault:1]]
[2021.11.14-21.14.32:739][  0]LogConfig: Setting CVar [[r.setres:1280x720]]
[2021.11.14-21.14.32:739][  0]LogConfig: Setting CVar [[fx.NiagaraAllowRuntimeScalabilityChanges:1]]
[2021.11.14-21.14.32:742][  0]LogConfig: Applying CVar settings from Section [/Script/Engine.RendererSettings] File [../../../FamilyReunionDinner2/Saved/Config/WindowsServer/Engine.ini]
[2021.11.14-21.14.32:743][  0]LogConfig: Setting CVar [[r.GPUCrashDebugging:0]]
[2021.11.14-21.14.32:743][  0]LogConfig: Setting CVar [[r.Mobile.DisableVertexFog:1]]
[2021.11.14-21.14.32:744][  0]LogConfig: Setting CVar [[r.Shadow.CSM.MaxMobileCascades:2]]
[2021.11.14-21.14.32:744][  0]LogConfig: Setting CVar [[r.MobileMSAA:1]]
[2021.11.14-21.14.32:745][  0]LogConfig: Setting CVar [[r.Mobile.AllowDitheredLODTransition:0]]
[2021.11.14-21.14.32:745][  0]LogConfig: Setting CVar [[r.Mobile.AllowSoftwareOcclusion:0]]
[2021.11.14-21.14.32:745][  0]LogConfig: Setting CVar [[r.Mobile.VirtualTextures:0]]
[2021.11.14-21.14.32:746][  0]LogConfig: Setting CVar [[r.DiscardUnusedQuality:0]]
[2021.11.14-21.14.32:746][  0]LogConfig: Setting CVar [[r.AllowOcclusionQueries:1]]
[2021.11.14-21.14.32:747][  0]LogConfig: Setting CVar [[r.MinScreenRadiusForLights:0.030000]]
[2021.11.14-21.14.32:747][  0]LogConfig: Setting CVar [[r.MinScreenRadiusForDepthPrepass:0.030000]]
[2021.11.14-21.14.32:748][  0]LogConfig: Setting CVar [[r.MinScreenRadiusForCSMDepth:0.010000]]
[2021.11.14-21.14.32:748][  0]LogConfig: Setting CVar [[r.PrecomputedVisibilityWarning:0]]
[2021.11.14-21.14.32:748][  0]LogConfig: Setting CVar [[r.TextureStreaming:1]]
[2021.11.14-21.14.32:749][  0]LogConfig: Setting CVar [[Compat.UseDXT5NormalMaps:0]]
[2021.11.14-21.14.32:753][  0]LogConfig: Setting CVar [[r.VirtualTextures:0]]
[2021.11.14-21.14.32:756][  0]LogConfig: Setting CVar [[r.VT.EnableAutoImport:1]]
[2021.11.14-21.14.32:758][  0]LogConfig: Setting CVar [[r.VirtualTexturedLightmaps:0]]
[2021.11.14-21.14.32:759][  0]LogConfig: Setting CVar [[r.VT.TileSize:128]]
[2021.11.14-21.14.32:760][  0]LogConfig: Setting CVar [[r.VT.TileBorderSize:4]]
[2021.11.14-21.14.32:760][  0]LogConfig: Setting CVar [[r.vt.FeedbackFactor:16]]
[2021.11.14-21.14.32:761][  0]LogConfig: Setting CVar [[r.VT.EnableCompressZlib:1]]
[2021.11.14-21.14.32:761][  0]LogConfig: Setting CVar [[r.VT.EnableCompressCrunch:0]]
[2021.11.14-21.14.32:761][  0]LogConfig: Setting CVar [[r.ClearCoatNormal:0]]
[2021.11.14-21.14.32:762][  0]LogConfig: Setting CVar [[r.ReflectionCaptureResolution:128]]
[2021.11.14-21.14.32:762][  0]LogConfig: Setting CVar [[r.Mobile.ReflectionCaptureCompression:0]]
[2021.11.14-21.14.32:762][  0]LogConfig: Setting CVar [[r.ReflectionEnvironmentLightmapMixBasedOnRoughness:1]]
[2021.11.14-21.14.32:763][  0]LogConfig: Setting CVar [[r.ForwardShading:0]]
[2021.11.14-21.14.32:763][  0]LogConfig: Setting CVar [[r.VertexFoggingForOpaque:1]]
[2021.11.14-21.14.32:764][  0]LogConfig: Setting CVar [[r.AllowStaticLighting:1]]
[2021.11.14-21.14.32:764][  0]LogConfig: Setting CVar [[r.NormalMapsForStaticLighting:0]]
[2021.11.14-21.14.32:765][  0]LogConfig: Setting CVar [[r.GenerateMeshDistanceFields:0]]
[2021.11.14-21.14.32:765][  0]LogConfig: Setting CVar [[r.DistanceFieldBuild.EightBit:0]]
[2021.11.14-21.14.32:766][  0]LogConfig: Setting CVar [[r.GenerateLandscapeGIData:0]]
[2021.11.14-21.14.32:770][  0]LogConfig: Setting CVar [[r.DistanceFieldBuild.Compress:0]]
[2021.11.14-21.14.32:773][  0]LogConfig: Setting CVar [[r.TessellationAdaptivePixelsPerTriangle:48.000000]]
[2021.11.14-21.14.32:773][  0]LogConfig: Setting CVar [[r.SeparateTranslucency:0]]
[2021.11.14-21.14.32:775][  0]LogConfig: Setting CVar [[r.TranslucentSortPolicy:0]]
[2021.11.14-21.14.32:775][  0]LogConfig: Setting CVar [[vr.VRS.HMDFixedFoveationLevel:0]]
[2021.11.14-21.14.32:776][  0]LogConfig: Setting CVar [[r.CustomDepth:1]]
[2021.11.14-21.14.32:777][  0]LogConfig: Setting CVar [[r.CustomDepthTemporalAAJitter:1]]
[2021.11.14-21.14.32:777][  0]LogConfig: Setting CVar [[r.PostProcessing.PropagateAlpha:0]]
[2021.11.14-21.14.32:778][  0]LogConfig: Setting CVar [[r.DefaultFeature.Bloom:1]]
[2021.11.14-21.14.32:778][  0]LogConfig: Setting CVar [[r.DefaultFeature.AmbientOcclusion:0]]
[2021.11.14-21.14.32:778][  0]LogConfig: Setting CVar [[r.DefaultFeature.AmbientOcclusionStaticFraction:1]]
[2021.11.14-21.14.32:779][  0]LogConfig: Setting CVar [[r.DefaultFeature.AutoExposure:0]]
[2021.11.14-21.14.32:780][  0]LogConfig: Setting CVar [[r.DefaultFeature.AutoExposure.Method:0]]
[2021.11.14-21.14.32:780][  0]LogConfig: Setting CVar [[r.DefaultFeature.AutoExposure.Bias:1.000000]]
[2021.11.14-21.14.32:781][  0]LogConfig: Setting CVar [[r.DefaultFeature.AutoExposure.ExtendDefaultLuminanceRange:0]]
[2021.11.14-21.14.32:781][  0]LogConfig: Setting CVar [[r.UsePreExposure:1]]
[2021.11.14-21.14.32:782][  0]LogConfig: Setting CVar [[r.EyeAdaptation.EditorOnly:0]]
[2021.11.14-21.14.32:783][  0]LogConfig: Setting CVar [[r.DefaultFeature.MotionBlur:0]]
[2021.11.14-21.14.32:786][  0]LogConfig: Setting CVar [[r.DefaultFeature.LensFlare:0]]
[2021.11.14-21.14.32:788][  0]LogConfig: Setting CVar [[r.TemporalAA.Upsampling:0]]
[2021.11.14-21.14.32:789][  0]LogConfig: Setting CVar [[r.SSGI.Enable:0]]
[2021.11.14-21.14.32:790][  0]LogConfig: Setting CVar [[r.DefaultFeature.AntiAliasing:0]]
[2021.11.14-21.14.32:791][  0]LogConfig: Setting CVar [[r.DefaultFeature.LightUnits:1]]
[2021.11.14-21.14.32:792][  0]LogConfig: Setting CVar [[r.DefaultBackBufferPixelFormat:4]]
[2021.11.14-21.14.32:792][  0]LogConfig: Setting CVar [[r.Shadow.UnbuiltPreviewInGame:1]]
[2021.11.14-21.14.32:792][  0]LogConfig: Setting CVar [[r.StencilForLODDither:0]]
[2021.11.14-21.14.32:793][  0]LogConfig: Setting CVar [[r.EarlyZPass:3]]
[2021.11.14-21.14.32:793][  0]LogConfig: Setting CVar [[r.EarlyZPassOnlyMaterialMasking:0]]
[2021.11.14-21.14.32:794][  0]LogConfig: Setting CVar [[r.DBuffer:1]]
[2021.11.14-21.14.32:794][  0]LogConfig: Setting CVar [[r.ClearSceneMethod:1]]
[2021.11.14-21.14.32:795][  0]LogConfig: Setting CVar [[r.BasePassOutputsVelocity:0]]
[2021.11.14-21.14.32:795][  0]LogConfig: Setting CVar [[r.VertexDeformationOutputsVelocity:0]]
[2021.11.14-21.14.32:795][  0]LogConfig: Setting CVar [[r.SelectiveBasePassOutputs:0]]
[2021.11.14-21.14.32:796][  0]LogConfig: Setting CVar [[fx.GPUSimulationTextureSizeX:1024]]
[2021.11.14-21.14.32:796][  0]LogConfig: Setting CVar [[fx.GPUSimulationTextureSizeY:1024]]
[2021.11.14-21.14.32:796][  0]LogConfig: Setting CVar [[r.AllowGlobalClipPlane:0]]
[2021.11.14-21.14.32:797][  0]LogConfig: Setting CVar [[r.GBufferFormat:1]]
[2021.11.14-21.14.32:797][  0]LogConfig: Setting CVar [[r.MorphTarget.Mode:1]]
[2021.11.14-21.14.32:798][  0]LogConfig: Setting CVar [[vr.InstancedStereo:0]]
[2021.11.14-21.14.32:802][  0]LogConfig: Setting CVar [[r.MobileHDR:1]]
[2021.11.14-21.14.32:804][  0]LogConfig: Setting CVar [[vr.MobileMultiView:0]]
[2021.11.14-21.14.32:805][  0]LogConfig: Setting CVar [[r.Mobile.UseHWsRGBEncoding:0]]
[2021.11.14-21.14.32:805][  0]LogConfig: Setting CVar [[vr.RoundRobinOcclusion:0]]
[2021.11.14-21.14.32:805][  0]LogConfig: Setting CVar [[vr.ODSCapture:0]]
[2021.11.14-21.14.32:806][  0]LogConfig: Setting CVar [[r.MeshStreaming:0]]
[2021.11.14-21.14.32:806][  0]LogConfig: Setting CVar [[r.WireframeCullThreshold:5.000000]]
[2021.11.14-21.14.32:807][  0]LogConfig: Setting CVar [[r.RayTracing:0]]
[2021.11.14-21.14.32:807][  0]LogConfig: Setting CVar [[r.RayTracing.UseTextureLod:0]]
[2021.11.14-21.14.32:807][  0]LogConfig: Setting CVar [[r.SupportStationarySkylight:1]]
[2021.11.14-21.14.32:808][  0]LogConfig: Setting CVar [[r.SupportLowQualityLightmaps:1]]
[2021.11.14-21.14.32:808][  0]LogConfig: Setting CVar [[r.SupportPointLightWholeSceneShadows:1]]
[2021.11.14-21.14.32:808][  0]LogConfig: Setting CVar [[r.SupportAtmosphericFog:1]]
[2021.11.14-21.14.32:809][  0]LogConfig: Setting CVar [[r.SupportSkyAtmosphere:1]]
[2021.11.14-21.14.32:809][  0]LogConfig: Setting CVar [[r.SupportSkyAtmosphereAffectsHeightFog:0]]
[2021.11.14-21.14.32:809][  0]LogConfig: Setting CVar [[r.SkinCache.CompileShaders:0]]
[2021.11.14-21.14.32:810][  0]LogConfig: Setting CVar [[r.SkinCache.DefaultBehavior:1]]
[2021.11.14-21.14.32:810][  0]LogConfig: Setting CVar [[r.SkinCache.SceneMemoryLimitInMB:128.000000]]
[2021.11.14-21.14.32:811][  0]LogConfig: Setting CVar [[r.Mobile.EnableStaticAndCSMShadowReceivers:1]]
[2021.11.14-21.14.32:811][  0]LogConfig: Setting CVar [[r.Mobile.EnableMovableLightCSMShaderCulling:1]]
[2021.11.14-21.14.32:811][  0]LogConfig: Setting CVar [[r.Mobile.AllowDistanceFieldShadows:1]]
[2021.11.14-21.14.32:812][  0]LogConfig: Setting CVar [[r.Mobile.AllowMovableDirectionalLights:1]]
[2021.11.14-21.14.32:812][  0]LogConfig: Setting CVar [[r.MobileNumDynamicPointLights:4]]
[2021.11.14-21.14.32:812][  0]LogConfig: Setting CVar [[r.MobileDynamicPointLightsUseStaticBranch:1]]
[2021.11.14-21.14.32:813][  0]LogConfig: Setting CVar [[r.Mobile.EnableMovableSpotlights:0]]
[2021.11.14-21.14.32:816][  0]LogConfig: Setting CVar [[r.Mobile.EnableMovableSpotlightsShadow:0]]
[2021.11.14-21.14.32:816][  0]LogConfig: Setting CVar [[r.GPUSkin.Support16BitBoneIndex:0]]
[2021.11.14-21.14.32:821][  0]LogConfig: Setting CVar [[r.GPUSkin.Limit2BoneInfluences:0]]
[2021.11.14-21.14.32:822][  0]LogConfig: Setting CVar [[r.SupportDepthOnlyIndexBuffers:1]]
[2021.11.14-21.14.32:823][  0]LogConfig: Setting CVar [[r.SupportReversedIndexBuffers:1]]
[2021.11.14-21.14.32:823][  0]LogConfig: Setting CVar [[r.LightPropagationVolume:0]]
[2021.11.14-21.14.32:824][  0]LogConfig: Setting CVar [[r.Mobile.AmbientOcclusion:0]]
[2021.11.14-21.14.32:824][  0]LogConfig: Setting CVar [[r.GPUSkin.UnlimitedBoneInfluences:0]]
[2021.11.14-21.14.32:825][  0]LogConfig: Setting CVar [[r.GPUSkin.UnlimitedBoneInfluencesThreshold:8]]
[2021.11.14-21.14.32:826][  0]LogConfig: Setting CVar [[r.Mobile.PlanarReflectionMode:0]]
[2021.11.14-21.14.32:826][  0]LogConfig: Setting CVar [[r.Mobile.SupportsGen4TAA:0]]
[2021.11.14-21.14.32:827][  0]LogConfig: Applying CVar settings from Section [/Script/Engine.RendererOverrideSettings] File [../../../FamilyReunionDinner2/Saved/Config/WindowsServer/Engine.ini]
[2021.11.14-21.14.32:827][  0]LogConfig: Applying CVar settings from Section [/Script/Engine.StreamingSettings] File [../../../FamilyReunionDinner2/Saved/Config/WindowsServer/Engine.ini]
[2021.11.14-21.14.32:828][  0]LogConfig: Setting CVar [[s.MinBulkDataSizeForAsyncLoading:131072]]
[2021.11.14-21.14.32:830][  0]LogConfig: Setting CVar [[s.AsyncLoadingThreadEnabled:0]]
[2021.11.14-21.14.32:831][  0]LogConfig: Setting CVar [[s.EventDrivenLoaderEnabled:1]]
[2021.11.14-21.14.32:832][  0]LogConfig: Setting CVar [[s.WarnIfTimeLimitExceeded:0]]
[2021.11.14-21.14.32:833][  0]LogConfig: Setting CVar [[s.TimeLimitExceededMultiplier:1.5]]
[2021.11.14-21.14.32:837][  0]LogConfig: Setting CVar [[s.TimeLimitExceededMinTime:0.005]]
[2021.11.14-21.14.32:837][  0]LogConfig: Setting CVar [[s.UseBackgroundLevelStreaming:1]]
[2021.11.14-21.14.32:838][  0]LogConfig: Setting CVar [[s.PriorityAsyncLoadingExtraTime:15.0]]
[2021.11.14-21.14.32:838][  0]LogConfig: Setting CVar [[s.LevelStreamingActorsUpdateTimeLimit:5.0]]
[2021.11.14-21.14.32:839][  0]LogConfig: Setting CVar [[s.PriorityLevelStreamingActorsUpdateExtraTime:5.0]]
[2021.11.14-21.14.32:839][  0]LogConfig: Setting CVar [[s.LevelStreamingComponentsRegistrationGranularity:10]]
[2021.11.14-21.14.32:840][  0]LogConfig: Setting CVar [[s.UnregisterComponentsTimeLimit:1.0]]
[2021.11.14-21.14.32:840][  0]LogConfig: Setting CVar [[s.LevelStreamingComponentsUnregistrationGranularity:5]]
[2021.11.14-21.14.32:841][  0]LogConfig: Setting CVar [[s.FlushStreamingOnExit:1]]
[2021.11.14-21.14.32:841][  0]LogConfig: Applying CVar settings from Section [/Script/Engine.GarbageCollectionSettings] File [../../../FamilyReunionDinner2/Saved/Config/WindowsServer/Engine.ini]
[2021.11.14-21.14.32:841][  0]LogConfig: Setting CVar [[gc.MaxObjectsNotConsideredByGC:1]]
[2021.11.14-21.14.32:842][  0]LogConfig: Setting CVar [[gc.SizeOfPermanentObjectPool:0]]
[2021.11.14-21.14.32:842][  0]LogConfig: Setting CVar [[gc.FlushStreamingOnGC:0]]
[2021.11.14-21.14.32:843][  0]LogConfig: Setting CVar [[gc.NumRetriesBeforeForcingGC:10]]
[2021.11.14-21.14.32:843][  0]LogConfig: Setting CVar [[gc.AllowParallelGC:1]]
[2021.11.14-21.14.32:843][  0]LogConfig: Setting CVar [[gc.TimeBetweenPurgingPendingKillObjects:61.1]]
[2021.11.14-21.14.32:844][  0]LogConfig: Setting CVar [[gc.MaxObjectsInEditor:25165824]]
[2021.11.14-21.14.32:847][  0]LogConfig: Setting CVar [[gc.IncrementalBeginDestroyEnabled:1]]
[2021.11.14-21.14.32:848][  0]LogConfig: Setting CVar [[gc.CreateGCClusters:1]]
[2021.11.14-21.14.32:848][  0]LogConfig: Setting CVar [[gc.MinGCClusterSize:5]]
[2021.11.14-21.14.32:849][  0]LogConfig: Setting CVar [[gc.ActorClusteringEnabled:0]]
[2021.11.14-21.14.32:849][  0]LogConfig: Setting CVar [[gc.BlueprintClusteringEnabled:0]]
[2021.11.14-21.14.32:850][  0]LogConfig: Setting CVar [[gc.UseDisregardForGCOnDedicatedServers:0]]
[2021.11.14-21.14.32:854][  0]LogConfig: Setting CVar [[gc.MultithreadedDestructionEnabled:1]]
[2021.11.14-21.14.32:855][  0]LogConfig: Applying CVar settings from Section [/Script/Engine.NetworkSettings] File [../../../FamilyReunionDinner2/Saved/Config/WindowsServer/Engine.ini]
[2021.11.14-21.14.32:856][  0]LogConfig: Applying CVar settings from Section [ViewDistanceQuality@3] File [../../../FamilyReunionDinner2/Saved/Config/WindowsServer/Scalability.ini]
[2021.11.14-21.14.32:857][  0]LogConfig: Setting CVar [[r.SkeletalMeshLODBias:0]]
[2021.11.14-21.14.32:857][  0]LogConfig: Setting CVar [[r.ViewDistanceScale:1.0]]
[2021.11.14-21.14.32:858][  0]LogConfig: Applying CVar settings from Section [AntiAliasingQuality@3] File [../../../FamilyReunionDinner2/Saved/Config/WindowsServer/Scalability.ini]
[2021.11.14-21.14.32:858][  0]LogConfig: Setting CVar [[r.PostProcessAAQuality:4]]
[2021.11.14-21.14.32:859][  0]LogConfig: Applying CVar settings from Section [ShadowQuality@3] File [../../../FamilyReunionDinner2/Saved/Config/WindowsServer/Scalability.ini]
[2021.11.14-21.14.32:862][  0]LogConfig: Setting CVar [[r.LightFunctionQuality:1]]
[2021.11.14-21.14.32:863][  0]LogConfig: Setting CVar [[r.ShadowQuality:5]]
[2021.11.14-21.14.32:864][  0]LogConfig: Setting CVar [[r.Shadow.CSM.MaxCascades:10]]
[2021.11.14-21.14.32:864][  0]LogConfig: Setting CVar [[r.Shadow.MaxResolution:2048]]
[2021.11.14-21.14.32:865][  0]LogConfig: Setting CVar [[r.Shadow.MaxCSMResolution:2048]]
[2021.11.14-21.14.32:865][  0]LogConfig: Setting CVar [[r.Shadow.RadiusThreshold:0.01]]
[2021.11.14-21.14.32:866][  0]LogConfig: Setting CVar [[r.Shadow.DistanceScale:1.0]]
[2021.11.14-21.14.32:866][  0]LogConfig: Setting CVar [[r.Shadow.CSM.TransitionScale:1.0]]
[2021.11.14-21.14.32:871][  0]LogConfig: Setting CVar [[r.Shadow.PreShadowResolutionFactor:1.0]]
[2021.11.14-21.14.32:871][  0]LogConfig: Setting CVar [[r.DistanceFieldShadowing:1]]
[2021.11.14-21.14.32:872][  0]LogConfig: Setting CVar [[r.DistanceFieldAO:1]]
[2021.11.14-21.14.32:872][  0]LogConfig: Setting CVar [[r.AOQuality:2]]
[2021.11.14-21.14.32:872][  0]LogConfig: Setting CVar [[r.VolumetricFog:1]]
[2021.11.14-21.14.32:873][  0]LogConfig: Setting CVar [[r.VolumetricFog.GridPixelSize:8]]
[2021.11.14-21.14.32:873][  0]LogConfig: Setting CVar [[r.VolumetricFog.GridSizeZ:128]]
[2021.11.14-21.14.32:874][  0]LogConfig: Setting CVar [[r.VolumetricFog.HistoryMissSupersampleCount:4]]
[2021.11.14-21.14.32:876][  0]LogConfig: Setting CVar [[r.LightMaxDrawDistanceScale:1]]
[2021.11.14-21.14.32:876][  0]LogConfig: Setting CVar [[r.CapsuleShadows:1]]
[2021.11.14-21.14.32:878][  0]LogConfig: Applying CVar settings from Section [PostProcessQuality@3] File [../../../FamilyReunionDinner2/Saved/Config/WindowsServer/Scalability.ini]
[2021.11.14-21.14.32:878][  0]LogConfig: Setting CVar [[r.MotionBlurQuality:4]]
[2021.11.14-21.14.32:879][  0]LogConfig: Setting CVar [[r.AmbientOcclusionMipLevelFactor:0.4]]
[2021.11.14-21.14.32:879][  0]LogConfig: Setting CVar [[r.AmbientOcclusionMaxQuality:100]]
[2021.11.14-21.14.32:880][  0]LogConfig: Setting CVar [[r.AmbientOcclusionLevels:-1]]
[2021.11.14-21.14.32:880][  0]LogConfig: Setting CVar [[r.AmbientOcclusionRadiusScale:1.0]]
[2021.11.14-21.14.32:880][  0]LogConfig: Setting CVar [[r.DepthOfFieldQuality:2]]
[2021.11.14-21.14.32:881][  0]LogConfig: Setting CVar [[r.RenderTargetPoolMin:400]]
[2021.11.14-21.14.32:881][  0]LogConfig: Setting CVar [[r.LensFlareQuality:2]]
[2021.11.14-21.14.32:881][  0]LogConfig: Setting CVar [[r.SceneColorFringeQuality:1]]
[2021.11.14-21.14.32:882][  0]LogConfig: Setting CVar [[r.EyeAdaptationQuality:2]]
[2021.11.14-21.14.32:883][  0]LogConfig: Setting CVar [[r.BloomQuality:5]]
[2021.11.14-21.14.32:887][  0]LogConfig: Setting CVar [[r.FastBlurThreshold:100]]
[2021.11.14-21.14.32:888][  0]LogConfig: Setting CVar [[r.Upscale.Quality:3]]
[2021.11.14-21.14.32:888][  0]LogConfig: Setting CVar [[r.Tonemapper.GrainQuantization:1]]
[2021.11.14-21.14.32:888][  0]LogConfig: Setting CVar [[r.LightShaftQuality:1]]
[2021.11.14-21.14.32:889][  0]LogConfig: Setting CVar [[r.Filter.SizeScale:1]]
[2021.11.14-21.14.32:892][  0]LogConfig: Setting CVar [[r.Tonemapper.Quality:5]]
[2021.11.14-21.14.32:893][  0]LogConfig: Setting CVar [[r.DOF.Gather.AccumulatorQuality:1        ; higher gathering accumulator quality]]
[2021.11.14-21.14.32:894][  0]LogConfig: Setting CVar [[r.DOF.Gather.PostfilterMethod:1          ; Median3x3 postfilering method]]
[2021.11.14-21.14.32:894][  0]LogConfig: Setting CVar [[r.DOF.Gather.EnableBokehSettings:0       ; no bokeh simulation when gathering]]
[2021.11.14-21.14.32:895][  0]LogConfig: Setting CVar [[r.DOF.Gather.RingCount:4                 ; medium number of samples when gathering]]
[2021.11.14-21.14.32:895][  0]LogConfig: Setting CVar [[r.DOF.Scatter.ForegroundCompositing:1    ; additive foreground scattering]]
[2021.11.14-21.14.32:896][  0]LogConfig: Setting CVar [[r.DOF.Scatter.BackgroundCompositing:2    ; additive background scattering]]
[2021.11.14-21.14.32:896][  0]LogConfig: Setting CVar [[r.DOF.Scatter.EnableBokehSettings:1      ; bokeh simulation when scattering]]
[2021.11.14-21.14.32:897][  0]LogConfig: Setting CVar [[r.DOF.Scatter.MaxSpriteRatio:0.1         ; only a maximum of 10% of scattered bokeh]]
[2021.11.14-21.14.32:897][  0]LogConfig: Setting CVar [[r.DOF.Recombine.Quality:1                ; cheap slight out of focus]]
[2021.11.14-21.14.32:897][  0]LogConfig: Setting CVar [[r.DOF.Recombine.EnableBokehSettings:0    ; no bokeh simulation on slight out of focus]]
[2021.11.14-21.14.32:898][  0]LogConfig: Setting CVar [[r.DOF.TemporalAAQuality:1                ; more stable temporal accumulation]]
[2021.11.14-21.14.32:899][  0]LogConfig: Setting CVar [[r.DOF.Kernel.MaxForegroundRadius:0.025]]
[2021.11.14-21.14.32:899][  0]LogConfig: Setting CVar [[r.DOF.Kernel.MaxBackgroundRadius:0.025]]
[2021.11.14-21.14.32:900][  0]LogConfig: Applying CVar settings from Section [TextureQuality@3] File [../../../FamilyReunionDinner2/Saved/Config/WindowsServer/Scalability.ini]
[2021.11.14-21.14.32:904][  0]LogConfig: Setting CVar [[r.Streaming.MipBias:0]]
[2021.11.14-21.14.32:906][  0]LogConfig: Setting CVar [[r.Streaming.AmortizeCPUToGPUCopy:0]]
[2021.11.14-21.14.32:908][  0]LogConfig: Setting CVar [[r.Streaming.MaxNumTexturesToStreamPerFrame:0]]
[2021.11.14-21.14.32:908][  0]LogConfig: Setting CVar [[r.Streaming.Boost:1]]
[2021.11.14-21.14.32:909][  0]LogConfig: Setting CVar [[r.MaxAnisotropy:8]]
[2021.11.14-21.14.32:909][  0]LogConfig: Setting CVar [[r.VT.MaxAnisotropy:8]]
[2021.11.14-21.14.32:910][  0]LogConfig: Setting CVar [[r.Streaming.LimitPoolSizeToVRAM:0]]
[2021.11.14-21.14.32:910][  0]LogConfig: Setting CVar [[r.Streaming.PoolSize:1000]]
[2021.11.14-21.14.32:910][  0]LogConfig: Setting CVar [[r.Streaming.MaxEffectiveScreenSize:0]]
[2021.11.14-21.14.32:911][  0]LogConfig: Applying CVar settings from Section [EffectsQuality@3] File [../../../FamilyReunionDinner2/Saved/Config/WindowsServer/Scalability.ini]
[2021.11.14-21.14.32:911][  0]LogConfig: Setting CVar [[r.TranslucencyLightingVolumeDim:64]]
[2021.11.14-21.14.32:911][  0]LogConfig: Setting CVar [[r.RefractionQuality:2]]
[2021.11.14-21.14.32:912][  0]LogConfig: Setting CVar [[r.SSR.Quality:3]]
[2021.11.14-21.14.32:912][  0]LogConfig: Setting CVar [[r.SSR.HalfResSceneColor:0]]
[2021.11.14-21.14.32:913][  0]LogConfig: Setting CVar [[r.SceneColorFormat:4]]
[2021.11.14-21.14.32:913][  0]LogConfig: Setting CVar [[r.DetailMode:2]]
[2021.11.14-21.14.32:914][  0]LogConfig: Setting CVar [[r.TranslucencyVolumeBlur:1]]
[2021.11.14-21.14.32:914][  0]LogConfig: Setting CVar [[r.MaterialQualityLevel:1 ; High quality]]
[2021.11.14-21.14.32:915][  0]LogConfig: Setting CVar [[r.AnisotropicMaterials:1]]
[2021.11.14-21.14.32:915][  0]LogConfig: Setting CVar [[r.SSS.Scale:1]]
[2021.11.14-21.14.32:916][  0]LogConfig: Setting CVar [[r.SSS.SampleSet:2]]
[2021.11.14-21.14.32:916][  0]LogConfig: Setting CVar [[r.SSS.Quality:1]]
[2021.11.14-21.14.32:920][  0]LogConfig: Setting CVar [[r.SSS.HalfRes:0]]
[2021.11.14-21.14.32:923][  0]LogConfig: Setting CVar [[r.SSGI.Quality:3]]
[2021.11.14-21.14.32:923][  0]LogConfig: Setting CVar [[r.EmitterSpawnRateScale:1.0]]
[2021.11.14-21.14.32:924][  0]LogConfig: Setting CVar [[r.ParticleLightQuality:2]]
[2021.11.14-21.14.32:925][  0]LogConfig: Setting CVar [[r.SkyAtmosphere.AerialPerspectiveLUT.FastApplyOnOpaque:1 ; Always have FastSkyLUT 1 in this case to avoid wrong sky]]
[2021.11.14-21.14.32:925][  0]LogConfig: Setting CVar [[r.SkyAtmosphere.AerialPerspectiveLUT.SampleCountMaxPerSlice:4]]
[2021.11.14-21.14.32:926][  0]LogConfig: Setting CVar [[r.SkyAtmosphere.AerialPerspectiveLUT.DepthResolution:16.0]]
[2021.11.14-21.14.32:926][  0]LogConfig: Setting CVar [[r.SkyAtmosphere.FastSkyLUT:1]]
[2021.11.14-21.14.32:926][  0]LogConfig: Setting CVar [[r.SkyAtmosphere.FastSkyLUT.SampleCountMin:4.0]]
[2021.11.14-21.14.32:927][  0]LogConfig: Setting CVar [[r.SkyAtmosphere.FastSkyLUT.SampleCountMax:128.0]]
[2021.11.14-21.14.32:927][  0]LogConfig: Setting CVar [[r.SkyAtmosphere.SampleCountMin:4.0]]
[2021.11.14-21.14.32:927][  0]LogConfig: Setting CVar [[r.SkyAtmosphere.SampleCountMax:128.0]]
[2021.11.14-21.14.32:928][  0]LogConfig: Setting CVar [[r.SkyAtmosphere.TransmittanceLUT.UseSmallFormat:0]]
[2021.11.14-21.14.32:928][  0]LogConfig: Setting CVar [[r.SkyAtmosphere.TransmittanceLUT.SampleCount:10.0]]
[2021.11.14-21.14.32:929][  0]LogConfig: Setting CVar [[r.SkyAtmosphere.MultiScatteringLUT.SampleCount:15.0]]
[2021.11.14-21.14.32:929][  0]LogConfig: Setting CVar [[r.SkyLight.RealTimeReflectionCapture:1]]
[2021.11.14-21.14.32:929][  0]LogConfig: Setting CVar [[fx.Niagara.QualityLevel:3]]
[2021.11.14-21.14.32:930][  0]LogConfig: Applying CVar settings from Section [FoliageQuality@3] File [../../../FamilyReunionDinner2/Saved/Config/WindowsServer/Scalability.ini]
[2021.11.14-21.14.32:930][  0]LogConfig: Setting CVar [[foliage.DensityScale:1.0]]
[2021.11.14-21.14.32:931][  0]LogConfig: Setting CVar [[grass.DensityScale:1.0]]
[2021.11.14-21.14.32:931][  0]LogConfig: Applying CVar settings from Section [ShadingQuality@3] File [../../../FamilyReunionDinner2/Saved/Config/WindowsServer/Scalability.ini]
[2021.11.14-21.14.32:931][  0]LogConfig: Setting CVar [[r.HairStrands.SkyLighting.IntegrationType:2]]
[2021.11.14-21.14.32:932][  0]LogConfig: Setting CVar [[r.HairStrands.SkyAO.SampleCount:4]]
[2021.11.14-21.14.32:932][  0]LogConfig: Setting CVar [[r.HairStrands.Visibility.MSAA.SamplePerPixel:4]]
[2021.11.14-21.14.32:933][  0]LogInit: Selected Device Profile: [WindowsServer]
[2021.11.14-21.14.32:933][  0]LogInit: Applying CVar settings loaded from the selected device profile: [WindowsServer]
[2021.11.14-21.14.32:937][  0]LogHAL: Display: Platform has ~ 32 GB [34145370112 / 34359738368 / 32], which maps to Largest [LargestMinGB=32, LargerMinGB=12, DefaultMinGB=8, SmallerMinGB=6, SmallestMinGB=0)
[2021.11.14-21.14.32:941][  0]LogInit: Going up to parent DeviceProfile [Windows]
[2021.11.14-21.14.32:941][  0]LogInit: Going up to parent DeviceProfile []
[2021.11.14-21.14.32:942][  0]LogConfig: Applying CVar settings from Section [ViewDistanceQuality@3] File [../../../FamilyReunionDinner2/Saved/Config/WindowsServer/Scalability.ini]
[2021.11.14-21.14.32:942][  0]LogConfig: Setting CVar [[r.SkeletalMeshLODBias:0]]
[2021.11.14-21.14.32:944][  0]LogConfig: Setting CVar [[r.ViewDistanceScale:1.0]]
[2021.11.14-21.14.32:944][  0]LogConfig: Applying CVar settings from Section [AntiAliasingQuality@3] File [../../../FamilyReunionDinner2/Saved/Config/WindowsServer/Scalability.ini]
[2021.11.14-21.14.32:945][  0]LogConfig: Setting CVar [[r.PostProcessAAQuality:4]]
[2021.11.14-21.14.32:945][  0]LogConfig: Applying CVar settings from Section [ShadowQuality@3] File [../../../FamilyReunionDinner2/Saved/Config/WindowsServer/Scalability.ini]
[2021.11.14-21.14.32:946][  0]LogConfig: Setting CVar [[r.LightFunctionQuality:1]]
[2021.11.14-21.14.32:946][  0]LogConfig: Setting CVar [[r.ShadowQuality:5]]
[2021.11.14-21.14.32:946][  0]LogConfig: Setting CVar [[r.Shadow.CSM.MaxCascades:10]]
[2021.11.14-21.14.32:947][  0]LogConfig: Setting CVar [[r.Shadow.MaxResolution:2048]]
[2021.11.14-21.14.32:947][  0]LogConfig: Setting CVar [[r.Shadow.MaxCSMResolution:2048]]
[2021.11.14-21.14.32:947][  0]LogConfig: Setting CVar [[r.Shadow.RadiusThreshold:0.01]]
[2021.11.14-21.14.32:948][  0]LogConfig: Setting CVar [[r.Shadow.DistanceScale:1.0]]
[2021.11.14-21.14.32:948][  0]LogConfig: Setting CVar [[r.Shadow.CSM.TransitionScale:1.0]]
[2021.11.14-21.14.32:948][  0]LogConfig: Setting CVar [[r.Shadow.PreShadowResolutionFactor:1.0]]
[2021.11.14-21.14.32:949][  0]LogConfig: Setting CVar [[r.DistanceFieldShadowing:1]]
[2021.11.14-21.14.32:950][  0]LogConfig: Setting CVar [[r.DistanceFieldAO:1]]
[2021.11.14-21.14.32:954][  0]LogConfig: Setting CVar [[r.AOQuality:2]]
[2021.11.14-21.14.32:954][  0]LogConfig: Setting CVar [[r.VolumetricFog:1]]
[2021.11.14-21.14.32:956][  0]LogConfig: Setting CVar [[r.VolumetricFog.GridPixelSize:8]]
[2021.11.14-21.14.32:956][  0]LogConfig: Setting CVar [[r.VolumetricFog.GridSizeZ:128]]
[2021.11.14-21.14.32:957][  0]LogConfig: Setting CVar [[r.VolumetricFog.HistoryMissSupersampleCount:4]]
[2021.11.14-21.14.32:957][  0]LogConfig: Setting CVar [[r.LightMaxDrawDistanceScale:1]]
[2021.11.14-21.14.32:958][  0]LogConfig: Setting CVar [[r.CapsuleShadows:1]]
[2021.11.14-21.14.32:958][  0]LogConfig: Applying CVar settings from Section [PostProcessQuality@3] File [../../../FamilyReunionDinner2/Saved/Config/WindowsServer/Scalability.ini]
[2021.11.14-21.14.32:959][  0]LogConfig: Setting CVar [[r.MotionBlurQuality:4]]
[2021.11.14-21.14.32:959][  0]LogConfig: Setting CVar [[r.AmbientOcclusionMipLevelFactor:0.4]]
[2021.11.14-21.14.32:960][  0]LogConfig: Setting CVar [[r.AmbientOcclusionMaxQuality:100]]
[2021.11.14-21.14.32:960][  0]LogConfig: Setting CVar [[r.AmbientOcclusionLevels:-1]]
[2021.11.14-21.14.32:960][  0]LogConfig: Setting CVar [[r.AmbientOcclusionRadiusScale:1.0]]
[2021.11.14-21.14.32:961][  0]LogConfig: Setting CVar [[r.DepthOfFieldQuality:2]]
[2021.11.14-21.14.32:961][  0]LogConfig: Setting CVar [[r.RenderTargetPoolMin:400]]
[2021.11.14-21.14.32:962][  0]LogConfig: Setting CVar [[r.LensFlareQuality:2]]
[2021.11.14-21.14.32:962][  0]LogConfig: Setting CVar [[r.SceneColorFringeQuality:1]]
[2021.11.14-21.14.32:962][  0]LogConfig: Setting CVar [[r.EyeAdaptationQuality:2]]
[2021.11.14-21.14.32:963][  0]LogConfig: Setting CVar [[r.BloomQuality:5]]
[2021.11.14-21.14.32:963][  0]LogConfig: Setting CVar [[r.FastBlurThreshold:100]]
[2021.11.14-21.14.32:963][  0]LogConfig: Setting CVar [[r.Upscale.Quality:3]]
[2021.11.14-21.14.32:964][  0]LogConfig: Setting CVar [[r.Tonemapper.GrainQuantization:1]]
[2021.11.14-21.14.32:964][  0]LogConfig: Setting CVar [[r.LightShaftQuality:1]]
[2021.11.14-21.14.32:965][  0]LogConfig: Setting CVar [[r.Filter.SizeScale:1]]
[2021.11.14-21.14.32:968][  0]LogConfig: Setting CVar [[r.Tonemapper.Quality:5]]
[2021.11.14-21.14.32:969][  0]LogConfig: Setting CVar [[r.DOF.Gather.AccumulatorQuality:1        ; higher gathering accumulator quality]]
[2021.11.14-21.14.32:970][  0]LogConfig: Setting CVar [[r.DOF.Gather.PostfilterMethod:1          ; Median3x3 postfilering method]]
[2021.11.14-21.14.32:970][  0]LogConfig: Setting CVar [[r.DOF.Gather.EnableBokehSettings:0       ; no bokeh simulation when gathering]]
[2021.11.14-21.14.32:971][  0]LogConfig: Setting CVar [[r.DOF.Gather.RingCount:4                 ; medium number of samples when gathering]]
[2021.11.14-21.14.32:971][  0]LogConfig: Setting CVar [[r.DOF.Scatter.ForegroundCompositing:1    ; additive foreground scattering]]
[2021.11.14-21.14.32:972][  0]LogConfig: Setting CVar [[r.DOF.Scatter.BackgroundCompositing:2    ; additive background scattering]]
[2021.11.14-21.14.32:972][  0]LogConfig: Setting CVar [[r.DOF.Scatter.EnableBokehSettings:1      ; bokeh simulation when scattering]]
[2021.11.14-21.14.32:972][  0]LogConfig: Setting CVar [[r.DOF.Scatter.MaxSpriteRatio:0.1         ; only a maximum of 10% of scattered bokeh]]
[2021.11.14-21.14.32:973][  0]LogConfig: Setting CVar [[r.DOF.Recombine.Quality:1                ; cheap slight out of focus]]
[2021.11.14-21.14.32:973][  0]LogConfig: Setting CVar [[r.DOF.Recombine.EnableBokehSettings:0    ; no bokeh simulation on slight out of focus]]
[2021.11.14-21.14.32:973][  0]LogConfig: Setting CVar [[r.DOF.TemporalAAQuality:1                ; more stable temporal accumulation]]
[2021.11.14-21.14.32:974][  0]LogConfig: Setting CVar [[r.DOF.Kernel.MaxForegroundRadius:0.025]]
[2021.11.14-21.14.32:974][  0]LogConfig: Setting CVar [[r.DOF.Kernel.MaxBackgroundRadius:0.025]]
[2021.11.14-21.14.32:975][  0]LogConfig: Applying CVar settings from Section [TextureQuality@3] File [../../../FamilyReunionDinner2/Saved/Config/WindowsServer/Scalability.ini]
[2021.11.14-21.14.32:975][  0]LogConfig: Setting CVar [[r.Streaming.MipBias:0]]
[2021.11.14-21.14.32:975][  0]LogConfig: Setting CVar [[r.Streaming.AmortizeCPUToGPUCopy:0]]
[2021.11.14-21.14.32:976][  0]LogConfig: Setting CVar [[r.Streaming.MaxNumTexturesToStreamPerFrame:0]]
[2021.11.14-21.14.32:976][  0]LogConfig: Setting CVar [[r.Streaming.Boost:1]]
[2021.11.14-21.14.32:976][  0]LogConfig: Setting CVar [[r.MaxAnisotropy:8]]
[2021.11.14-21.14.32:977][  0]LogConfig: Setting CVar [[r.VT.MaxAnisotropy:8]]
[2021.11.14-21.14.32:977][  0]LogConfig: Setting CVar [[r.Streaming.LimitPoolSizeToVRAM:0]]
[2021.11.14-21.14.32:977][  0]LogConfig: Setting CVar [[r.Streaming.PoolSize:1000]]
[2021.11.14-21.14.32:978][  0]LogConfig: Setting CVar [[r.Streaming.MaxEffectiveScreenSize:0]]
[2021.11.14-21.14.32:978][  0]LogConfig: Applying CVar settings from Section [EffectsQuality@3] File [../../../FamilyReunionDinner2/Saved/Config/WindowsServer/Scalability.ini]
[2021.11.14-21.14.32:979][  0]LogConfig: Setting CVar [[r.TranslucencyLightingVolumeDim:64]]
[2021.11.14-21.14.32:979][  0]LogConfig: Setting CVar [[r.RefractionQuality:2]]
[2021.11.14-21.14.32:979][  0]LogConfig: Setting CVar [[r.SSR.Quality:3]]
[2021.11.14-21.14.32:980][  0]LogConfig: Setting CVar [[r.SSR.HalfResSceneColor:0]]
[2021.11.14-21.14.32:983][  0]LogConfig: Setting CVar [[r.SceneColorFormat:4]]
[2021.11.14-21.14.32:986][  0]LogConfig: Setting CVar [[r.DetailMode:2]]
[2021.11.14-21.14.32:986][  0]LogConfig: Setting CVar [[r.TranslucencyVolumeBlur:1]]
[2021.11.14-21.14.32:987][  0]LogConfig: Setting CVar [[r.MaterialQualityLevel:1 ; High quality]]
[2021.11.14-21.14.32:987][  0]LogConfig: Setting CVar [[r.AnisotropicMaterials:1]]
[2021.11.14-21.14.32:987][  0]LogConfig: Setting CVar [[r.SSS.Scale:1]]
[2021.11.14-21.14.32:988][  0]LogConfig: Setting CVar [[r.SSS.SampleSet:2]]
[2021.11.14-21.14.32:988][  0]LogConfig: Setting CVar [[r.SSS.Quality:1]]
[2021.11.14-21.14.32:989][  0]LogConfig: Setting CVar [[r.SSS.HalfRes:0]]
[2021.11.14-21.14.32:989][  0]LogConfig: Setting CVar [[r.SSGI.Quality:3]]
[2021.11.14-21.14.32:989][  0]LogConfig: Setting CVar [[r.EmitterSpawnRateScale:1.0]]
[2021.11.14-21.14.32:990][  0]LogConfig: Setting CVar [[r.ParticleLightQuality:2]]
[2021.11.14-21.14.32:990][  0]LogConfig: Setting CVar [[r.SkyAtmosphere.AerialPerspectiveLUT.FastApplyOnOpaque:1 ; Always have FastSkyLUT 1 in this case to avoid wrong sky]]
[2021.11.14-21.14.32:990][  0]LogConfig: Setting CVar [[r.SkyAtmosphere.AerialPerspectiveLUT.SampleCountMaxPerSlice:4]]
[2021.11.14-21.14.32:991][  0]LogConfig: Setting CVar [[r.SkyAtmosphere.AerialPerspectiveLUT.DepthResolution:16.0]]
[2021.11.14-21.14.32:991][  0]LogConfig: Setting CVar [[r.SkyAtmosphere.FastSkyLUT:1]]
[2021.11.14-21.14.32:992][  0]LogConfig: Setting CVar [[r.SkyAtmosphere.FastSkyLUT.SampleCountMin:4.0]]
[2021.11.14-21.14.32:992][  0]LogConfig: Setting CVar [[r.SkyAtmosphere.FastSkyLUT.SampleCountMax:128.0]]
[2021.11.14-21.14.32:992][  0]LogConfig: Setting CVar [[r.SkyAtmosphere.SampleCountMin:4.0]]
[2021.11.14-21.14.32:993][  0]LogConfig: Setting CVar [[r.SkyAtmosphere.SampleCountMax:128.0]]
[2021.11.14-21.14.32:993][  0]LogConfig: Setting CVar [[r.SkyAtmosphere.TransmittanceLUT.UseSmallFormat:0]]
[2021.11.14-21.14.32:994][  0]LogConfig: Setting CVar [[r.SkyAtmosphere.TransmittanceLUT.SampleCount:10.0]]
[2021.11.14-21.14.32:994][  0]LogConfig: Setting CVar [[r.SkyAtmosphere.MultiScatteringLUT.SampleCount:15.0]]
[2021.11.14-21.14.32:994][  0]LogConfig: Setting CVar [[r.SkyLight.RealTimeReflectionCapture:1]]
[2021.11.14-21.14.32:995][  0]LogConfig: Setting CVar [[fx.Niagara.QualityLevel:3]]
[2021.11.14-21.14.32:995][  0]LogConfig: Applying CVar settings from Section [FoliageQuality@3] File [../../../FamilyReunionDinner2/Saved/Config/WindowsServer/Scalability.ini]
[2021.11.14-21.14.32:996][  0]LogConfig: Setting CVar [[foliage.DensityScale:1.0]]
[2021.11.14-21.14.32:999][  0]LogConfig: Setting CVar [[grass.DensityScale:1.0]]
[2021.11.14-21.14.33:000][  0]LogConfig: Applying CVar settings from Section [ShadingQuality@3] File [../../../FamilyReunionDinner2/Saved/Config/WindowsServer/Scalability.ini]
[2021.11.14-21.14.33:001][  0]LogConfig: Setting CVar [[r.HairStrands.SkyLighting.IntegrationType:2]]
[2021.11.14-21.14.33:002][  0]LogConfig: Setting CVar [[r.HairStrands.SkyAO.SampleCount:4]]
[2021.11.14-21.14.33:002][  0]LogConfig: Setting CVar [[r.HairStrands.Visibility.MSAA.SamplePerPixel:4]]
[2021.11.14-21.14.33:002][  0]LogConfig: Applying CVar settings from Section [Startup] File [../../../Engine/Config/ConsoleVariables.ini]
[2021.11.14-21.14.33:003][  0]LogConfig: Setting CVar [[net.UseAdaptiveNetUpdateFrequency:0]]
[2021.11.14-21.14.33:003][  0]LogConfig: Setting CVar [[p.chaos.AllowCreatePhysxBodies:1]]
[2021.11.14-21.14.33:004][  0]LogConfig: Setting CVar [[fx.SkipVectorVMBackendOptimizations:1]]
[2021.11.14-21.14.33:005][  0]LogConfig: Applying CVar settings from Section [ConsoleVariables] File [../../../FamilyReunionDinner2/Saved/Config/WindowsServer/Engine.ini]
[2021.11.14-21.14.33:005][  0]LogInit: Computer: DESKTOP-EEV8MES
[2021.11.14-21.14.33:005][  0]LogInit: User: sion9
[2021.11.14-21.14.33:006][  0]LogInit: CPU Page size=4096, Cores=6
[2021.11.14-21.14.33:006][  0]LogInit: High frequency timer resolution =10.000000 MHz
[2021.11.14-21.14.33:006][  0]LogMemory: Memory total: Physical=31.8GB (32GB approx)
[2021.11.14-21.14.33:007][  0]LogMemory: Platform Memory Stats for WindowsServer
[2021.11.14-21.14.33:007][  0]LogMemory: Process Physical Memory: 74.33 MB used, 74.34 MB peak
[2021.11.14-21.14.33:008][  0]LogMemory: Process Virtual Memory: 77.42 MB used, 77.42 MB peak
[2021.11.14-21.14.33:008][  0]LogMemory: Physical Memory: 15735.16 MB used,  16828.40 MB free, 32563.56 MB total
[2021.11.14-21.14.33:008][  0]LogMemory: Virtual Memory: 134202464.00 MB used,  15264.59 MB free, 134217728.00 MB total
[2021.11.14-21.14.33:284][  0]LogWindows: WindowsPlatformFeatures disabled or dedicated server build
[2021.11.14-21.14.33:354][  0]LogInit: Physics initialised using underlying interface: PhysX
[2021.11.14-21.14.33:354][  0]LogInit: Using OS detected language (en-US).
[2021.11.14-21.14.33:355][  0]LogInit: Using OS detected locale (en-US).
[2021.11.14-21.14.33:359][  0]LogTextLocalizationManager: No specific localization for 'en-US' exists, so the 'en' localization will be used.
[2021.11.14-21.14.33:381][  0]LogRendererCore: Ray tracing is disabled. Reason: r.RayTracing=0.
[2021.11.14-21.14.33:381][  0]LogODSC: ODSC Thread active.
[2021.11.14-21.14.33:387][  0]LogInit: Using OS detected language (en-US).
[2021.11.14-21.14.33:387][  0]LogInit: Using OS detected locale (en-US).
[2021.11.14-21.14.33:388][  0]LogTextLocalizationManager: No localization for 'en-US' exists, so 'en' will be used for the language.
[2021.11.14-21.14.33:391][  0]LogTextLocalizationManager: No localization for 'en-US' exists, so 'en' will be used for the locale.
[2021.11.14-21.14.33:392][  0]LogTextLocalizationManager: Compacting localization data took   0.56ms
[2021.11.14-21.14.33:392][  0]LogAssetRegistry: FAssetRegistry took 0.0007 seconds to start up
[2021.11.14-21.14.33:457][  0]LogStreaming: Display: FlushAsyncLoading: 1 QueuedPackages, 0 AsyncPackages
[2021.11.14-21.14.33:457][  0]LogPackageLocalizationCache: Processed 26 localized package path(s) for 1 prioritized culture(s) in 0.000090 seconds
[2021.11.14-21.14.33:458][  0]LogPakFile: New pak file ../../../FamilyReunionDinner2/Content/Paks/FamilyReunionDinner2-WindowsServer.pak added to pak precacher.
[2021.11.14-21.14.33:464][  0]LogInit: Selected Device Profile: [WindowsServer]
[2021.11.14-21.14.33:465][  0]LogInit: Active device profile: [000002712C740A00][0000027128A2DB70 49] WindowsServer
[2021.11.14-21.14.33:465][  0]LogInit: Profiles: [000002712C740B80][000002712AD96DC0 49] Windows, [000002712C740A00][0000027128A2DB70 49] WindowsServer, 
[2021.11.14-21.14.33:474][  0]LogSerialization: Display: AllowBulkDataInIoStore: 'true'
[2021.11.14-21.14.33:480][  0]LogNetVersion: FamilyReunionDinner2 1.0.0, NetCL: 0, EngineNetVer: 17, GameNetVer: 0 (Checksum: 2045832996)
[2021.11.14-21.14.33:504][  0]LogAudioCaptureCore: Display: No Audio Capture implementations found. Audio input will be silent.
[2021.11.14-21.14.33:504][  0]LogAudioCaptureCore: Display: No Audio Capture implementations found. Audio input will be silent.
[2021.11.14-21.14.33:505][  0]LogHMD: PokeAHoleMaterial loaded successfully
[2021.11.14-21.14.33:528][  0]LogUObjectArray: 15845 objects as part of root set at end of initial load.
[2021.11.14-21.14.33:528][  0]LogUObjectAllocator: 3253272 out of 0 bytes used by permanent object pool.
[2021.11.14-21.14.33:529][  0]LogUObjectArray: CloseDisregardForGC: 15845/0 objects in disregard for GC pool
[2021.11.14-21.14.33:538][  0]LogNiagaraDebuggerClient: Niagara Debugger Client Initialized | Session: 4ED3B5EF4DE5AAEBA17470AFD9F2CC7A | Instance: E455012B4225DA587F6D38A200B58739 (DESKTOP-EEV8MES-22984).
[2021.11.14-21.14.33:539][  0]LogAndroidPermission: UAndroidPermissionCallbackProxy::GetInstance
[2021.11.14-21.14.33:540][  0]LogOcInput: OculusInput pre-init called
[2021.11.14-21.14.33:541][  0]LogEngine: Initializing Engine...
[2021.11.14-21.14.33:544][  0]LogStats: UGameplayTagsManager::InitializeManager -  0.000 s
[2021.11.14-21.14.33:548][  0]LogInit: Initializing FReadOnlyCVARCache
[2021.11.14-21.14.33:549][  0]LogNetVersion: Set ProjectVersion to 1.0.0.0. Version Checksum will be recalculated on next use.
[2021.11.14-21.14.33:550][  0]LogInit: Texture streaming: Disabled
[2021.11.14-21.14.33:553][  0]LogInit: Display: Game Engine Initialized.
[2021.11.14-21.14.33:554][  0]LogInit: Display: Starting Game.
[2021.11.14-21.14.33:554][  0]LogNet: Browse: /Game/FirstPersonCPP/Maps/FirstPersonExampleMap?Name=Player
[2021.11.14-21.14.33:555][  0]LogLoad: LoadMap: /Game/FirstPersonCPP/Maps/FirstPersonExampleMap?Name=Player
[2021.11.14-21.14.33:556][  0]LogWorld: BeginTearingDown for /Temp/Untitled_0
[2021.11.14-21.14.33:559][  0]LogWorld: UWorld::CleanupWorld for Untitled, bSessionEnded=true, bCleanupResources=true
[2021.11.14-21.14.33:561][  0]LogUObjectHash: Compacting FUObjectHashTables data took   0.58ms
[2021.11.14-21.14.33:580][  0]LogAIModule: Creating AISystem for world FirstPersonExampleMap
[2021.11.14-21.14.33:580][  0]LogLoad: Game class is 'FamilyReunionDinner2GameMode'
[2021.11.14-21.14.33:581][  0]LogNet: ReplicationDriverClass is null! Not using ReplicationDriver.
[2021.11.14-21.14.33:584][  0]LogNetCore: DDoS detection status: detection enabled: 0 analytics enabled: 0
[2021.11.14-21.14.33:586][  0]LogInit: WinSock: Socket queue. Rx: 131072 (config 131072) Tx: 131072 (config 131072)
[2021.11.14-21.14.33:587][  0]LogNet: Created socket for bind address: 0.0.0.0 on port 7777
[2021.11.14-21.14.33:591][  0]PacketHandlerLog: Loaded PacketHandler component: Engine.EngineHandlerComponentFactory (StatelessConnectHandlerComponent)
[2021.11.14-21.14.33:592][  0]LogNet: GameNetDriver IpNetDriver_2147482567 IpNetDriver listening on port 7777
[2021.11.14-21.14.33:596][  0]LogWorld: Bringing World /Game/FirstPersonCPP/Maps/FirstPersonExampleMap.FirstPersonExampleMap up for play (max tick rate 30) at 2021.11.14-16.14.33
[2021.11.14-21.14.33:596][  0]LogWorld: Bringing up level for play took: 0.003867
[2021.11.14-21.14.33:597][  0]LogLoad: Took 0.042063 seconds to LoadMap(/Game/FirstPersonCPP/Maps/FirstPersonExampleMap)
[2021.11.14-21.14.33:597][  0]LogPakFile: AllPaks IndexSizes: DirectoryHashSize=203272, PathHashSize=16, EntriesSize=32752, TotalSize=236040
[2021.11.14-21.14.33:598][  0]LogInit: Display: Engine is initialized. Leaving FEngineLoop::Init()
[2021.11.14-21.14.33:598][  0]LogLoad: (Engine Initialization) Total time: 3.39 seconds
